---------------------------------------------------------------
[ 2019-09-03T09:08:56+08:00 ] 172.26.2.167 GET local.hqy.com/v1/index/index.html
[运行时间：0.300306s] [吞吐率：3.33req/s] [内存消耗：1,288.95kb] [文件加载：44]
[ info ] [ LANG ] /opt/web/hqy/thinkphp/lang/zh-cn.php
[ info ] [ ROUTE ] array (
  'type' => 'module',
  'module' => 
  array (
    0 => 'v1',
    1 => 'index',
    2 => 'index',
  ),
)
[ info ] [ HEADER ] array (
  'accept-language' => 'zh-CN,zh;q=0.9',
  'accept-encoding' => 'gzip, deflate',
  'accept' => 'text/html,application/xhtml+xml,application/xml;q=0.9,image/webp,image/apng,*/*;q=0.8',
  'user-agent' => 'Mozilla/5.0 (Windows NT 6.1; WOW64) AppleWebKit/537.36 (KHTML, like Gecko) Chrome/65.0.3325.181 Safari/537.36',
  'upgrade-insecure-requests' => '1',
  'connection' => 'keep-alive',
  'host' => 'local.hqy.com',
  'content-type' => '',
  'content-length' => '',
)
[ info ] [ PARAM ] array (
)
[ info ] [ SESSION ] INIT array (
  'id' => '',
  'var_session_id' => '',
  'prefix' => 'think',
  'type' => '',
  'auto_start' => true,
)
[ info ] [ LOG ] INIT File
---------------------------------------------------------------
[ 2019-09-03T09:08:56+08:00 ] 172.26.2.167 GET local.hqy.com/v1/login/index.html
[运行时间：0.319511s] [吞吐率：3.13req/s] [内存消耗：1,411.02kb] [文件加载：44]
[ info ] [ LANG ] /opt/web/hqy/thinkphp/lang/zh-cn.php
[ info ] [ ROUTE ] array (
  'type' => 'module',
  'module' => 
  array (
    0 => 'v1',
    1 => 'login',
    2 => 'index',
  ),
)
[ info ] [ HEADER ] array (
  'cookie' => 'PHPSESSID=cgc1f6v1aijj2rvrhlrq5h91vl',
  'accept-language' => 'zh-CN,zh;q=0.9',
  'accept-encoding' => 'gzip, deflate',
  'accept' => 'text/html,application/xhtml+xml,application/xml;q=0.9,image/webp,image/apng,*/*;q=0.8',
  'user-agent' => 'Mozilla/5.0 (Windows NT 6.1; WOW64) AppleWebKit/537.36 (KHTML, like Gecko) Chrome/65.0.3325.181 Safari/537.36',
  'upgrade-insecure-requests' => '1',
  'connection' => 'keep-alive',
  'host' => 'local.hqy.com',
  'content-type' => '',
  'content-length' => '',
)
[ info ] [ PARAM ] array (
)
[ info ] [ RUN ] app\v1\controller\Login->index[ /opt/web/hqy/application/v1/controller/Login.php ]
[ info ] [ VIEW ] /opt/web/hqy/public/../application/v1/view/login/index.html [ array (
) ]
[ info ] [ LOG ] INIT File
---------------------------------------------------------------
[ 2019-09-03T09:08:57+08:00 ] 172.26.2.167 GET local.hqy.com/static/assets/img/favicon.ico
[运行时间：0.154058s] [吞吐率：6.49req/s] [内存消耗：1,025.10kb] [文件加载：36]
[ info ] [ LANG ] /opt/web/hqy/thinkphp/lang/zh-cn.php
[ info ] [ ROUTE ] array (
  'type' => 'module',
  'module' => 
  array (
    0 => 'static',
    1 => 'assets',
    2 => 'img',
  ),
)
[ info ] [ HEADER ] array (
  'cookie' => 'PHPSESSID=cgc1f6v1aijj2rvrhlrq5h91vl',
  'accept-language' => 'zh-CN,zh;q=0.9',
  'accept-encoding' => 'gzip, deflate',
  'referer' => 'http://local.hqy.com/v1/login/index.html',
  'accept' => 'image/webp,image/apng,image/*,*/*;q=0.8',
  'user-agent' => 'Mozilla/5.0 (Windows NT 6.1; WOW64) AppleWebKit/537.36 (KHTML, like Gecko) Chrome/65.0.3325.181 Safari/537.36',
  'connection' => 'keep-alive',
  'host' => 'local.hqy.com',
  'content-type' => '',
  'content-length' => '',
)
[ info ] [ PARAM ] array (
)
[ info ] [ LOG ] INIT File
---------------------------------------------------------------
[ 2019-09-03T09:09:06+08:00 ] 172.26.2.167 POST local.hqy.com/v1/login/check.html
[运行时间：0.823398s] [吞吐率：1.21req/s] [内存消耗：2,468.79kb] [文件加载：57]
[ info ] [ LANG ] /opt/web/hqy/thinkphp/lang/zh-cn.php
[ info ] [ ROUTE ] array (
  'type' => 'module',
  'module' => 
  array (
    0 => 'v1',
    1 => 'login',
    2 => 'check',
  ),
)
[ info ] [ HEADER ] array (
  'cookie' => 'PHPSESSID=cgc1f6v1aijj2rvrhlrq5h91vl',
  'accept-language' => 'zh-CN,zh;q=0.9',
  'accept-encoding' => 'gzip, deflate',
  'referer' => 'http://local.hqy.com/v1/login/index.html',
  'content-type' => 'application/x-www-form-urlencoded; charset=UTF-8',
  'user-agent' => 'Mozilla/5.0 (Windows NT 6.1; WOW64) AppleWebKit/537.36 (KHTML, like Gecko) Chrome/65.0.3325.181 Safari/537.36',
  'x-requested-with' => 'XMLHttpRequest',
  'origin' => 'http://local.hqy.com',
  'accept' => 'application/json, text/javascript, */*; q=0.01',
  'content-length' => '52',
  'connection' => 'keep-alive',
  'host' => 'local.hqy.com',
)
[ info ] [ PARAM ] array (
  'username' => '史玉龙',
  'password' => '065012',
)
[ info ] [ RUN ] app\v1\controller\Login->check[ /opt/web/hqy/application/v1/controller/Login.php ]
[ info ] [ CACHE ] INIT redis
[ info ] [ DB ] INIT mysql
[ info ] [ SESSION ] INIT array (
  'id' => '',
  'var_session_id' => '',
  'prefix' => 'think',
  'type' => '',
  'auto_start' => true,
)
[ info ] [ LOG ] INIT File
[ sql ] [ DB ] CONNECT:[ UseTime:0.101923s ] mysql:host=47.105.48.137;dbname=huiqiyun;charset=utf8
[ sql ] [ SQL ] SHOW COLUMNS FROM `h_admin` [ RunTime:0.076347s ]
[ sql ] [ SQL ] SELECT * FROM `h_admin` WHERE  `username` = '史玉龙'  AND `is_del` = 0 LIMIT 1 [ RunTime:0.089308s ]
---------------------------------------------------------------
[ 2019-09-03T09:09:06+08:00 ] 172.26.2.167 GET local.hqy.com/v1/index/index.html
[运行时间：0.462879s] [吞吐率：2.16req/s] [内存消耗：1,622.41kb] [文件加载：49]
[ info ] [ LANG ] /opt/web/hqy/thinkphp/lang/zh-cn.php
[ info ] [ ROUTE ] array (
  'type' => 'module',
  'module' => 
  array (
    0 => 'v1',
    1 => 'index',
    2 => 'index',
  ),
)
[ info ] [ HEADER ] array (
  'cookie' => 'PHPSESSID=cgc1f6v1aijj2rvrhlrq5h91vl',
  'accept-language' => 'zh-CN,zh;q=0.9',
  'accept-encoding' => 'gzip, deflate',
  'referer' => 'http://local.hqy.com/v1/login/index.html',
  'accept' => 'text/html,application/xhtml+xml,application/xml;q=0.9,image/webp,image/apng,*/*;q=0.8',
  'user-agent' => 'Mozilla/5.0 (Windows NT 6.1; WOW64) AppleWebKit/537.36 (KHTML, like Gecko) Chrome/65.0.3325.181 Safari/537.36',
  'upgrade-insecure-requests' => '1',
  'connection' => 'keep-alive',
  'host' => 'local.hqy.com',
  'content-type' => '',
  'content-length' => '',
)
[ info ] [ PARAM ] array (
)
[ info ] [ SESSION ] INIT array (
  'id' => '',
  'var_session_id' => '',
  'prefix' => 'think',
  'type' => '',
  'auto_start' => true,
)
[ info ] [ RUN ] app\v1\controller\Index->index[ /opt/web/hqy/application/v1/controller/Index.php ]
[ info ] [ CACHE ] INIT redis
[ info ] [ VIEW ] /opt/web/hqy/public/../application/v1/view/index/index.html [ array (
  0 => 'site',
  1 => 'config',
  2 => 'request',
  3 => 'userInfo',
  4 => 'adaptive',
) ]
[ info ] [ LOG ] INIT File
---------------------------------------------------------------
[ 2019-09-03T09:09:09+08:00 ] 172.26.2.167 GET local.hqy.com/v1/system/menu.html
[运行时间：1.020531s] [吞吐率：0.98req/s] [内存消耗：2,816.08kb] [文件加载：64]
[ info ] [ LANG ] /opt/web/hqy/thinkphp/lang/zh-cn.php
[ info ] [ ROUTE ] array (
  'type' => 'module',
  'module' => 
  array (
    0 => 'v1',
    1 => 'system',
    2 => 'menu',
  ),
)
[ info ] [ HEADER ] array (
  'cookie' => 'PHPSESSID=cgc1f6v1aijj2rvrhlrq5h91vl',
  'accept-language' => 'zh-CN,zh;q=0.9',
  'accept-encoding' => 'gzip, deflate',
  'referer' => 'http://local.hqy.com/v1/index/index.html',
  'accept' => 'text/html,application/xhtml+xml,application/xml;q=0.9,image/webp,image/apng,*/*;q=0.8',
  'user-agent' => 'Mozilla/5.0 (Windows NT 6.1; WOW64) AppleWebKit/537.36 (KHTML, like Gecko) Chrome/65.0.3325.181 Safari/537.36',
  'upgrade-insecure-requests' => '1',
  'connection' => 'keep-alive',
  'host' => 'local.hqy.com',
  'content-type' => '',
  'content-length' => '',
)
[ info ] [ PARAM ] array (
)
[ info ] [ SESSION ] INIT array (
  'id' => '',
  'var_session_id' => '',
  'prefix' => 'think',
  'type' => '',
  'auto_start' => true,
)
[ info ] [ RUN ] app\v1\controller\system->menu[ /opt/web/hqy/application/v1/controller/System.php ]
[ info ] [ CACHE ] INIT redis
[ info ] [ DB ] INIT mysql
[ info ] [ VIEW ] /opt/web/hqy/public/../application/v1/view/system/menu.html [ array (
  0 => 'site',
  1 => 'config',
  2 => 'request',
  3 => 'userInfo',
  4 => 'adaptive',
  5 => 'menuList',
  6 => 'status',
  7 => 'type',
  8 => 'data',
  9 => 'page',
) ]
[ info ] [ LOG ] INIT File
[ sql ] [ DB ] CONNECT:[ UseTime:0.123643s ] mysql:host=47.105.48.137;dbname=huiqiyun;charset=utf8
[ sql ] [ SQL ] SHOW COLUMNS FROM `h_menus` [ RunTime:0.081314s ]
[ sql ] [ SQL ] SELECT COUNT(*) AS tp_count FROM `h_menus` WHERE  `status` = 1 LIMIT 1 [ RunTime:0.081903s ]
[ sql ] [ SQL ] SELECT `id`,`type`,`pid`,`title`,`url`,`icon`,`weigh`,`status`,`createtime`,`remark` FROM `h_menus` WHERE  `status` = 1 ORDER BY `weigh` DESC LIMIT 0,20 [ RunTime:0.091822s ]
[ sql ] [ SQL ] SELECT * FROM `h_menus` ORDER BY `weigh` DESC [ RunTime:0.085486s ]
---------------------------------------------------------------
[ 2019-09-03T09:09:09+08:00 ] 172.26.2.167 GET local.hqy.com/static/assets/dist/font/6xK1dSBYKcSV-LCoeQqfX1RYOo3qPZ7nsDI.woff2
[运行时间：0.140172s] [吞吐率：7.13req/s] [内存消耗：1,026.27kb] [文件加载：36]
[ info ] [ LANG ] /opt/web/hqy/thinkphp/lang/zh-cn.php
[ info ] [ ROUTE ] array (
  'type' => 'module',
  'module' => 
  array (
    0 => 'static',
    1 => 'assets',
    2 => 'dist',
  ),
)
[ info ] [ HEADER ] array (
  'cookie' => 'PHPSESSID=cgc1f6v1aijj2rvrhlrq5h91vl',
  'accept-language' => 'zh-CN,zh;q=0.9',
  'accept-encoding' => 'gzip, deflate',
  'referer' => 'http://local.hqy.com/static/assets/dist/css/fontcss.css',
  'accept' => '*/*',
  'user-agent' => 'Mozilla/5.0 (Windows NT 6.1; WOW64) AppleWebKit/537.36 (KHTML, like Gecko) Chrome/65.0.3325.181 Safari/537.36',
  'origin' => 'http://local.hqy.com',
  'connection' => 'keep-alive',
  'host' => 'local.hqy.com',
  'content-type' => '',
  'content-length' => '',
)
[ info ] [ PARAM ] array (
  'font' => '6xK1dSBYKcSV-LCoeQqfX1RYOo3qPZ7nsDI.woff2',
)
[ info ] [ LOG ] INIT File
---------------------------------------------------------------
[ 2019-09-03T09:09:14+08:00 ] 172.26.2.167 GET local.hqy.com/v1/organization/index.html
[运行时间：0.668371s] [吞吐率：1.50req/s] [内存消耗：2,733.87kb] [文件加载：58]
[ info ] [ LANG ] /opt/web/hqy/thinkphp/lang/zh-cn.php
[ info ] [ ROUTE ] array (
  'type' => 'module',
  'module' => 
  array (
    0 => 'v1',
    1 => 'organization',
    2 => 'index',
  ),
)
[ info ] [ HEADER ] array (
  'cookie' => 'PHPSESSID=cgc1f6v1aijj2rvrhlrq5h91vl',
  'accept-language' => 'zh-CN,zh;q=0.9',
  'accept-encoding' => 'gzip, deflate',
  'referer' => 'http://local.hqy.com/v1/system/menu.html',
  'accept' => 'text/html,application/xhtml+xml,application/xml;q=0.9,image/webp,image/apng,*/*;q=0.8',
  'user-agent' => 'Mozilla/5.0 (Windows NT 6.1; WOW64) AppleWebKit/537.36 (KHTML, like Gecko) Chrome/65.0.3325.181 Safari/537.36',
  'upgrade-insecure-requests' => '1',
  'connection' => 'keep-alive',
  'host' => 'local.hqy.com',
  'content-type' => '',
  'content-length' => '',
)
[ info ] [ PARAM ] array (
)
[ info ] [ SESSION ] INIT array (
  'id' => '',
  'var_session_id' => '',
  'prefix' => 'think',
  'type' => '',
  'auto_start' => true,
)
[ info ] [ RUN ] app\v1\controller\organization->index[ /opt/web/hqy/application/v1/controller/Organization.php ]
[ info ] [ DB ] INIT mysql
[ info ] [ VIEW ] /opt/web/hqy/public/../application/v1/view/organization/index.html [ array (
  0 => 'site',
  1 => 'config',
  2 => 'request',
  3 => 'userInfo',
  4 => 'adaptive',
  5 => 'list',
) ]
[ info ] [ LOG ] INIT File
[ sql ] [ DB ] CONNECT:[ UseTime:0.131597s ] mysql:host=47.105.48.137;dbname=huiqiyun;charset=utf8
[ sql ] [ SQL ] SHOW COLUMNS FROM `h_organization` [ RunTime:0.099801s ]
[ sql ] [ SQL ] SELECT * FROM `h_organization` ORDER BY `weigh` DESC [ RunTime:0.092948s ]
---------------------------------------------------------------
[ 2019-09-03T09:51:51+08:00 ] 172.26.2.167 POST local.hqy.com/v1/login/logout.html
[运行时间：0.280723s] [吞吐率：3.56req/s] [内存消耗：1,271.16kb] [文件加载：43]
[ info ] [ LANG ] /opt/web/hqy/thinkphp/lang/zh-cn.php
[ info ] [ ROUTE ] array (
  'type' => 'module',
  'module' => 
  array (
    0 => 'v1',
    1 => 'login',
    2 => 'logout',
  ),
)
[ info ] [ HEADER ] array (
  'cookie' => 'PHPSESSID=cgc1f6v1aijj2rvrhlrq5h91vl',
  'accept-language' => 'zh-CN,zh;q=0.9',
  'accept-encoding' => 'gzip, deflate',
  'referer' => 'http://local.hqy.com/v1/organization/index.html',
  'user-agent' => 'Mozilla/5.0 (Windows NT 6.1; WOW64) AppleWebKit/537.36 (KHTML, like Gecko) Chrome/65.0.3325.181 Safari/537.36',
  'x-requested-with' => 'XMLHttpRequest',
  'origin' => 'http://local.hqy.com',
  'accept' => 'application/json, text/javascript, */*; q=0.01',
  'content-length' => '0',
  'connection' => 'keep-alive',
  'host' => 'local.hqy.com',
  'content-type' => '',
)
[ info ] [ PARAM ] array (
)
[ info ] [ RUN ] app\v1\controller\Login->logout[ /opt/web/hqy/application/v1/controller/Login.php ]
[ info ] [ SESSION ] INIT array (
  'id' => '',
  'var_session_id' => '',
  'prefix' => 'think',
  'type' => '',
  'auto_start' => true,
)
[ info ] [ LOG ] INIT File
---------------------------------------------------------------
[ 2019-09-03T09:51:53+08:00 ] 172.26.2.167 GET local.hqy.com/v1/organization/index.html
[运行时间：0.244410s] [吞吐率：4.09req/s] [内存消耗：1,294.57kb] [文件加载：44]
[ info ] [ LANG ] /opt/web/hqy/thinkphp/lang/zh-cn.php
[ info ] [ ROUTE ] array (
  'type' => 'module',
  'module' => 
  array (
    0 => 'v1',
    1 => 'organization',
    2 => 'index',
  ),
)
[ info ] [ HEADER ] array (
  'cookie' => 'PHPSESSID=cgc1f6v1aijj2rvrhlrq5h91vl',
  'accept-language' => 'zh-CN,zh;q=0.9',
  'accept-encoding' => 'gzip, deflate',
  'referer' => 'http://local.hqy.com/v1/organization/index.html',
  'accept' => 'text/html,application/xhtml+xml,application/xml;q=0.9,image/webp,image/apng,*/*;q=0.8',
  'user-agent' => 'Mozilla/5.0 (Windows NT 6.1; WOW64) AppleWebKit/537.36 (KHTML, like Gecko) Chrome/65.0.3325.181 Safari/537.36',
  'upgrade-insecure-requests' => '1',
  'cache-control' => 'max-age=0',
  'connection' => 'keep-alive',
  'host' => 'local.hqy.com',
  'content-type' => '',
  'content-length' => '',
)
[ info ] [ PARAM ] array (
)
[ info ] [ SESSION ] INIT array (
  'id' => '',
  'var_session_id' => '',
  'prefix' => 'think',
  'type' => '',
  'auto_start' => true,
)
[ info ] [ LOG ] INIT File
---------------------------------------------------------------
[ 2019-09-03T09:51:53+08:00 ] 172.26.2.167 GET local.hqy.com/v1/login/index.html
[运行时间：0.215623s] [吞吐率：4.64req/s] [内存消耗：1,411.99kb] [文件加载：44]
[ info ] [ LANG ] /opt/web/hqy/thinkphp/lang/zh-cn.php
[ info ] [ ROUTE ] array (
  'type' => 'module',
  'module' => 
  array (
    0 => 'v1',
    1 => 'login',
    2 => 'index',
  ),
)
[ info ] [ HEADER ] array (
  'cookie' => 'PHPSESSID=cgc1f6v1aijj2rvrhlrq5h91vl',
  'accept-language' => 'zh-CN,zh;q=0.9',
  'accept-encoding' => 'gzip, deflate',
  'referer' => 'http://local.hqy.com/v1/organization/index.html',
  'accept' => 'text/html,application/xhtml+xml,application/xml;q=0.9,image/webp,image/apng,*/*;q=0.8',
  'user-agent' => 'Mozilla/5.0 (Windows NT 6.1; WOW64) AppleWebKit/537.36 (KHTML, like Gecko) Chrome/65.0.3325.181 Safari/537.36',
  'upgrade-insecure-requests' => '1',
  'cache-control' => 'max-age=0',
  'connection' => 'keep-alive',
  'host' => 'local.hqy.com',
  'content-type' => '',
  'content-length' => '',
)
[ info ] [ PARAM ] array (
)
[ info ] [ RUN ] app\v1\controller\Login->index[ /opt/web/hqy/application/v1/controller/Login.php ]
[ info ] [ VIEW ] /opt/web/hqy/public/../application/v1/view/login/index.html [ array (
) ]
[ info ] [ LOG ] INIT File
---------------------------------------------------------------
[ 2019-09-03T09:52:03+08:00 ] 172.26.2.167 POST local.hqy.com/v1/login/check.html
[运行时间：0.707959s] [吞吐率：1.41req/s] [内存消耗：2,469.25kb] [文件加载：57]
[ info ] [ LANG ] /opt/web/hqy/thinkphp/lang/zh-cn.php
[ info ] [ ROUTE ] array (
  'type' => 'module',
  'module' => 
  array (
    0 => 'v1',
    1 => 'login',
    2 => 'check',
  ),
)
[ info ] [ HEADER ] array (
  'cookie' => 'PHPSESSID=cgc1f6v1aijj2rvrhlrq5h91vl',
  'accept-language' => 'zh-CN,zh;q=0.9',
  'accept-encoding' => 'gzip, deflate',
  'referer' => 'http://local.hqy.com/v1/login/index.html',
  'content-type' => 'application/x-www-form-urlencoded; charset=UTF-8',
  'user-agent' => 'Mozilla/5.0 (Windows NT 6.1; WOW64) AppleWebKit/537.36 (KHTML, like Gecko) Chrome/65.0.3325.181 Safari/537.36',
  'x-requested-with' => 'XMLHttpRequest',
  'origin' => 'http://local.hqy.com',
  'accept' => 'application/json, text/javascript, */*; q=0.01',
  'content-length' => '52',
  'connection' => 'keep-alive',
  'host' => 'local.hqy.com',
)
[ info ] [ PARAM ] array (
  'username' => '史玉龙',
  'password' => '065012',
)
[ info ] [ RUN ] app\v1\controller\Login->check[ /opt/web/hqy/application/v1/controller/Login.php ]
[ info ] [ CACHE ] INIT redis
[ info ] [ DB ] INIT mysql
[ info ] [ SESSION ] INIT array (
  'id' => '',
  'var_session_id' => '',
  'prefix' => 'think',
  'type' => '',
  'auto_start' => true,
)
[ info ] [ LOG ] INIT File
[ sql ] [ DB ] CONNECT:[ UseTime:0.113447s ] mysql:host=47.105.48.137;dbname=huiqiyun;charset=utf8
[ sql ] [ SQL ] SHOW COLUMNS FROM `h_admin` [ RunTime:0.079757s ]
[ sql ] [ SQL ] SELECT * FROM `h_admin` WHERE  `username` = '史玉龙'  AND `is_del` = 0 LIMIT 1 [ RunTime:0.078943s ]
---------------------------------------------------------------
[ 2019-09-03T09:52:04+08:00 ] 172.26.2.167 GET local.hqy.com/v1/index/index.html
[运行时间：0.434448s] [吞吐率：2.30req/s] [内存消耗：1,622.48kb] [文件加载：49]
[ info ] [ LANG ] /opt/web/hqy/thinkphp/lang/zh-cn.php
[ info ] [ ROUTE ] array (
  'type' => 'module',
  'module' => 
  array (
    0 => 'v1',
    1 => 'index',
    2 => 'index',
  ),
)
[ info ] [ HEADER ] array (
  'cookie' => 'PHPSESSID=cgc1f6v1aijj2rvrhlrq5h91vl',
  'accept-language' => 'zh-CN,zh;q=0.9',
  'accept-encoding' => 'gzip, deflate',
  'referer' => 'http://local.hqy.com/v1/login/index.html',
  'accept' => 'text/html,application/xhtml+xml,application/xml;q=0.9,image/webp,image/apng,*/*;q=0.8',
  'user-agent' => 'Mozilla/5.0 (Windows NT 6.1; WOW64) AppleWebKit/537.36 (KHTML, like Gecko) Chrome/65.0.3325.181 Safari/537.36',
  'upgrade-insecure-requests' => '1',
  'connection' => 'keep-alive',
  'host' => 'local.hqy.com',
  'content-type' => '',
  'content-length' => '',
)
[ info ] [ PARAM ] array (
)
[ info ] [ SESSION ] INIT array (
  'id' => '',
  'var_session_id' => '',
  'prefix' => 'think',
  'type' => '',
  'auto_start' => true,
)
[ info ] [ RUN ] app\v1\controller\Index->index[ /opt/web/hqy/application/v1/controller/Index.php ]
[ info ] [ CACHE ] INIT redis
[ info ] [ VIEW ] /opt/web/hqy/public/../application/v1/view/index/index.html [ array (
  0 => 'site',
  1 => 'config',
  2 => 'request',
  3 => 'userInfo',
  4 => 'adaptive',
) ]
[ info ] [ LOG ] INIT File
---------------------------------------------------------------
[ 2019-09-03T09:52:09+08:00 ] 172.26.2.167 GET local.hqy.com/v1/system/menu.html
[运行时间：1.017693s] [吞吐率：0.98req/s] [内存消耗：2,816.08kb] [文件加载：64]
[ info ] [ LANG ] /opt/web/hqy/thinkphp/lang/zh-cn.php
[ info ] [ ROUTE ] array (
  'type' => 'module',
  'module' => 
  array (
    0 => 'v1',
    1 => 'system',
    2 => 'menu',
  ),
)
[ info ] [ HEADER ] array (
  'cookie' => 'PHPSESSID=cgc1f6v1aijj2rvrhlrq5h91vl',
  'accept-language' => 'zh-CN,zh;q=0.9',
  'accept-encoding' => 'gzip, deflate',
  'referer' => 'http://local.hqy.com/v1/index/index.html',
  'accept' => 'text/html,application/xhtml+xml,application/xml;q=0.9,image/webp,image/apng,*/*;q=0.8',
  'user-agent' => 'Mozilla/5.0 (Windows NT 6.1; WOW64) AppleWebKit/537.36 (KHTML, like Gecko) Chrome/65.0.3325.181 Safari/537.36',
  'upgrade-insecure-requests' => '1',
  'connection' => 'keep-alive',
  'host' => 'local.hqy.com',
  'content-type' => '',
  'content-length' => '',
)
[ info ] [ PARAM ] array (
)
[ info ] [ SESSION ] INIT array (
  'id' => '',
  'var_session_id' => '',
  'prefix' => 'think',
  'type' => '',
  'auto_start' => true,
)
[ info ] [ RUN ] app\v1\controller\system->menu[ /opt/web/hqy/application/v1/controller/System.php ]
[ info ] [ CACHE ] INIT redis
[ info ] [ DB ] INIT mysql
[ info ] [ VIEW ] /opt/web/hqy/public/../application/v1/view/system/menu.html [ array (
  0 => 'site',
  1 => 'config',
  2 => 'request',
  3 => 'userInfo',
  4 => 'adaptive',
  5 => 'menuList',
  6 => 'status',
  7 => 'type',
  8 => 'data',
  9 => 'page',
) ]
[ info ] [ LOG ] INIT File
[ sql ] [ DB ] CONNECT:[ UseTime:0.132597s ] mysql:host=47.105.48.137;dbname=huiqiyun;charset=utf8
[ sql ] [ SQL ] SHOW COLUMNS FROM `h_menus` [ RunTime:0.090054s ]
[ sql ] [ SQL ] SELECT COUNT(*) AS tp_count FROM `h_menus` WHERE  `status` = 1 LIMIT 1 [ RunTime:0.088103s ]
[ sql ] [ SQL ] SELECT `id`,`type`,`pid`,`title`,`url`,`icon`,`weigh`,`status`,`createtime`,`remark` FROM `h_menus` WHERE  `status` = 1 ORDER BY `weigh` DESC LIMIT 0,20 [ RunTime:0.091355s ]
[ sql ] [ SQL ] SELECT * FROM `h_menus` ORDER BY `weigh` DESC [ RunTime:0.090130s ]
---------------------------------------------------------------
[ 2019-09-03T09:52:09+08:00 ] 172.26.2.167 GET local.hqy.com/static/assets/dist/font/6xK1dSBYKcSV-LCoeQqfX1RYOo3qPZ7nsDI.woff2
[运行时间：0.157065s] [吞吐率：6.37req/s] [内存消耗：1,026.27kb] [文件加载：36]
[ info ] [ LANG ] /opt/web/hqy/thinkphp/lang/zh-cn.php
[ info ] [ ROUTE ] array (
  'type' => 'module',
  'module' => 
  array (
    0 => 'static',
    1 => 'assets',
    2 => 'dist',
  ),
)
[ info ] [ HEADER ] array (
  'cookie' => 'PHPSESSID=cgc1f6v1aijj2rvrhlrq5h91vl',
  'accept-language' => 'zh-CN,zh;q=0.9',
  'accept-encoding' => 'gzip, deflate',
  'referer' => 'http://local.hqy.com/static/assets/dist/css/fontcss.css',
  'accept' => '*/*',
  'user-agent' => 'Mozilla/5.0 (Windows NT 6.1; WOW64) AppleWebKit/537.36 (KHTML, like Gecko) Chrome/65.0.3325.181 Safari/537.36',
  'origin' => 'http://local.hqy.com',
  'connection' => 'keep-alive',
  'host' => 'local.hqy.com',
  'content-type' => '',
  'content-length' => '',
)
[ info ] [ PARAM ] array (
  'font' => '6xK1dSBYKcSV-LCoeQqfX1RYOo3qPZ7nsDI.woff2',
)
[ info ] [ LOG ] INIT File
---------------------------------------------------------------
[ 2019-09-03T09:52:10+08:00 ] 172.26.2.167 GET local.hqy.com/v1/organization/index.html
[运行时间：0.646587s] [吞吐率：1.55req/s] [内存消耗：2,733.87kb] [文件加载：58]
[ info ] [ LANG ] /opt/web/hqy/thinkphp/lang/zh-cn.php
[ info ] [ ROUTE ] array (
  'type' => 'module',
  'module' => 
  array (
    0 => 'v1',
    1 => 'organization',
    2 => 'index',
  ),
)
[ info ] [ HEADER ] array (
  'cookie' => 'PHPSESSID=cgc1f6v1aijj2rvrhlrq5h91vl',
  'accept-language' => 'zh-CN,zh;q=0.9',
  'accept-encoding' => 'gzip, deflate',
  'referer' => 'http://local.hqy.com/v1/system/menu.html',
  'accept' => 'text/html,application/xhtml+xml,application/xml;q=0.9,image/webp,image/apng,*/*;q=0.8',
  'user-agent' => 'Mozilla/5.0 (Windows NT 6.1; WOW64) AppleWebKit/537.36 (KHTML, like Gecko) Chrome/65.0.3325.181 Safari/537.36',
  'upgrade-insecure-requests' => '1',
  'connection' => 'keep-alive',
  'host' => 'local.hqy.com',
  'content-type' => '',
  'content-length' => '',
)
[ info ] [ PARAM ] array (
)
[ info ] [ SESSION ] INIT array (
  'id' => '',
  'var_session_id' => '',
  'prefix' => 'think',
  'type' => '',
  'auto_start' => true,
)
[ info ] [ RUN ] app\v1\controller\organization->index[ /opt/web/hqy/application/v1/controller/Organization.php ]
[ info ] [ DB ] INIT mysql
[ info ] [ VIEW ] /opt/web/hqy/public/../application/v1/view/organization/index.html [ array (
  0 => 'site',
  1 => 'config',
  2 => 'request',
  3 => 'userInfo',
  4 => 'adaptive',
  5 => 'list',
) ]
[ info ] [ LOG ] INIT File
[ sql ] [ DB ] CONNECT:[ UseTime:0.106095s ] mysql:host=47.105.48.137;dbname=huiqiyun;charset=utf8
[ sql ] [ SQL ] SHOW COLUMNS FROM `h_organization` [ RunTime:0.074022s ]
[ sql ] [ SQL ] SELECT * FROM `h_organization` ORDER BY `weigh` DESC [ RunTime:0.073591s ]
