---------------------------------------------------------------
[ 2019-09-04T08:52:22+08:00 ] 172.26.2.167 GET local.hqy.com/v1/organization/index.html
[运行时间：0.909874s] [吞吐率：1.10req/s] [内存消耗：2,733.80kb] [文件加载：58]
[ info ] [ LANG ] /opt/web/hqy/thinkphp/lang/zh-cn.php
[ info ] [ ROUTE ] array (
  'type' => 'module',
  'module' => 
  array (
    0 => 'v1',
    1 => 'organization',
    2 => 'index',
  ),
)
[ info ] [ HEADER ] array (
  'cookie' => 'PHPSESSID=cgc1f6v1aijj2rvrhlrq5h91vl',
  'accept-language' => 'zh-CN,zh;q=0.9',
  'accept-encoding' => 'gzip, deflate',
  'accept' => 'text/html,application/xhtml+xml,application/xml;q=0.9,image/webp,image/apng,*/*;q=0.8',
  'user-agent' => 'Mozilla/5.0 (Windows NT 6.1; WOW64) AppleWebKit/537.36 (KHTML, like Gecko) Chrome/65.0.3325.181 Safari/537.36',
  'upgrade-insecure-requests' => '1',
  'cache-control' => 'max-age=0',
  'connection' => 'keep-alive',
  'host' => 'local.hqy.com',
  'content-type' => '',
  'content-length' => '',
)
[ info ] [ PARAM ] array (
)
[ info ] [ SESSION ] INIT array (
  'id' => '',
  'var_session_id' => '',
  'prefix' => 'think',
  'type' => '',
  'auto_start' => true,
)
[ info ] [ RUN ] app\v1\controller\organization->index[ /opt/web/hqy/application/v1/controller/Organization.php ]
[ info ] [ DB ] INIT mysql
[ info ] [ VIEW ] /opt/web/hqy/public/../application/v1/view/organization/index.html [ array (
  0 => 'site',
  1 => 'config',
  2 => 'request',
  3 => 'userInfo',
  4 => 'adaptive',
  5 => 'list',
) ]
[ info ] [ LOG ] INIT File
[ sql ] [ DB ] CONNECT:[ UseTime:0.236417s ] mysql:host=47.105.48.137;dbname=huiqiyun;charset=utf8
[ sql ] [ SQL ] SHOW COLUMNS FROM `h_organization` [ RunTime:0.070257s ]
[ sql ] [ SQL ] SELECT * FROM `h_organization` ORDER BY `weigh` DESC [ RunTime:0.074582s ]
---------------------------------------------------------------
[ 2019-09-04T08:52:23+08:00 ] 172.26.2.167 GET local.hqy.com/static/assets/img/favicon.ico
[运行时间：0.156027s] [吞吐率：6.41req/s] [内存消耗：1,025.50kb] [文件加载：36]
[ info ] [ LANG ] /opt/web/hqy/thinkphp/lang/zh-cn.php
[ info ] [ ROUTE ] array (
  'type' => 'module',
  'module' => 
  array (
    0 => 'static',
    1 => 'assets',
    2 => 'img',
  ),
)
[ info ] [ HEADER ] array (
  'cookie' => 'PHPSESSID=cgc1f6v1aijj2rvrhlrq5h91vl',
  'accept-language' => 'zh-CN,zh;q=0.9',
  'accept-encoding' => 'gzip, deflate',
  'referer' => 'http://local.hqy.com/v1/organization/index.html',
  'accept' => 'image/webp,image/apng,image/*,*/*;q=0.8',
  'user-agent' => 'Mozilla/5.0 (Windows NT 6.1; WOW64) AppleWebKit/537.36 (KHTML, like Gecko) Chrome/65.0.3325.181 Safari/537.36',
  'cache-control' => 'no-cache',
  'pragma' => 'no-cache',
  'connection' => 'keep-alive',
  'host' => 'local.hqy.com',
  'content-type' => '',
  'content-length' => '',
)
[ info ] [ PARAM ] array (
)
[ info ] [ LOG ] INIT File
