---------------------------------------------------------------
[ 2019-08-07T10:11:23+08:00 ] 172.26.2.190 GET local.hqy.com/v1/index/index.html
[运行时间：0.471215s] [吞吐率：2.12req/s] [内存消耗：1,388.03kb] [文件加载：45]
[ info ] [ LANG ] /opt/web/hqy/thinkphp/lang/zh-cn.php
[ info ] [ ROUTE ] array (
  'type' => 'module',
  'module' => 
  array (
    0 => 'v1',
    1 => 'index',
    2 => 'index',
  ),
)
[ info ] [ HEADER ] array (
  'cookie' => 'PHPSESSID=85usmcqn38ifecrhdjpfi0dqjn',
  'accept-language' => 'zh-CN,zh;q=0.9',
  'accept-encoding' => 'gzip, deflate',
  'referer' => 'http://local.hqy.com/v1/login/index.html',
  'accept' => 'text/html,application/xhtml+xml,application/xml;q=0.9,image/webp,image/apng,*/*;q=0.8',
  'user-agent' => 'Mozilla/5.0 (Windows NT 6.1; WOW64) AppleWebKit/537.36 (KHTML, like Gecko) Chrome/65.0.3325.181 Safari/537.36',
  'upgrade-insecure-requests' => '1',
  'cache-control' => 'max-age=0',
  'connection' => 'keep-alive',
  'host' => 'local.hqy.com',
  'content-type' => '',
  'content-length' => '',
)
[ info ] [ PARAM ] array (
)
[ info ] [ SESSION ] INIT array (
  'id' => '',
  'var_session_id' => '',
  'prefix' => 'think',
  'type' => '',
  'auto_start' => true,
)
[ info ] [ RUN ] app\v1\controller\Index->index[ /opt/web/hqy/application/v1/controller/Index.php ]
[ info ] [ CACHE ] INIT redis
[ info ] [ LOG ] INIT File
---------------------------------------------------------------
[ 2019-08-07T14:20:17+08:00 ] 172.26.2.190 GET local.hqy.com/v1/index/index.html
[运行时间：0.190902s] [吞吐率：5.24req/s] [内存消耗：1,276.67kb] [文件加载：41]
[ info ] [ LANG ] /opt/web/hqy/thinkphp/lang/zh-cn.php
[ info ] [ ROUTE ] array (
  'type' => 'module',
  'module' => 
  array (
    0 => 'v1',
    1 => 'index',
    2 => 'index',
  ),
)
[ info ] [ HEADER ] array (
  'cookie' => 'PHPSESSID=85usmcqn38ifecrhdjpfi0dqjn',
  'accept-language' => 'zh-CN,zh;q=0.9',
  'accept-encoding' => 'gzip, deflate',
  'referer' => 'http://local.hqy.com/v1/login/index.html',
  'accept' => 'text/html,application/xhtml+xml,application/xml;q=0.9,image/webp,image/apng,*/*;q=0.8',
  'user-agent' => 'Mozilla/5.0 (Windows NT 6.1; WOW64) AppleWebKit/537.36 (KHTML, like Gecko) Chrome/65.0.3325.181 Safari/537.36',
  'upgrade-insecure-requests' => '1',
  'cache-control' => 'max-age=0',
  'connection' => 'keep-alive',
  'host' => 'local.hqy.com',
  'content-type' => '',
  'content-length' => '',
)
[ info ] [ PARAM ] array (
)
[ info ] [ SESSION ] INIT array (
  'id' => '',
  'var_session_id' => '',
  'prefix' => 'think',
  'type' => '',
  'auto_start' => true,
)
[ info ] [ RUN ] app\v1\controller\Index->index[ /opt/web/hqy/application/v1/controller/Index.php ]
[ info ] [ LOG ] INIT File
---------------------------------------------------------------
[ 2019-08-07T14:20:43+08:00 ] 172.26.2.190 GET local.hqy.com/v1/index/index.html
[运行时间：0.195979s] [吞吐率：5.10req/s] [内存消耗：1,276.77kb] [文件加载：41]
[ info ] [ LANG ] /opt/web/hqy/thinkphp/lang/zh-cn.php
[ info ] [ ROUTE ] array (
  'type' => 'module',
  'module' => 
  array (
    0 => 'v1',
    1 => 'index',
    2 => 'index',
  ),
)
[ info ] [ HEADER ] array (
  'cookie' => 'PHPSESSID=85usmcqn38ifecrhdjpfi0dqjn',
  'accept-language' => 'zh-CN,zh;q=0.9',
  'accept-encoding' => 'gzip, deflate',
  'referer' => 'http://local.hqy.com/v1/login/index.html',
  'accept' => 'text/html,application/xhtml+xml,application/xml;q=0.9,image/webp,image/apng,*/*;q=0.8',
  'user-agent' => 'Mozilla/5.0 (Windows NT 6.1; WOW64) AppleWebKit/537.36 (KHTML, like Gecko) Chrome/65.0.3325.181 Safari/537.36',
  'upgrade-insecure-requests' => '1',
  'cache-control' => 'max-age=0',
  'connection' => 'keep-alive',
  'host' => 'local.hqy.com',
  'content-type' => '',
  'content-length' => '',
)
[ info ] [ PARAM ] array (
)
[ info ] [ SESSION ] INIT array (
  'id' => '',
  'var_session_id' => '',
  'prefix' => 'think',
  'type' => '',
  'auto_start' => true,
)
[ info ] [ RUN ] app\v1\controller\Index->index[ /opt/web/hqy/application/v1/controller/Index.php ]
[ info ] [ LOG ] INIT File
---------------------------------------------------------------
[ 2019-08-07T14:37:48+08:00 ] 172.26.2.190 GET local.hqy.com/v1/index/index.html
[运行时间：0.375679s] [吞吐率：2.66req/s] [内存消耗：1,388.04kb] [文件加载：45]
[ info ] [ LANG ] /opt/web/hqy/thinkphp/lang/zh-cn.php
[ info ] [ ROUTE ] array (
  'type' => 'module',
  'module' => 
  array (
    0 => 'v1',
    1 => 'index',
    2 => 'index',
  ),
)
[ info ] [ HEADER ] array (
  'cookie' => 'PHPSESSID=85usmcqn38ifecrhdjpfi0dqjn',
  'accept-language' => 'zh-CN,zh;q=0.9',
  'accept-encoding' => 'gzip, deflate',
  'referer' => 'http://local.hqy.com/v1/login/index.html',
  'accept' => 'text/html,application/xhtml+xml,application/xml;q=0.9,image/webp,image/apng,*/*;q=0.8',
  'user-agent' => 'Mozilla/5.0 (Windows NT 6.1; WOW64) AppleWebKit/537.36 (KHTML, like Gecko) Chrome/65.0.3325.181 Safari/537.36',
  'upgrade-insecure-requests' => '1',
  'cache-control' => 'max-age=0',
  'connection' => 'keep-alive',
  'host' => 'local.hqy.com',
  'content-type' => '',
  'content-length' => '',
)
[ info ] [ PARAM ] array (
)
[ info ] [ SESSION ] INIT array (
  'id' => '',
  'var_session_id' => '',
  'prefix' => 'think',
  'type' => '',
  'auto_start' => true,
)
[ info ] [ RUN ] app\v1\controller\Index->index[ /opt/web/hqy/application/v1/controller/Index.php ]
[ info ] [ CACHE ] INIT redis
[ info ] [ LOG ] INIT File
---------------------------------------------------------------
[ 2019-08-07T14:38:03+08:00 ] 172.26.2.190 GET local.hqy.com/v1/index/index.html
[运行时间：0.433930s] [吞吐率：2.30req/s] [内存消耗：1,485.62kb] [文件加载：45]
[ info ] [ LANG ] /opt/web/hqy/thinkphp/lang/zh-cn.php
[ info ] [ ROUTE ] array (
  'type' => 'module',
  'module' => 
  array (
    0 => 'v1',
    1 => 'index',
    2 => 'index',
  ),
)
[ info ] [ HEADER ] array (
  'cookie' => 'PHPSESSID=85usmcqn38ifecrhdjpfi0dqjn',
  'accept-language' => 'zh-CN,zh;q=0.9',
  'accept-encoding' => 'gzip, deflate',
  'referer' => 'http://local.hqy.com/v1/login/index.html',
  'accept' => 'text/html,application/xhtml+xml,application/xml;q=0.9,image/webp,image/apng,*/*;q=0.8',
  'user-agent' => 'Mozilla/5.0 (Windows NT 6.1; WOW64) AppleWebKit/537.36 (KHTML, like Gecko) Chrome/65.0.3325.181 Safari/537.36',
  'upgrade-insecure-requests' => '1',
  'cache-control' => 'max-age=0',
  'connection' => 'keep-alive',
  'host' => 'local.hqy.com',
  'content-type' => '',
  'content-length' => '',
)
[ info ] [ PARAM ] array (
)
[ info ] [ SESSION ] INIT array (
  'id' => '',
  'var_session_id' => '',
  'prefix' => 'think',
  'type' => '',
  'auto_start' => true,
)
[ info ] [ RUN ] app\v1\controller\Index->index[ /opt/web/hqy/application/v1/controller/Index.php ]
[ info ] [ VIEW ] /opt/web/hqy/public/../application/v1/view/index/index.html [ array (
  0 => 'site',
  1 => 'config',
  2 => 'request',
  3 => 'userInfo',
  4 => 'adaptive',
) ]
[ info ] [ LOG ] INIT File
---------------------------------------------------------------
[ 2019-08-07T14:38:03+08:00 ] 172.26.2.190 GET local.hqy.com/static/assets/components/bootstrap-select/css/bootstrap-select.css.map
[运行时间：0.143269s] [吞吐率：6.98req/s] [内存消耗：1,023.45kb] [文件加载：36]
[ info ] [ LANG ] /opt/web/hqy/thinkphp/lang/zh-cn.php
[ info ] [ ROUTE ] array (
  'type' => 'module',
  'module' => 
  array (
    0 => 'static',
    1 => 'assets',
    2 => 'components',
  ),
)
[ info ] [ HEADER ] array (
  'cookie' => 'PHPSESSID=85usmcqn38ifecrhdjpfi0dqjn',
  'accept-language' => 'zh-CN,zh;q=0.9',
  'accept-encoding' => 'gzip, deflate',
  'user-agent' => 'Mozilla/5.0 (Windows NT 6.1; WOW64) AppleWebKit/537.36 (KHTML, like Gecko) Chrome/65.0.3325.181 Safari/537.36',
  'connection' => 'keep-alive',
  'host' => 'local.hqy.com',
  'content-type' => '',
  'content-length' => '',
)
[ info ] [ PARAM ] array (
  'select' => 'css',
)
[ info ] [ LOG ] INIT File
---------------------------------------------------------------
[ 2019-08-07T14:43:20+08:00 ] 172.26.2.190 POST local.hqy.com/v1/login/logout.html
[运行时间：0.237697s] [吞吐率：4.21req/s] [内存消耗：1,270.95kb] [文件加载：43]
[ info ] [ LANG ] /opt/web/hqy/thinkphp/lang/zh-cn.php
[ info ] [ ROUTE ] array (
  'type' => 'module',
  'module' => 
  array (
    0 => 'v1',
    1 => 'login',
    2 => 'logout',
  ),
)
[ info ] [ HEADER ] array (
  'cookie' => 'PHPSESSID=85usmcqn38ifecrhdjpfi0dqjn',
  'accept-language' => 'zh-CN,zh;q=0.9',
  'accept-encoding' => 'gzip, deflate',
  'referer' => 'http://local.hqy.com/v1/index/index.html',
  'user-agent' => 'Mozilla/5.0 (Windows NT 6.1; WOW64) AppleWebKit/537.36 (KHTML, like Gecko) Chrome/65.0.3325.181 Safari/537.36',
  'x-requested-with' => 'XMLHttpRequest',
  'origin' => 'http://local.hqy.com',
  'accept' => 'application/json, text/javascript, */*; q=0.01',
  'content-length' => '0',
  'connection' => 'keep-alive',
  'host' => 'local.hqy.com',
  'content-type' => '',
)
[ info ] [ PARAM ] array (
)
[ info ] [ RUN ] app\v1\controller\Login->logout[ /opt/web/hqy/application/v1/controller/Login.php ]
[ info ] [ SESSION ] INIT array (
  'id' => '',
  'var_session_id' => '',
  'prefix' => 'think',
  'type' => '',
  'auto_start' => true,
)
[ info ] [ LOG ] INIT File
---------------------------------------------------------------
[ 2019-08-07T14:43:22+08:00 ] 172.26.2.190 GET local.hqy.com/v1/index/index.html
[运行时间：0.217716s] [吞吐率：4.59req/s] [内存消耗：1,290.80kb] [文件加载：44]
[ info ] [ LANG ] /opt/web/hqy/thinkphp/lang/zh-cn.php
[ info ] [ ROUTE ] array (
  'type' => 'module',
  'module' => 
  array (
    0 => 'v1',
    1 => 'index',
    2 => 'index',
  ),
)
[ info ] [ HEADER ] array (
  'cookie' => 'PHPSESSID=85usmcqn38ifecrhdjpfi0dqjn',
  'accept-language' => 'zh-CN,zh;q=0.9',
  'accept-encoding' => 'gzip, deflate',
  'referer' => 'http://local.hqy.com/v1/index/index.html',
  'accept' => 'text/html,application/xhtml+xml,application/xml;q=0.9,image/webp,image/apng,*/*;q=0.8',
  'user-agent' => 'Mozilla/5.0 (Windows NT 6.1; WOW64) AppleWebKit/537.36 (KHTML, like Gecko) Chrome/65.0.3325.181 Safari/537.36',
  'upgrade-insecure-requests' => '1',
  'cache-control' => 'max-age=0',
  'connection' => 'keep-alive',
  'host' => 'local.hqy.com',
  'content-type' => '',
  'content-length' => '',
)
[ info ] [ PARAM ] array (
)
[ info ] [ SESSION ] INIT array (
  'id' => '',
  'var_session_id' => '',
  'prefix' => 'think',
  'type' => '',
  'auto_start' => true,
)
[ info ] [ LOG ] INIT File
---------------------------------------------------------------
[ 2019-08-07T14:43:22+08:00 ] 172.26.2.190 GET local.hqy.com/v1/login/index.html
[运行时间：0.196220s] [吞吐率：5.10req/s] [内存消耗：1,411.91kb] [文件加载：44]
[ info ] [ LANG ] /opt/web/hqy/thinkphp/lang/zh-cn.php
[ info ] [ ROUTE ] array (
  'type' => 'module',
  'module' => 
  array (
    0 => 'v1',
    1 => 'login',
    2 => 'index',
  ),
)
[ info ] [ HEADER ] array (
  'cookie' => 'PHPSESSID=85usmcqn38ifecrhdjpfi0dqjn',
  'accept-language' => 'zh-CN,zh;q=0.9',
  'accept-encoding' => 'gzip, deflate',
  'referer' => 'http://local.hqy.com/v1/index/index.html',
  'accept' => 'text/html,application/xhtml+xml,application/xml;q=0.9,image/webp,image/apng,*/*;q=0.8',
  'user-agent' => 'Mozilla/5.0 (Windows NT 6.1; WOW64) AppleWebKit/537.36 (KHTML, like Gecko) Chrome/65.0.3325.181 Safari/537.36',
  'upgrade-insecure-requests' => '1',
  'cache-control' => 'max-age=0',
  'connection' => 'keep-alive',
  'host' => 'local.hqy.com',
  'content-type' => '',
  'content-length' => '',
)
[ info ] [ PARAM ] array (
)
[ info ] [ RUN ] app\v1\controller\Login->index[ /opt/web/hqy/application/v1/controller/Login.php ]
[ info ] [ VIEW ] /opt/web/hqy/public/../application/v1/view/login/index.html [ array (
) ]
[ info ] [ LOG ] INIT File
---------------------------------------------------------------
[ 2019-08-07T14:43:23+08:00 ] 172.26.2.190 GET local.hqy.com/static/assets/components/bootstrap-select/css/bootstrap-select.css.map
[运行时间：0.163849s] [吞吐率：6.10req/s] [内存消耗：1,023.45kb] [文件加载：36]
[ info ] [ LANG ] /opt/web/hqy/thinkphp/lang/zh-cn.php
[ info ] [ ROUTE ] array (
  'type' => 'module',
  'module' => 
  array (
    0 => 'static',
    1 => 'assets',
    2 => 'components',
  ),
)
[ info ] [ HEADER ] array (
  'cookie' => 'PHPSESSID=85usmcqn38ifecrhdjpfi0dqjn',
  'accept-language' => 'zh-CN,zh;q=0.9',
  'accept-encoding' => 'gzip, deflate',
  'user-agent' => 'Mozilla/5.0 (Windows NT 6.1; WOW64) AppleWebKit/537.36 (KHTML, like Gecko) Chrome/65.0.3325.181 Safari/537.36',
  'connection' => 'keep-alive',
  'host' => 'local.hqy.com',
  'content-type' => '',
  'content-length' => '',
)
[ info ] [ PARAM ] array (
  'select' => 'css',
)
[ info ] [ LOG ] INIT File
---------------------------------------------------------------
[ 2019-08-07T15:31:49+08:00 ] 172.26.2.190 GET local.hqy.com/v1/login/index.html
[运行时间：0.328470s] [吞吐率：3.04req/s] [内存消耗：1,411.99kb] [文件加载：44]
[ info ] [ LANG ] /opt/web/hqy/thinkphp/lang/zh-cn.php
[ info ] [ ROUTE ] array (
  'type' => 'module',
  'module' => 
  array (
    0 => 'v1',
    1 => 'login',
    2 => 'index',
  ),
)
[ info ] [ HEADER ] array (
  'cookie' => 'PHPSESSID=85usmcqn38ifecrhdjpfi0dqjn',
  'accept-language' => 'zh-CN,zh;q=0.9',
  'accept-encoding' => 'gzip, deflate',
  'referer' => 'http://local.hqy.com/v1/index/index.html',
  'accept' => 'text/html,application/xhtml+xml,application/xml;q=0.9,image/webp,image/apng,*/*;q=0.8',
  'user-agent' => 'Mozilla/5.0 (Windows NT 6.1; WOW64) AppleWebKit/537.36 (KHTML, like Gecko) Chrome/65.0.3325.181 Safari/537.36',
  'upgrade-insecure-requests' => '1',
  'cache-control' => 'max-age=0',
  'connection' => 'keep-alive',
  'host' => 'local.hqy.com',
  'content-type' => '',
  'content-length' => '',
)
[ info ] [ PARAM ] array (
)
[ info ] [ RUN ] app\v1\controller\Login->index[ /opt/web/hqy/application/v1/controller/Login.php ]
[ info ] [ VIEW ] /opt/web/hqy/public/../application/v1/view/login/index.html [ array (
) ]
[ info ] [ LOG ] INIT File
---------------------------------------------------------------
[ 2019-08-07T15:31:50+08:00 ] 172.26.2.190 GET local.hqy.com/static/assets/components/bootstrap-select/css/bootstrap-select.css.map
[运行时间：0.184099s] [吞吐率：5.43req/s] [内存消耗：1,023.53kb] [文件加载：36]
[ info ] [ LANG ] /opt/web/hqy/thinkphp/lang/zh-cn.php
[ info ] [ ROUTE ] array (
  'type' => 'module',
  'module' => 
  array (
    0 => 'static',
    1 => 'assets',
    2 => 'components',
  ),
)
[ info ] [ HEADER ] array (
  'cookie' => 'PHPSESSID=85usmcqn38ifecrhdjpfi0dqjn',
  'accept-language' => 'zh-CN,zh;q=0.9',
  'accept-encoding' => 'gzip, deflate',
  'user-agent' => 'Mozilla/5.0 (Windows NT 6.1; WOW64) AppleWebKit/537.36 (KHTML, like Gecko) Chrome/65.0.3325.181 Safari/537.36',
  'connection' => 'keep-alive',
  'host' => 'local.hqy.com',
  'content-type' => '',
  'content-length' => '',
)
[ info ] [ PARAM ] array (
  'select' => 'css',
)
[ info ] [ LOG ] INIT File
---------------------------------------------------------------
[ 2019-08-07T15:32:02+08:00 ] 172.26.2.190 POST local.hqy.com/v1/login/check.html
[运行时间：0.575529s] [吞吐率：1.74req/s] [内存消耗：2,383.83kb] [文件加载：53]
[ info ] [ LANG ] /opt/web/hqy/thinkphp/lang/zh-cn.php
[ info ] [ ROUTE ] array (
  'type' => 'module',
  'module' => 
  array (
    0 => 'v1',
    1 => 'login',
    2 => 'check',
  ),
)
[ info ] [ HEADER ] array (
  'cookie' => 'PHPSESSID=85usmcqn38ifecrhdjpfi0dqjn',
  'accept-language' => 'zh-CN,zh;q=0.9',
  'accept-encoding' => 'gzip, deflate',
  'referer' => 'http://local.hqy.com/v1/login/index.html',
  'content-type' => 'application/x-www-form-urlencoded; charset=UTF-8',
  'user-agent' => 'Mozilla/5.0 (Windows NT 6.1; WOW64) AppleWebKit/537.36 (KHTML, like Gecko) Chrome/65.0.3325.181 Safari/537.36',
  'x-requested-with' => 'XMLHttpRequest',
  'origin' => 'http://local.hqy.com',
  'accept' => 'application/json, text/javascript, */*; q=0.01',
  'content-length' => '52',
  'connection' => 'keep-alive',
  'host' => 'local.hqy.com',
)
[ info ] [ PARAM ] array (
  'username' => '史玉龙',
  'password' => '065012',
)
[ info ] [ RUN ] app\v1\controller\Login->check[ /opt/web/hqy/application/v1/controller/Login.php ]
[ info ] [ DB ] INIT mysql
[ info ] [ SESSION ] INIT array (
  'id' => '',
  'var_session_id' => '',
  'prefix' => 'think',
  'type' => '',
  'auto_start' => true,
)
[ info ] [ LOG ] INIT File
[ sql ] [ DB ] CONNECT:[ UseTime:0.116015s ] mysql:host=47.105.48.137;dbname=huiqiyun;charset=utf8
[ sql ] [ SQL ] SHOW COLUMNS FROM `h_admin` [ RunTime:0.079062s ]
[ sql ] [ SQL ] SELECT * FROM `h_admin` WHERE  `username` = '史玉龙'  AND `is_del` = 0 LIMIT 1 [ RunTime:0.079227s ]
---------------------------------------------------------------
[ 2019-08-07T15:32:03+08:00 ] 172.26.2.190 GET local.hqy.com/v1/index/index.html
[运行时间：0.209371s] [吞吐率：4.78req/s] [内存消耗：1,275.36kb] [文件加载：41]
[ info ] [ LANG ] /opt/web/hqy/thinkphp/lang/zh-cn.php
[ info ] [ ROUTE ] array (
  'type' => 'module',
  'module' => 
  array (
    0 => 'v1',
    1 => 'index',
    2 => 'index',
  ),
)
[ info ] [ HEADER ] array (
  'cookie' => 'PHPSESSID=85usmcqn38ifecrhdjpfi0dqjn',
  'accept-language' => 'zh-CN,zh;q=0.9',
  'accept-encoding' => 'gzip, deflate',
  'referer' => 'http://local.hqy.com/v1/login/index.html',
  'accept' => 'text/html,application/xhtml+xml,application/xml;q=0.9,image/webp,image/apng,*/*;q=0.8',
  'user-agent' => 'Mozilla/5.0 (Windows NT 6.1; WOW64) AppleWebKit/537.36 (KHTML, like Gecko) Chrome/65.0.3325.181 Safari/537.36',
  'upgrade-insecure-requests' => '1',
  'connection' => 'keep-alive',
  'host' => 'local.hqy.com',
  'content-type' => '',
  'content-length' => '',
)
[ info ] [ PARAM ] array (
)
[ info ] [ SESSION ] INIT array (
  'id' => '',
  'var_session_id' => '',
  'prefix' => 'think',
  'type' => '',
  'auto_start' => true,
)
[ info ] [ RUN ] app\v1\controller\Index->index[ /opt/web/hqy/application/v1/controller/Index.php ]
[ info ] [ LOG ] INIT File
---------------------------------------------------------------
[ 2019-08-07T15:32:16+08:00 ] 172.26.2.190 GET local.hqy.com/v1/index/index.html
[运行时间：0.280876s] [吞吐率：3.56req/s] [内存消耗：1,485.70kb] [文件加载：45]
[ info ] [ LANG ] /opt/web/hqy/thinkphp/lang/zh-cn.php
[ info ] [ ROUTE ] array (
  'type' => 'module',
  'module' => 
  array (
    0 => 'v1',
    1 => 'index',
    2 => 'index',
  ),
)
[ info ] [ HEADER ] array (
  'cookie' => 'PHPSESSID=85usmcqn38ifecrhdjpfi0dqjn',
  'accept-language' => 'zh-CN,zh;q=0.9',
  'accept-encoding' => 'gzip, deflate',
  'referer' => 'http://local.hqy.com/v1/login/index.html',
  'accept' => 'text/html,application/xhtml+xml,application/xml;q=0.9,image/webp,image/apng,*/*;q=0.8',
  'user-agent' => 'Mozilla/5.0 (Windows NT 6.1; WOW64) AppleWebKit/537.36 (KHTML, like Gecko) Chrome/65.0.3325.181 Safari/537.36',
  'upgrade-insecure-requests' => '1',
  'cache-control' => 'max-age=0',
  'connection' => 'keep-alive',
  'host' => 'local.hqy.com',
  'content-type' => '',
  'content-length' => '',
)
[ info ] [ PARAM ] array (
)
[ info ] [ SESSION ] INIT array (
  'id' => '',
  'var_session_id' => '',
  'prefix' => 'think',
  'type' => '',
  'auto_start' => true,
)
[ info ] [ RUN ] app\v1\controller\Index->index[ /opt/web/hqy/application/v1/controller/Index.php ]
[ info ] [ VIEW ] /opt/web/hqy/public/../application/v1/view/index/index.html [ array (
  0 => 'site',
  1 => 'config',
  2 => 'request',
  3 => 'userInfo',
  4 => 'adaptive',
) ]
[ info ] [ LOG ] INIT File
---------------------------------------------------------------
[ 2019-08-07T15:32:17+08:00 ] 172.26.2.190 GET local.hqy.com/static/assets/components/bootstrap-select/css/bootstrap-select.css.map
[运行时间：0.143727s] [吞吐率：6.96req/s] [内存消耗：1,023.53kb] [文件加载：36]
[ info ] [ LANG ] /opt/web/hqy/thinkphp/lang/zh-cn.php
[ info ] [ ROUTE ] array (
  'type' => 'module',
  'module' => 
  array (
    0 => 'static',
    1 => 'assets',
    2 => 'components',
  ),
)
[ info ] [ HEADER ] array (
  'cookie' => 'PHPSESSID=85usmcqn38ifecrhdjpfi0dqjn',
  'accept-language' => 'zh-CN,zh;q=0.9',
  'accept-encoding' => 'gzip, deflate',
  'user-agent' => 'Mozilla/5.0 (Windows NT 6.1; WOW64) AppleWebKit/537.36 (KHTML, like Gecko) Chrome/65.0.3325.181 Safari/537.36',
  'connection' => 'keep-alive',
  'host' => 'local.hqy.com',
  'content-type' => '',
  'content-length' => '',
)
[ info ] [ PARAM ] array (
  'select' => 'css',
)
[ info ] [ LOG ] INIT File
---------------------------------------------------------------
[ 2019-08-07T15:33:33+08:00 ] 172.26.2.190 GET local.hqy.com/v1/index/index.html
[运行时间：0.174024s] [吞吐率：5.75req/s] [内存消耗：1,298.50kb] [文件加载：42]
[ info ] [ LANG ] /opt/web/hqy/thinkphp/lang/zh-cn.php
[ info ] [ ROUTE ] array (
  'type' => 'module',
  'module' => 
  array (
    0 => 'v1',
    1 => 'index',
    2 => 'index',
  ),
)
[ info ] [ HEADER ] array (
  'cookie' => 'PHPSESSID=85usmcqn38ifecrhdjpfi0dqjn',
  'accept-language' => 'zh-CN,zh;q=0.9',
  'accept-encoding' => 'gzip, deflate',
  'referer' => 'http://local.hqy.com/v1/login/index.html',
  'accept' => 'text/html,application/xhtml+xml,application/xml;q=0.9,image/webp,image/apng,*/*;q=0.8',
  'user-agent' => 'Mozilla/5.0 (Windows NT 6.1; WOW64) AppleWebKit/537.36 (KHTML, like Gecko) Chrome/65.0.3325.181 Safari/537.36',
  'upgrade-insecure-requests' => '1',
  'cache-control' => 'max-age=0',
  'connection' => 'keep-alive',
  'host' => 'local.hqy.com',
  'content-type' => '',
  'content-length' => '',
)
[ info ] [ PARAM ] array (
)
[ info ] [ SESSION ] INIT array (
  'id' => '',
  'var_session_id' => '',
  'prefix' => 'think',
  'type' => '',
  'auto_start' => true,
)
[ info ] [ RUN ] app\v1\controller\Index->index[ /opt/web/hqy/application/v1/controller/Index.php ]
[ info ] [ LOG ] INIT File
---------------------------------------------------------------
[ 2019-08-07T15:57:28+08:00 ] 172.26.2.190 GET local.hqy.com/v1/index/index.html
[运行时间：0.188936s] [吞吐率：5.29req/s] [内存消耗：1,298.50kb] [文件加载：42]
[ info ] [ LANG ] /opt/web/hqy/thinkphp/lang/zh-cn.php
[ info ] [ ROUTE ] array (
  'type' => 'module',
  'module' => 
  array (
    0 => 'v1',
    1 => 'index',
    2 => 'index',
  ),
)
[ info ] [ HEADER ] array (
  'cookie' => 'PHPSESSID=85usmcqn38ifecrhdjpfi0dqjn',
  'accept-language' => 'zh-CN,zh;q=0.9',
  'accept-encoding' => 'gzip, deflate',
  'referer' => 'http://local.hqy.com/v1/login/index.html',
  'accept' => 'text/html,application/xhtml+xml,application/xml;q=0.9,image/webp,image/apng,*/*;q=0.8',
  'user-agent' => 'Mozilla/5.0 (Windows NT 6.1; WOW64) AppleWebKit/537.36 (KHTML, like Gecko) Chrome/65.0.3325.181 Safari/537.36',
  'upgrade-insecure-requests' => '1',
  'cache-control' => 'max-age=0',
  'connection' => 'keep-alive',
  'host' => 'local.hqy.com',
  'content-type' => '',
  'content-length' => '',
)
[ info ] [ PARAM ] array (
)
[ info ] [ SESSION ] INIT array (
  'id' => '',
  'var_session_id' => '',
  'prefix' => 'think',
  'type' => '',
  'auto_start' => true,
)
[ info ] [ RUN ] app\v1\controller\Index->index[ /opt/web/hqy/application/v1/controller/Index.php ]
[ info ] [ LOG ] INIT File
---------------------------------------------------------------
[ 2019-08-07T15:57:38+08:00 ] 172.26.2.190 GET local.hqy.com/v1/index/index.html
[运行时间：0.364293s] [吞吐率：2.75req/s] [内存消耗：1,485.70kb] [文件加载：45]
[ info ] [ LANG ] /opt/web/hqy/thinkphp/lang/zh-cn.php
[ info ] [ ROUTE ] array (
  'type' => 'module',
  'module' => 
  array (
    0 => 'v1',
    1 => 'index',
    2 => 'index',
  ),
)
[ info ] [ HEADER ] array (
  'cookie' => 'PHPSESSID=85usmcqn38ifecrhdjpfi0dqjn',
  'accept-language' => 'zh-CN,zh;q=0.9',
  'accept-encoding' => 'gzip, deflate',
  'referer' => 'http://local.hqy.com/v1/login/index.html',
  'accept' => 'text/html,application/xhtml+xml,application/xml;q=0.9,image/webp,image/apng,*/*;q=0.8',
  'user-agent' => 'Mozilla/5.0 (Windows NT 6.1; WOW64) AppleWebKit/537.36 (KHTML, like Gecko) Chrome/65.0.3325.181 Safari/537.36',
  'upgrade-insecure-requests' => '1',
  'cache-control' => 'max-age=0',
  'connection' => 'keep-alive',
  'host' => 'local.hqy.com',
  'content-type' => '',
  'content-length' => '',
)
[ info ] [ PARAM ] array (
)
[ info ] [ SESSION ] INIT array (
  'id' => '',
  'var_session_id' => '',
  'prefix' => 'think',
  'type' => '',
  'auto_start' => true,
)
[ info ] [ RUN ] app\v1\controller\Index->index[ /opt/web/hqy/application/v1/controller/Index.php ]
[ info ] [ VIEW ] /opt/web/hqy/public/../application/v1/view/index/index.html [ array (
  0 => 'site',
  1 => 'config',
  2 => 'request',
  3 => 'userInfo',
  4 => 'adaptive',
) ]
[ info ] [ LOG ] INIT File
---------------------------------------------------------------
[ 2019-08-07T15:57:39+08:00 ] 172.26.2.190 GET local.hqy.com/static/assets/components/bootstrap-select/css/bootstrap-select.css.map
[运行时间：0.156679s] [吞吐率：6.38req/s] [内存消耗：1,023.53kb] [文件加载：36]
[ info ] [ LANG ] /opt/web/hqy/thinkphp/lang/zh-cn.php
[ info ] [ ROUTE ] array (
  'type' => 'module',
  'module' => 
  array (
    0 => 'static',
    1 => 'assets',
    2 => 'components',
  ),
)
[ info ] [ HEADER ] array (
  'cookie' => 'PHPSESSID=85usmcqn38ifecrhdjpfi0dqjn',
  'accept-language' => 'zh-CN,zh;q=0.9',
  'accept-encoding' => 'gzip, deflate',
  'user-agent' => 'Mozilla/5.0 (Windows NT 6.1; WOW64) AppleWebKit/537.36 (KHTML, like Gecko) Chrome/65.0.3325.181 Safari/537.36',
  'connection' => 'keep-alive',
  'host' => 'local.hqy.com',
  'content-type' => '',
  'content-length' => '',
)
[ info ] [ PARAM ] array (
  'select' => 'css',
)
[ info ] [ LOG ] INIT File
---------------------------------------------------------------
[ 2019-08-07T15:57:44+08:00 ] 172.26.2.190 POST local.hqy.com/v1/login/logout.html
[运行时间：0.167286s] [吞吐率：5.98req/s] [内存消耗：1,271.03kb] [文件加载：43]
[ info ] [ LANG ] /opt/web/hqy/thinkphp/lang/zh-cn.php
[ info ] [ ROUTE ] array (
  'type' => 'module',
  'module' => 
  array (
    0 => 'v1',
    1 => 'login',
    2 => 'logout',
  ),
)
[ info ] [ HEADER ] array (
  'cookie' => 'PHPSESSID=85usmcqn38ifecrhdjpfi0dqjn',
  'accept-language' => 'zh-CN,zh;q=0.9',
  'accept-encoding' => 'gzip, deflate',
  'referer' => 'http://local.hqy.com/v1/index/index.html',
  'user-agent' => 'Mozilla/5.0 (Windows NT 6.1; WOW64) AppleWebKit/537.36 (KHTML, like Gecko) Chrome/65.0.3325.181 Safari/537.36',
  'x-requested-with' => 'XMLHttpRequest',
  'origin' => 'http://local.hqy.com',
  'accept' => 'application/json, text/javascript, */*; q=0.01',
  'content-length' => '0',
  'connection' => 'keep-alive',
  'host' => 'local.hqy.com',
  'content-type' => '',
)
[ info ] [ PARAM ] array (
)
[ info ] [ RUN ] app\v1\controller\Login->logout[ /opt/web/hqy/application/v1/controller/Login.php ]
[ info ] [ SESSION ] INIT array (
  'id' => '',
  'var_session_id' => '',
  'prefix' => 'think',
  'type' => '',
  'auto_start' => true,
)
[ info ] [ LOG ] INIT File
---------------------------------------------------------------
[ 2019-08-07T15:57:45+08:00 ] 172.26.2.190 GET local.hqy.com/v1/index/index.html
[运行时间：0.175033s] [吞吐率：5.71req/s] [内存消耗：1,290.88kb] [文件加载：44]
[ info ] [ LANG ] /opt/web/hqy/thinkphp/lang/zh-cn.php
[ info ] [ ROUTE ] array (
  'type' => 'module',
  'module' => 
  array (
    0 => 'v1',
    1 => 'index',
    2 => 'index',
  ),
)
[ info ] [ HEADER ] array (
  'cookie' => 'PHPSESSID=85usmcqn38ifecrhdjpfi0dqjn',
  'accept-language' => 'zh-CN,zh;q=0.9',
  'accept-encoding' => 'gzip, deflate',
  'referer' => 'http://local.hqy.com/v1/index/index.html',
  'accept' => 'text/html,application/xhtml+xml,application/xml;q=0.9,image/webp,image/apng,*/*;q=0.8',
  'user-agent' => 'Mozilla/5.0 (Windows NT 6.1; WOW64) AppleWebKit/537.36 (KHTML, like Gecko) Chrome/65.0.3325.181 Safari/537.36',
  'upgrade-insecure-requests' => '1',
  'cache-control' => 'max-age=0',
  'connection' => 'keep-alive',
  'host' => 'local.hqy.com',
  'content-type' => '',
  'content-length' => '',
)
[ info ] [ PARAM ] array (
)
[ info ] [ SESSION ] INIT array (
  'id' => '',
  'var_session_id' => '',
  'prefix' => 'think',
  'type' => '',
  'auto_start' => true,
)
[ info ] [ LOG ] INIT File
---------------------------------------------------------------
[ 2019-08-07T15:57:46+08:00 ] 172.26.2.190 GET local.hqy.com/v1/login/index.html
[运行时间：0.189553s] [吞吐率：5.28req/s] [内存消耗：1,411.99kb] [文件加载：44]
[ info ] [ LANG ] /opt/web/hqy/thinkphp/lang/zh-cn.php
[ info ] [ ROUTE ] array (
  'type' => 'module',
  'module' => 
  array (
    0 => 'v1',
    1 => 'login',
    2 => 'index',
  ),
)
[ info ] [ HEADER ] array (
  'cookie' => 'PHPSESSID=85usmcqn38ifecrhdjpfi0dqjn',
  'accept-language' => 'zh-CN,zh;q=0.9',
  'accept-encoding' => 'gzip, deflate',
  'referer' => 'http://local.hqy.com/v1/index/index.html',
  'accept' => 'text/html,application/xhtml+xml,application/xml;q=0.9,image/webp,image/apng,*/*;q=0.8',
  'user-agent' => 'Mozilla/5.0 (Windows NT 6.1; WOW64) AppleWebKit/537.36 (KHTML, like Gecko) Chrome/65.0.3325.181 Safari/537.36',
  'upgrade-insecure-requests' => '1',
  'cache-control' => 'max-age=0',
  'connection' => 'keep-alive',
  'host' => 'local.hqy.com',
  'content-type' => '',
  'content-length' => '',
)
[ info ] [ PARAM ] array (
)
[ info ] [ RUN ] app\v1\controller\Login->index[ /opt/web/hqy/application/v1/controller/Login.php ]
[ info ] [ VIEW ] /opt/web/hqy/public/../application/v1/view/login/index.html [ array (
) ]
[ info ] [ LOG ] INIT File
---------------------------------------------------------------
[ 2019-08-07T15:57:46+08:00 ] 172.26.2.190 GET local.hqy.com/static/assets/components/bootstrap-select/css/bootstrap-select.css.map
[运行时间：0.143525s] [吞吐率：6.97req/s] [内存消耗：1,023.53kb] [文件加载：36]
[ info ] [ LANG ] /opt/web/hqy/thinkphp/lang/zh-cn.php
[ info ] [ ROUTE ] array (
  'type' => 'module',
  'module' => 
  array (
    0 => 'static',
    1 => 'assets',
    2 => 'components',
  ),
)
[ info ] [ HEADER ] array (
  'cookie' => 'PHPSESSID=85usmcqn38ifecrhdjpfi0dqjn',
  'accept-language' => 'zh-CN,zh;q=0.9',
  'accept-encoding' => 'gzip, deflate',
  'user-agent' => 'Mozilla/5.0 (Windows NT 6.1; WOW64) AppleWebKit/537.36 (KHTML, like Gecko) Chrome/65.0.3325.181 Safari/537.36',
  'connection' => 'keep-alive',
  'host' => 'local.hqy.com',
  'content-type' => '',
  'content-length' => '',
)
[ info ] [ PARAM ] array (
  'select' => 'css',
)
[ info ] [ LOG ] INIT File
---------------------------------------------------------------
[ 2019-08-07T15:57:59+08:00 ] 172.26.2.190 POST local.hqy.com/v1/login/check.html
[运行时间：0.720275s] [吞吐率：1.39req/s] [内存消耗：2,506.75kb] [文件加载：57]
[ info ] [ LANG ] /opt/web/hqy/thinkphp/lang/zh-cn.php
[ info ] [ ROUTE ] array (
  'type' => 'module',
  'module' => 
  array (
    0 => 'v1',
    1 => 'login',
    2 => 'check',
  ),
)
[ info ] [ HEADER ] array (
  'cookie' => 'PHPSESSID=85usmcqn38ifecrhdjpfi0dqjn',
  'accept-language' => 'zh-CN,zh;q=0.9',
  'accept-encoding' => 'gzip, deflate',
  'referer' => 'http://local.hqy.com/v1/login/index.html',
  'content-type' => 'application/x-www-form-urlencoded; charset=UTF-8',
  'user-agent' => 'Mozilla/5.0 (Windows NT 6.1; WOW64) AppleWebKit/537.36 (KHTML, like Gecko) Chrome/65.0.3325.181 Safari/537.36',
  'x-requested-with' => 'XMLHttpRequest',
  'origin' => 'http://local.hqy.com',
  'accept' => 'application/json, text/javascript, */*; q=0.01',
  'content-length' => '52',
  'connection' => 'keep-alive',
  'host' => 'local.hqy.com',
)
[ info ] [ PARAM ] array (
  'username' => '史玉龙',
  'password' => '065012',
)
[ info ] [ RUN ] app\v1\controller\Login->check[ /opt/web/hqy/application/v1/controller/Login.php ]
[ info ] [ CACHE ] INIT redis
[ info ] [ DB ] INIT mysql
[ info ] [ SESSION ] INIT array (
  'id' => '',
  'var_session_id' => '',
  'prefix' => 'think',
  'type' => '',
  'auto_start' => true,
)
[ info ] [ LOG ] INIT File
[ sql ] [ DB ] CONNECT:[ UseTime:0.116600s ] mysql:host=47.105.48.137;dbname=huiqiyun;charset=utf8
[ sql ] [ SQL ] SHOW COLUMNS FROM `h_admin` [ RunTime:0.085652s ]
[ sql ] [ SQL ] SELECT * FROM `h_admin` WHERE  `username` = '史玉龙'  AND `is_del` = 0 LIMIT 1 [ RunTime:0.083411s ]
[ error ] [0]致命错误: Class 'app\v1\service\Crypt' not found[/opt/web/hqy/application/v1/service/Systems.php:50]
---------------------------------------------------------------
[ 2019-08-07T15:58:45+08:00 ] 172.26.2.190 GET local.hqy.com/v1/login/index.html
[运行时间：0.276196s] [吞吐率：3.62req/s] [内存消耗：1,411.99kb] [文件加载：44]
[ info ] [ LANG ] /opt/web/hqy/thinkphp/lang/zh-cn.php
[ info ] [ ROUTE ] array (
  'type' => 'module',
  'module' => 
  array (
    0 => 'v1',
    1 => 'login',
    2 => 'index',
  ),
)
[ info ] [ HEADER ] array (
  'cookie' => 'PHPSESSID=85usmcqn38ifecrhdjpfi0dqjn',
  'accept-language' => 'zh-CN,zh;q=0.9',
  'accept-encoding' => 'gzip, deflate',
  'referer' => 'http://local.hqy.com/v1/index/index.html',
  'accept' => 'text/html,application/xhtml+xml,application/xml;q=0.9,image/webp,image/apng,*/*;q=0.8',
  'user-agent' => 'Mozilla/5.0 (Windows NT 6.1; WOW64) AppleWebKit/537.36 (KHTML, like Gecko) Chrome/65.0.3325.181 Safari/537.36',
  'upgrade-insecure-requests' => '1',
  'cache-control' => 'max-age=0',
  'connection' => 'keep-alive',
  'host' => 'local.hqy.com',
  'content-type' => '',
  'content-length' => '',
)
[ info ] [ PARAM ] array (
)
[ info ] [ RUN ] app\v1\controller\Login->index[ /opt/web/hqy/application/v1/controller/Login.php ]
[ info ] [ VIEW ] /opt/web/hqy/public/../application/v1/view/login/index.html [ array (
) ]
[ info ] [ LOG ] INIT File
---------------------------------------------------------------
[ 2019-08-07T15:58:45+08:00 ] 172.26.2.190 GET local.hqy.com/static/assets/components/bootstrap-select/css/bootstrap-select.css.map
[运行时间：0.148601s] [吞吐率：6.73req/s] [内存消耗：1,023.53kb] [文件加载：36]
[ info ] [ LANG ] /opt/web/hqy/thinkphp/lang/zh-cn.php
[ info ] [ ROUTE ] array (
  'type' => 'module',
  'module' => 
  array (
    0 => 'static',
    1 => 'assets',
    2 => 'components',
  ),
)
[ info ] [ HEADER ] array (
  'cookie' => 'PHPSESSID=85usmcqn38ifecrhdjpfi0dqjn',
  'accept-language' => 'zh-CN,zh;q=0.9',
  'accept-encoding' => 'gzip, deflate',
  'user-agent' => 'Mozilla/5.0 (Windows NT 6.1; WOW64) AppleWebKit/537.36 (KHTML, like Gecko) Chrome/65.0.3325.181 Safari/537.36',
  'connection' => 'keep-alive',
  'host' => 'local.hqy.com',
  'content-type' => '',
  'content-length' => '',
)
[ info ] [ PARAM ] array (
  'select' => 'css',
)
[ info ] [ LOG ] INIT File
---------------------------------------------------------------
[ 2019-08-07T15:58:52+08:00 ] 172.26.2.190 POST local.hqy.com/v1/login/check.html
[运行时间：0.753708s] [吞吐率：1.33req/s] [内存消耗：2,457.55kb] [文件加载：57]
[ info ] [ LANG ] /opt/web/hqy/thinkphp/lang/zh-cn.php
[ info ] [ ROUTE ] array (
  'type' => 'module',
  'module' => 
  array (
    0 => 'v1',
    1 => 'login',
    2 => 'check',
  ),
)
[ info ] [ HEADER ] array (
  'cookie' => 'PHPSESSID=85usmcqn38ifecrhdjpfi0dqjn',
  'accept-language' => 'zh-CN,zh;q=0.9',
  'accept-encoding' => 'gzip, deflate',
  'referer' => 'http://local.hqy.com/v1/login/index.html',
  'content-type' => 'application/x-www-form-urlencoded; charset=UTF-8',
  'user-agent' => 'Mozilla/5.0 (Windows NT 6.1; WOW64) AppleWebKit/537.36 (KHTML, like Gecko) Chrome/65.0.3325.181 Safari/537.36',
  'x-requested-with' => 'XMLHttpRequest',
  'origin' => 'http://local.hqy.com',
  'accept' => 'application/json, text/javascript, */*; q=0.01',
  'content-length' => '52',
  'connection' => 'keep-alive',
  'host' => 'local.hqy.com',
)
[ info ] [ PARAM ] array (
  'username' => '史玉龙',
  'password' => '065012',
)
[ info ] [ RUN ] app\v1\controller\Login->check[ /opt/web/hqy/application/v1/controller/Login.php ]
[ info ] [ CACHE ] INIT redis
[ info ] [ DB ] INIT mysql
[ info ] [ SESSION ] INIT array (
  'id' => '',
  'var_session_id' => '',
  'prefix' => 'think',
  'type' => '',
  'auto_start' => true,
)
[ info ] [ LOG ] INIT File
[ sql ] [ DB ] CONNECT:[ UseTime:0.123904s ] mysql:host=47.105.48.137;dbname=huiqiyun;charset=utf8
[ sql ] [ SQL ] SHOW COLUMNS FROM `h_admin` [ RunTime:0.083409s ]
[ sql ] [ SQL ] SELECT * FROM `h_admin` WHERE  `username` = '史玉龙'  AND `is_del` = 0 LIMIT 1 [ RunTime:0.083432s ]
---------------------------------------------------------------
[ 2019-08-07T15:58:52+08:00 ] 172.26.2.190 GET local.hqy.com/v1/index/index.html
[运行时间：0.273929s] [吞吐率：3.65req/s] [内存消耗：1,485.23kb] [文件加载：45]
[ info ] [ LANG ] /opt/web/hqy/thinkphp/lang/zh-cn.php
[ info ] [ ROUTE ] array (
  'type' => 'module',
  'module' => 
  array (
    0 => 'v1',
    1 => 'index',
    2 => 'index',
  ),
)
[ info ] [ HEADER ] array (
  'cookie' => 'PHPSESSID=85usmcqn38ifecrhdjpfi0dqjn',
  'accept-language' => 'zh-CN,zh;q=0.9',
  'accept-encoding' => 'gzip, deflate',
  'referer' => 'http://local.hqy.com/v1/login/index.html',
  'accept' => 'text/html,application/xhtml+xml,application/xml;q=0.9,image/webp,image/apng,*/*;q=0.8',
  'user-agent' => 'Mozilla/5.0 (Windows NT 6.1; WOW64) AppleWebKit/537.36 (KHTML, like Gecko) Chrome/65.0.3325.181 Safari/537.36',
  'upgrade-insecure-requests' => '1',
  'connection' => 'keep-alive',
  'host' => 'local.hqy.com',
  'content-type' => '',
  'content-length' => '',
)
[ info ] [ PARAM ] array (
)
[ info ] [ SESSION ] INIT array (
  'id' => '',
  'var_session_id' => '',
  'prefix' => 'think',
  'type' => '',
  'auto_start' => true,
)
[ info ] [ RUN ] app\v1\controller\Index->index[ /opt/web/hqy/application/v1/controller/Index.php ]
[ info ] [ VIEW ] /opt/web/hqy/public/../application/v1/view/index/index.html [ array (
  0 => 'site',
  1 => 'config',
  2 => 'request',
  3 => 'userInfo',
  4 => 'adaptive',
) ]
[ info ] [ LOG ] INIT File
---------------------------------------------------------------
[ 2019-08-07T15:58:53+08:00 ] 172.26.2.190 GET local.hqy.com/static/assets/components/bootstrap-select/css/bootstrap-select.css.map
[运行时间：0.151074s] [吞吐率：6.62req/s] [内存消耗：1,023.53kb] [文件加载：36]
[ info ] [ LANG ] /opt/web/hqy/thinkphp/lang/zh-cn.php
[ info ] [ ROUTE ] array (
  'type' => 'module',
  'module' => 
  array (
    0 => 'static',
    1 => 'assets',
    2 => 'components',
  ),
)
[ info ] [ HEADER ] array (
  'cookie' => 'PHPSESSID=85usmcqn38ifecrhdjpfi0dqjn',
  'accept-language' => 'zh-CN,zh;q=0.9',
  'accept-encoding' => 'gzip, deflate',
  'user-agent' => 'Mozilla/5.0 (Windows NT 6.1; WOW64) AppleWebKit/537.36 (KHTML, like Gecko) Chrome/65.0.3325.181 Safari/537.36',
  'connection' => 'keep-alive',
  'host' => 'local.hqy.com',
  'content-type' => '',
  'content-length' => '',
)
[ info ] [ PARAM ] array (
  'select' => 'css',
)
[ info ] [ LOG ] INIT File
---------------------------------------------------------------
[ 2019-08-07T16:00:11+08:00 ] 172.26.2.190 GET local.hqy.com/v1/index/index.html
[运行时间：0.214507s] [吞吐率：4.66req/s] [内存消耗：1,275.80kb] [文件加载：41]
[ info ] [ LANG ] /opt/web/hqy/thinkphp/lang/zh-cn.php
[ info ] [ ROUTE ] array (
  'type' => 'module',
  'module' => 
  array (
    0 => 'v1',
    1 => 'index',
    2 => 'index',
  ),
)
[ info ] [ HEADER ] array (
  'cookie' => 'PHPSESSID=85usmcqn38ifecrhdjpfi0dqjn',
  'accept-language' => 'zh-CN,zh;q=0.9',
  'accept-encoding' => 'gzip, deflate',
  'referer' => 'http://local.hqy.com/v1/login/index.html',
  'accept' => 'text/html,application/xhtml+xml,application/xml;q=0.9,image/webp,image/apng,*/*;q=0.8',
  'user-agent' => 'Mozilla/5.0 (Windows NT 6.1; WOW64) AppleWebKit/537.36 (KHTML, like Gecko) Chrome/65.0.3325.181 Safari/537.36',
  'upgrade-insecure-requests' => '1',
  'cache-control' => 'max-age=0',
  'connection' => 'keep-alive',
  'host' => 'local.hqy.com',
  'content-type' => '',
  'content-length' => '',
)
[ info ] [ PARAM ] array (
)
[ info ] [ SESSION ] INIT array (
  'id' => '',
  'var_session_id' => '',
  'prefix' => 'think',
  'type' => '',
  'auto_start' => true,
)
[ info ] [ RUN ] app\v1\controller\Index->index[ /opt/web/hqy/application/v1/controller/Index.php ]
[ info ] [ LOG ] INIT File
---------------------------------------------------------------
[ 2019-08-07T16:03:33+08:00 ] 172.26.2.190 GET local.hqy.com/v1/index/index.html
[运行时间：0.398940s] [吞吐率：2.51req/s] [内存消耗：1,348.31kb] [文件加载：45]
[ info ] [ LANG ] /opt/web/hqy/thinkphp/lang/zh-cn.php
[ info ] [ ROUTE ] array (
  'type' => 'module',
  'module' => 
  array (
    0 => 'v1',
    1 => 'index',
    2 => 'index',
  ),
)
[ info ] [ HEADER ] array (
  'cookie' => 'PHPSESSID=85usmcqn38ifecrhdjpfi0dqjn',
  'accept-language' => 'zh-CN,zh;q=0.9',
  'accept-encoding' => 'gzip, deflate',
  'referer' => 'http://local.hqy.com/v1/login/index.html',
  'accept' => 'text/html,application/xhtml+xml,application/xml;q=0.9,image/webp,image/apng,*/*;q=0.8',
  'user-agent' => 'Mozilla/5.0 (Windows NT 6.1; WOW64) AppleWebKit/537.36 (KHTML, like Gecko) Chrome/65.0.3325.181 Safari/537.36',
  'upgrade-insecure-requests' => '1',
  'cache-control' => 'max-age=0',
  'connection' => 'keep-alive',
  'host' => 'local.hqy.com',
  'content-type' => '',
  'content-length' => '',
)
[ info ] [ PARAM ] array (
)
[ info ] [ SESSION ] INIT array (
  'id' => '',
  'var_session_id' => '',
  'prefix' => 'think',
  'type' => '',
  'auto_start' => true,
)
[ info ] [ RUN ] app\v1\controller\Index->index[ /opt/web/hqy/application/v1/controller/Index.php ]
[ info ] [ CACHE ] INIT redis
[ info ] [ LOG ] INIT File
---------------------------------------------------------------
[ 2019-08-07T16:26:30+08:00 ] 172.26.2.190 GET local.hqy.com/v1/index/index.html
[运行时间：0.437350s] [吞吐率：2.29req/s] [内存消耗：1,348.31kb] [文件加载：45]
[ info ] [ LANG ] /opt/web/hqy/thinkphp/lang/zh-cn.php
[ info ] [ ROUTE ] array (
  'type' => 'module',
  'module' => 
  array (
    0 => 'v1',
    1 => 'index',
    2 => 'index',
  ),
)
[ info ] [ HEADER ] array (
  'cookie' => 'PHPSESSID=85usmcqn38ifecrhdjpfi0dqjn',
  'accept-language' => 'zh-CN,zh;q=0.9',
  'accept-encoding' => 'gzip, deflate',
  'referer' => 'http://local.hqy.com/v1/login/index.html',
  'accept' => 'text/html,application/xhtml+xml,application/xml;q=0.9,image/webp,image/apng,*/*;q=0.8',
  'user-agent' => 'Mozilla/5.0 (Windows NT 6.1; WOW64) AppleWebKit/537.36 (KHTML, like Gecko) Chrome/65.0.3325.181 Safari/537.36',
  'upgrade-insecure-requests' => '1',
  'cache-control' => 'max-age=0',
  'connection' => 'keep-alive',
  'host' => 'local.hqy.com',
  'content-type' => '',
  'content-length' => '',
)
[ info ] [ PARAM ] array (
)
[ info ] [ SESSION ] INIT array (
  'id' => '',
  'var_session_id' => '',
  'prefix' => 'think',
  'type' => '',
  'auto_start' => true,
)
[ info ] [ RUN ] app\v1\controller\Index->index[ /opt/web/hqy/application/v1/controller/Index.php ]
[ info ] [ CACHE ] INIT redis
[ info ] [ LOG ] INIT File
---------------------------------------------------------------
[ 2019-08-07T16:26:42+08:00 ] 172.26.2.190 GET local.hqy.com/v1/index/index.html
[运行时间：0.556617s] [吞吐率：1.80req/s] [内存消耗：1,622.71kb] [文件加载：49]
[ info ] [ LANG ] /opt/web/hqy/thinkphp/lang/zh-cn.php
[ info ] [ ROUTE ] array (
  'type' => 'module',
  'module' => 
  array (
    0 => 'v1',
    1 => 'index',
    2 => 'index',
  ),
)
[ info ] [ HEADER ] array (
  'cookie' => 'PHPSESSID=85usmcqn38ifecrhdjpfi0dqjn',
  'accept-language' => 'zh-CN,zh;q=0.9',
  'accept-encoding' => 'gzip, deflate',
  'referer' => 'http://local.hqy.com/v1/login/index.html',
  'accept' => 'text/html,application/xhtml+xml,application/xml;q=0.9,image/webp,image/apng,*/*;q=0.8',
  'user-agent' => 'Mozilla/5.0 (Windows NT 6.1; WOW64) AppleWebKit/537.36 (KHTML, like Gecko) Chrome/65.0.3325.181 Safari/537.36',
  'upgrade-insecure-requests' => '1',
  'cache-control' => 'max-age=0',
  'connection' => 'keep-alive',
  'host' => 'local.hqy.com',
  'content-type' => '',
  'content-length' => '',
)
[ info ] [ PARAM ] array (
)
[ info ] [ SESSION ] INIT array (
  'id' => '',
  'var_session_id' => '',
  'prefix' => 'think',
  'type' => '',
  'auto_start' => true,
)
[ info ] [ RUN ] app\v1\controller\Index->index[ /opt/web/hqy/application/v1/controller/Index.php ]
[ info ] [ CACHE ] INIT redis
[ info ] [ VIEW ] /opt/web/hqy/public/../application/v1/view/index/index.html [ array (
  0 => 'site',
  1 => 'config',
  2 => 'request',
  3 => 'userInfo',
  4 => 'adaptive',
) ]
[ info ] [ LOG ] INIT File
---------------------------------------------------------------
[ 2019-08-07T16:26:43+08:00 ] 172.26.2.190 GET local.hqy.com/static/assets/components/bootstrap-select/css/bootstrap-select.css.map
[运行时间：0.144250s] [吞吐率：6.93req/s] [内存消耗：1,023.53kb] [文件加载：36]
[ info ] [ LANG ] /opt/web/hqy/thinkphp/lang/zh-cn.php
[ info ] [ ROUTE ] array (
  'type' => 'module',
  'module' => 
  array (
    0 => 'static',
    1 => 'assets',
    2 => 'components',
  ),
)
[ info ] [ HEADER ] array (
  'cookie' => 'PHPSESSID=85usmcqn38ifecrhdjpfi0dqjn',
  'accept-language' => 'zh-CN,zh;q=0.9',
  'accept-encoding' => 'gzip, deflate',
  'user-agent' => 'Mozilla/5.0 (Windows NT 6.1; WOW64) AppleWebKit/537.36 (KHTML, like Gecko) Chrome/65.0.3325.181 Safari/537.36',
  'connection' => 'keep-alive',
  'host' => 'local.hqy.com',
  'content-type' => '',
  'content-length' => '',
)
[ info ] [ PARAM ] array (
  'select' => 'css',
)
[ info ] [ LOG ] INIT File
---------------------------------------------------------------
[ 2019-08-07T16:26:47+08:00 ] 172.26.2.190 POST local.hqy.com/v1/login/logout.html
[运行时间：0.177901s] [吞吐率：5.62req/s] [内存消耗：1,271.03kb] [文件加载：43]
[ info ] [ LANG ] /opt/web/hqy/thinkphp/lang/zh-cn.php
[ info ] [ ROUTE ] array (
  'type' => 'module',
  'module' => 
  array (
    0 => 'v1',
    1 => 'login',
    2 => 'logout',
  ),
)
[ info ] [ HEADER ] array (
  'cookie' => 'PHPSESSID=85usmcqn38ifecrhdjpfi0dqjn',
  'accept-language' => 'zh-CN,zh;q=0.9',
  'accept-encoding' => 'gzip, deflate',
  'referer' => 'http://local.hqy.com/v1/index/index.html',
  'user-agent' => 'Mozilla/5.0 (Windows NT 6.1; WOW64) AppleWebKit/537.36 (KHTML, like Gecko) Chrome/65.0.3325.181 Safari/537.36',
  'x-requested-with' => 'XMLHttpRequest',
  'origin' => 'http://local.hqy.com',
  'accept' => 'application/json, text/javascript, */*; q=0.01',
  'content-length' => '0',
  'connection' => 'keep-alive',
  'host' => 'local.hqy.com',
  'content-type' => '',
)
[ info ] [ PARAM ] array (
)
[ info ] [ RUN ] app\v1\controller\Login->logout[ /opt/web/hqy/application/v1/controller/Login.php ]
[ info ] [ SESSION ] INIT array (
  'id' => '',
  'var_session_id' => '',
  'prefix' => 'think',
  'type' => '',
  'auto_start' => true,
)
[ info ] [ LOG ] INIT File
---------------------------------------------------------------
[ 2019-08-07T16:26:48+08:00 ] 172.26.2.190 GET local.hqy.com/v1/index/index.html
[运行时间：0.167350s] [吞吐率：5.98req/s] [内存消耗：1,291.52kb] [文件加载：44]
[ info ] [ LANG ] /opt/web/hqy/thinkphp/lang/zh-cn.php
[ info ] [ ROUTE ] array (
  'type' => 'module',
  'module' => 
  array (
    0 => 'v1',
    1 => 'index',
    2 => 'index',
  ),
)
[ info ] [ HEADER ] array (
  'cookie' => 'PHPSESSID=85usmcqn38ifecrhdjpfi0dqjn',
  'accept-language' => 'zh-CN,zh;q=0.9',
  'accept-encoding' => 'gzip, deflate',
  'referer' => 'http://local.hqy.com/v1/index/index.html',
  'accept' => 'text/html,application/xhtml+xml,application/xml;q=0.9,image/webp,image/apng,*/*;q=0.8',
  'user-agent' => 'Mozilla/5.0 (Windows NT 6.1; WOW64) AppleWebKit/537.36 (KHTML, like Gecko) Chrome/65.0.3325.181 Safari/537.36',
  'upgrade-insecure-requests' => '1',
  'cache-control' => 'max-age=0',
  'connection' => 'keep-alive',
  'host' => 'local.hqy.com',
  'content-type' => '',
  'content-length' => '',
)
[ info ] [ PARAM ] array (
)
[ info ] [ SESSION ] INIT array (
  'id' => '',
  'var_session_id' => '',
  'prefix' => 'think',
  'type' => '',
  'auto_start' => true,
)
[ info ] [ LOG ] INIT File
---------------------------------------------------------------
[ 2019-08-07T16:26:49+08:00 ] 172.26.2.190 GET local.hqy.com/v1/login/index.html
[运行时间：0.198931s] [吞吐率：5.03req/s] [内存消耗：1,411.99kb] [文件加载：44]
[ info ] [ LANG ] /opt/web/hqy/thinkphp/lang/zh-cn.php
[ info ] [ ROUTE ] array (
  'type' => 'module',
  'module' => 
  array (
    0 => 'v1',
    1 => 'login',
    2 => 'index',
  ),
)
[ info ] [ HEADER ] array (
  'cookie' => 'PHPSESSID=85usmcqn38ifecrhdjpfi0dqjn',
  'accept-language' => 'zh-CN,zh;q=0.9',
  'accept-encoding' => 'gzip, deflate',
  'referer' => 'http://local.hqy.com/v1/index/index.html',
  'accept' => 'text/html,application/xhtml+xml,application/xml;q=0.9,image/webp,image/apng,*/*;q=0.8',
  'user-agent' => 'Mozilla/5.0 (Windows NT 6.1; WOW64) AppleWebKit/537.36 (KHTML, like Gecko) Chrome/65.0.3325.181 Safari/537.36',
  'upgrade-insecure-requests' => '1',
  'cache-control' => 'max-age=0',
  'connection' => 'keep-alive',
  'host' => 'local.hqy.com',
  'content-type' => '',
  'content-length' => '',
)
[ info ] [ PARAM ] array (
)
[ info ] [ RUN ] app\v1\controller\Login->index[ /opt/web/hqy/application/v1/controller/Login.php ]
[ info ] [ VIEW ] /opt/web/hqy/public/../application/v1/view/login/index.html [ array (
) ]
[ info ] [ LOG ] INIT File
---------------------------------------------------------------
[ 2019-08-07T16:26:49+08:00 ] 172.26.2.190 GET local.hqy.com/static/assets/components/bootstrap-select/css/bootstrap-select.css.map
[运行时间：0.179447s] [吞吐率：5.57req/s] [内存消耗：1,023.53kb] [文件加载：36]
[ info ] [ LANG ] /opt/web/hqy/thinkphp/lang/zh-cn.php
[ info ] [ ROUTE ] array (
  'type' => 'module',
  'module' => 
  array (
    0 => 'static',
    1 => 'assets',
    2 => 'components',
  ),
)
[ info ] [ HEADER ] array (
  'cookie' => 'PHPSESSID=85usmcqn38ifecrhdjpfi0dqjn',
  'accept-language' => 'zh-CN,zh;q=0.9',
  'accept-encoding' => 'gzip, deflate',
  'user-agent' => 'Mozilla/5.0 (Windows NT 6.1; WOW64) AppleWebKit/537.36 (KHTML, like Gecko) Chrome/65.0.3325.181 Safari/537.36',
  'connection' => 'keep-alive',
  'host' => 'local.hqy.com',
  'content-type' => '',
  'content-length' => '',
)
[ info ] [ PARAM ] array (
  'select' => 'css',
)
[ info ] [ LOG ] INIT File
---------------------------------------------------------------
[ 2019-08-07T16:26:58+08:00 ] 172.26.2.190 POST local.hqy.com/v1/login/check.html
[运行时间：0.688317s] [吞吐率：1.45req/s] [内存消耗：2,466.16kb] [文件加载：57]
[ info ] [ LANG ] /opt/web/hqy/thinkphp/lang/zh-cn.php
[ info ] [ ROUTE ] array (
  'type' => 'module',
  'module' => 
  array (
    0 => 'v1',
    1 => 'login',
    2 => 'check',
  ),
)
[ info ] [ HEADER ] array (
  'cookie' => 'PHPSESSID=85usmcqn38ifecrhdjpfi0dqjn',
  'accept-language' => 'zh-CN,zh;q=0.9',
  'accept-encoding' => 'gzip, deflate',
  'referer' => 'http://local.hqy.com/v1/login/index.html',
  'content-type' => 'application/x-www-form-urlencoded; charset=UTF-8',
  'user-agent' => 'Mozilla/5.0 (Windows NT 6.1; WOW64) AppleWebKit/537.36 (KHTML, like Gecko) Chrome/65.0.3325.181 Safari/537.36',
  'x-requested-with' => 'XMLHttpRequest',
  'origin' => 'http://local.hqy.com',
  'accept' => 'application/json, text/javascript, */*; q=0.01',
  'content-length' => '52',
  'connection' => 'keep-alive',
  'host' => 'local.hqy.com',
)
[ info ] [ PARAM ] array (
  'username' => '史玉龙',
  'password' => '065012',
)
[ info ] [ RUN ] app\v1\controller\Login->check[ /opt/web/hqy/application/v1/controller/Login.php ]
[ info ] [ CACHE ] INIT redis
[ info ] [ DB ] INIT mysql
[ info ] [ SESSION ] INIT array (
  'id' => '',
  'var_session_id' => '',
  'prefix' => 'think',
  'type' => '',
  'auto_start' => true,
)
[ info ] [ LOG ] INIT File
[ sql ] [ DB ] CONNECT:[ UseTime:0.111090s ] mysql:host=47.105.48.137;dbname=huiqiyun;charset=utf8
[ sql ] [ SQL ] SHOW COLUMNS FROM `h_admin` [ RunTime:0.075433s ]
[ sql ] [ SQL ] SELECT * FROM `h_admin` WHERE  `username` = '史玉龙'  AND `is_del` = 0 LIMIT 1 [ RunTime:0.078753s ]
---------------------------------------------------------------
[ 2019-08-07T16:26:59+08:00 ] 172.26.2.190 GET local.hqy.com/v1/index/index.html
[运行时间：0.440593s] [吞吐率：2.27req/s] [内存消耗：1,622.25kb] [文件加载：49]
[ info ] [ LANG ] /opt/web/hqy/thinkphp/lang/zh-cn.php
[ info ] [ ROUTE ] array (
  'type' => 'module',
  'module' => 
  array (
    0 => 'v1',
    1 => 'index',
    2 => 'index',
  ),
)
[ info ] [ HEADER ] array (
  'cookie' => 'PHPSESSID=85usmcqn38ifecrhdjpfi0dqjn',
  'accept-language' => 'zh-CN,zh;q=0.9',
  'accept-encoding' => 'gzip, deflate',
  'referer' => 'http://local.hqy.com/v1/login/index.html',
  'accept' => 'text/html,application/xhtml+xml,application/xml;q=0.9,image/webp,image/apng,*/*;q=0.8',
  'user-agent' => 'Mozilla/5.0 (Windows NT 6.1; WOW64) AppleWebKit/537.36 (KHTML, like Gecko) Chrome/65.0.3325.181 Safari/537.36',
  'upgrade-insecure-requests' => '1',
  'connection' => 'keep-alive',
  'host' => 'local.hqy.com',
  'content-type' => '',
  'content-length' => '',
)
[ info ] [ PARAM ] array (
)
[ info ] [ SESSION ] INIT array (
  'id' => '',
  'var_session_id' => '',
  'prefix' => 'think',
  'type' => '',
  'auto_start' => true,
)
[ info ] [ RUN ] app\v1\controller\Index->index[ /opt/web/hqy/application/v1/controller/Index.php ]
[ info ] [ CACHE ] INIT redis
[ info ] [ VIEW ] /opt/web/hqy/public/../application/v1/view/index/index.html [ array (
  0 => 'site',
  1 => 'config',
  2 => 'request',
  3 => 'userInfo',
  4 => 'adaptive',
) ]
[ info ] [ LOG ] INIT File
---------------------------------------------------------------
[ 2019-08-07T16:26:59+08:00 ] 172.26.2.190 GET local.hqy.com/static/assets/components/bootstrap-select/css/bootstrap-select.css.map
[运行时间：0.143237s] [吞吐率：6.98req/s] [内存消耗：1,023.53kb] [文件加载：36]
[ info ] [ LANG ] /opt/web/hqy/thinkphp/lang/zh-cn.php
[ info ] [ ROUTE ] array (
  'type' => 'module',
  'module' => 
  array (
    0 => 'static',
    1 => 'assets',
    2 => 'components',
  ),
)
[ info ] [ HEADER ] array (
  'cookie' => 'PHPSESSID=85usmcqn38ifecrhdjpfi0dqjn',
  'accept-language' => 'zh-CN,zh;q=0.9',
  'accept-encoding' => 'gzip, deflate',
  'user-agent' => 'Mozilla/5.0 (Windows NT 6.1; WOW64) AppleWebKit/537.36 (KHTML, like Gecko) Chrome/65.0.3325.181 Safari/537.36',
  'connection' => 'keep-alive',
  'host' => 'local.hqy.com',
  'content-type' => '',
  'content-length' => '',
)
[ info ] [ PARAM ] array (
  'select' => 'css',
)
[ info ] [ LOG ] INIT File
---------------------------------------------------------------
[ 2019-08-07T16:27:21+08:00 ] 172.26.2.190 POST local.hqy.com/v1/login/logout.html
[运行时间：0.166788s] [吞吐率：6.00req/s] [内存消耗：1,271.03kb] [文件加载：43]
[ info ] [ LANG ] /opt/web/hqy/thinkphp/lang/zh-cn.php
[ info ] [ ROUTE ] array (
  'type' => 'module',
  'module' => 
  array (
    0 => 'v1',
    1 => 'login',
    2 => 'logout',
  ),
)
[ info ] [ HEADER ] array (
  'cookie' => 'PHPSESSID=85usmcqn38ifecrhdjpfi0dqjn',
  'accept-language' => 'zh-CN,zh;q=0.9',
  'accept-encoding' => 'gzip, deflate',
  'referer' => 'http://local.hqy.com/v1/index/index.html',
  'user-agent' => 'Mozilla/5.0 (Windows NT 6.1; WOW64) AppleWebKit/537.36 (KHTML, like Gecko) Chrome/65.0.3325.181 Safari/537.36',
  'x-requested-with' => 'XMLHttpRequest',
  'origin' => 'http://local.hqy.com',
  'accept' => 'application/json, text/javascript, */*; q=0.01',
  'content-length' => '0',
  'connection' => 'keep-alive',
  'host' => 'local.hqy.com',
  'content-type' => '',
)
[ info ] [ PARAM ] array (
)
[ info ] [ RUN ] app\v1\controller\Login->logout[ /opt/web/hqy/application/v1/controller/Login.php ]
[ info ] [ SESSION ] INIT array (
  'id' => '',
  'var_session_id' => '',
  'prefix' => 'think',
  'type' => '',
  'auto_start' => true,
)
[ info ] [ LOG ] INIT File
---------------------------------------------------------------
[ 2019-08-07T16:27:23+08:00 ] 172.26.2.190 GET local.hqy.com/v1/index/index.html
[运行时间：0.171490s] [吞吐率：5.83req/s] [内存消耗：1,291.52kb] [文件加载：44]
[ info ] [ LANG ] /opt/web/hqy/thinkphp/lang/zh-cn.php
[ info ] [ ROUTE ] array (
  'type' => 'module',
  'module' => 
  array (
    0 => 'v1',
    1 => 'index',
    2 => 'index',
  ),
)
[ info ] [ HEADER ] array (
  'cookie' => 'PHPSESSID=85usmcqn38ifecrhdjpfi0dqjn',
  'accept-language' => 'zh-CN,zh;q=0.9',
  'accept-encoding' => 'gzip, deflate',
  'referer' => 'http://local.hqy.com/v1/index/index.html',
  'accept' => 'text/html,application/xhtml+xml,application/xml;q=0.9,image/webp,image/apng,*/*;q=0.8',
  'user-agent' => 'Mozilla/5.0 (Windows NT 6.1; WOW64) AppleWebKit/537.36 (KHTML, like Gecko) Chrome/65.0.3325.181 Safari/537.36',
  'upgrade-insecure-requests' => '1',
  'cache-control' => 'max-age=0',
  'connection' => 'keep-alive',
  'host' => 'local.hqy.com',
  'content-type' => '',
  'content-length' => '',
)
[ info ] [ PARAM ] array (
)
[ info ] [ SESSION ] INIT array (
  'id' => '',
  'var_session_id' => '',
  'prefix' => 'think',
  'type' => '',
  'auto_start' => true,
)
[ info ] [ LOG ] INIT File
---------------------------------------------------------------
[ 2019-08-07T16:27:23+08:00 ] 172.26.2.190 GET local.hqy.com/v1/login/index.html
[运行时间：0.200255s] [吞吐率：4.99req/s] [内存消耗：1,411.99kb] [文件加载：44]
[ info ] [ LANG ] /opt/web/hqy/thinkphp/lang/zh-cn.php
[ info ] [ ROUTE ] array (
  'type' => 'module',
  'module' => 
  array (
    0 => 'v1',
    1 => 'login',
    2 => 'index',
  ),
)
[ info ] [ HEADER ] array (
  'cookie' => 'PHPSESSID=85usmcqn38ifecrhdjpfi0dqjn',
  'accept-language' => 'zh-CN,zh;q=0.9',
  'accept-encoding' => 'gzip, deflate',
  'referer' => 'http://local.hqy.com/v1/index/index.html',
  'accept' => 'text/html,application/xhtml+xml,application/xml;q=0.9,image/webp,image/apng,*/*;q=0.8',
  'user-agent' => 'Mozilla/5.0 (Windows NT 6.1; WOW64) AppleWebKit/537.36 (KHTML, like Gecko) Chrome/65.0.3325.181 Safari/537.36',
  'upgrade-insecure-requests' => '1',
  'cache-control' => 'max-age=0',
  'connection' => 'keep-alive',
  'host' => 'local.hqy.com',
  'content-type' => '',
  'content-length' => '',
)
[ info ] [ PARAM ] array (
)
[ info ] [ RUN ] app\v1\controller\Login->index[ /opt/web/hqy/application/v1/controller/Login.php ]
[ info ] [ VIEW ] /opt/web/hqy/public/../application/v1/view/login/index.html [ array (
) ]
[ info ] [ LOG ] INIT File
---------------------------------------------------------------
[ 2019-08-07T16:27:24+08:00 ] 172.26.2.190 GET local.hqy.com/static/assets/components/bootstrap-select/css/bootstrap-select.css.map
[运行时间：0.169587s] [吞吐率：5.90req/s] [内存消耗：1,023.53kb] [文件加载：36]
[ info ] [ LANG ] /opt/web/hqy/thinkphp/lang/zh-cn.php
[ info ] [ ROUTE ] array (
  'type' => 'module',
  'module' => 
  array (
    0 => 'static',
    1 => 'assets',
    2 => 'components',
  ),
)
[ info ] [ HEADER ] array (
  'cookie' => 'PHPSESSID=85usmcqn38ifecrhdjpfi0dqjn',
  'accept-language' => 'zh-CN,zh;q=0.9',
  'accept-encoding' => 'gzip, deflate',
  'user-agent' => 'Mozilla/5.0 (Windows NT 6.1; WOW64) AppleWebKit/537.36 (KHTML, like Gecko) Chrome/65.0.3325.181 Safari/537.36',
  'connection' => 'keep-alive',
  'host' => 'local.hqy.com',
  'content-type' => '',
  'content-length' => '',
)
[ info ] [ PARAM ] array (
  'select' => 'css',
)
[ info ] [ LOG ] INIT File
---------------------------------------------------------------
[ 2019-08-07T16:34:09+08:00 ] 172.26.2.190 POST local.hqy.com/v1/login/check.html
[运行时间：0.790106s] [吞吐率：1.27req/s] [内存消耗：2,466.16kb] [文件加载：57]
[ info ] [ LANG ] /opt/web/hqy/thinkphp/lang/zh-cn.php
[ info ] [ ROUTE ] array (
  'type' => 'module',
  'module' => 
  array (
    0 => 'v1',
    1 => 'login',
    2 => 'check',
  ),
)
[ info ] [ HEADER ] array (
  'cookie' => 'PHPSESSID=85usmcqn38ifecrhdjpfi0dqjn',
  'accept-language' => 'zh-CN,zh;q=0.9',
  'accept-encoding' => 'gzip, deflate',
  'referer' => 'http://local.hqy.com/v1/login/index.html',
  'content-type' => 'application/x-www-form-urlencoded; charset=UTF-8',
  'user-agent' => 'Mozilla/5.0 (Windows NT 6.1; WOW64) AppleWebKit/537.36 (KHTML, like Gecko) Chrome/65.0.3325.181 Safari/537.36',
  'x-requested-with' => 'XMLHttpRequest',
  'origin' => 'http://local.hqy.com',
  'accept' => 'application/json, text/javascript, */*; q=0.01',
  'content-length' => '52',
  'connection' => 'keep-alive',
  'host' => 'local.hqy.com',
)
[ info ] [ PARAM ] array (
  'username' => '史玉龙',
  'password' => '065012',
)
[ info ] [ RUN ] app\v1\controller\Login->check[ /opt/web/hqy/application/v1/controller/Login.php ]
[ info ] [ CACHE ] INIT redis
[ info ] [ DB ] INIT mysql
[ info ] [ SESSION ] INIT array (
  'id' => '',
  'var_session_id' => '',
  'prefix' => 'think',
  'type' => '',
  'auto_start' => true,
)
[ info ] [ LOG ] INIT File
[ sql ] [ DB ] CONNECT:[ UseTime:0.115597s ] mysql:host=47.105.48.137;dbname=huiqiyun;charset=utf8
[ sql ] [ SQL ] SHOW COLUMNS FROM `h_admin` [ RunTime:0.079727s ]
[ sql ] [ SQL ] SELECT * FROM `h_admin` WHERE  `username` = '史玉龙'  AND `is_del` = 0 LIMIT 1 [ RunTime:0.081898s ]
---------------------------------------------------------------
[ 2019-08-07T16:34:09+08:00 ] 172.26.2.190 GET local.hqy.com/v1/index/index.html
[运行时间：0.494894s] [吞吐率：2.02req/s] [内存消耗：1,622.25kb] [文件加载：49]
[ info ] [ LANG ] /opt/web/hqy/thinkphp/lang/zh-cn.php
[ info ] [ ROUTE ] array (
  'type' => 'module',
  'module' => 
  array (
    0 => 'v1',
    1 => 'index',
    2 => 'index',
  ),
)
[ info ] [ HEADER ] array (
  'cookie' => 'PHPSESSID=85usmcqn38ifecrhdjpfi0dqjn',
  'accept-language' => 'zh-CN,zh;q=0.9',
  'accept-encoding' => 'gzip, deflate',
  'referer' => 'http://local.hqy.com/v1/login/index.html',
  'accept' => 'text/html,application/xhtml+xml,application/xml;q=0.9,image/webp,image/apng,*/*;q=0.8',
  'user-agent' => 'Mozilla/5.0 (Windows NT 6.1; WOW64) AppleWebKit/537.36 (KHTML, like Gecko) Chrome/65.0.3325.181 Safari/537.36',
  'upgrade-insecure-requests' => '1',
  'connection' => 'keep-alive',
  'host' => 'local.hqy.com',
  'content-type' => '',
  'content-length' => '',
)
[ info ] [ PARAM ] array (
)
[ info ] [ SESSION ] INIT array (
  'id' => '',
  'var_session_id' => '',
  'prefix' => 'think',
  'type' => '',
  'auto_start' => true,
)
[ info ] [ RUN ] app\v1\controller\Index->index[ /opt/web/hqy/application/v1/controller/Index.php ]
[ info ] [ CACHE ] INIT redis
[ info ] [ VIEW ] /opt/web/hqy/public/../application/v1/view/index/index.html [ array (
  0 => 'site',
  1 => 'config',
  2 => 'request',
  3 => 'userInfo',
  4 => 'adaptive',
) ]
[ info ] [ LOG ] INIT File
---------------------------------------------------------------
[ 2019-08-07T16:34:10+08:00 ] 172.26.2.190 GET local.hqy.com/static/assets/components/bootstrap-select/css/bootstrap-select.css.map
[运行时间：0.151636s] [吞吐率：6.59req/s] [内存消耗：1,023.53kb] [文件加载：36]
[ info ] [ LANG ] /opt/web/hqy/thinkphp/lang/zh-cn.php
[ info ] [ ROUTE ] array (
  'type' => 'module',
  'module' => 
  array (
    0 => 'static',
    1 => 'assets',
    2 => 'components',
  ),
)
[ info ] [ HEADER ] array (
  'cookie' => 'PHPSESSID=85usmcqn38ifecrhdjpfi0dqjn',
  'accept-language' => 'zh-CN,zh;q=0.9',
  'accept-encoding' => 'gzip, deflate',
  'user-agent' => 'Mozilla/5.0 (Windows NT 6.1; WOW64) AppleWebKit/537.36 (KHTML, like Gecko) Chrome/65.0.3325.181 Safari/537.36',
  'connection' => 'keep-alive',
  'host' => 'local.hqy.com',
  'content-type' => '',
  'content-length' => '',
)
[ info ] [ PARAM ] array (
  'select' => 'css',
)
[ info ] [ LOG ] INIT File
---------------------------------------------------------------
[ 2019-08-07T16:34:24+08:00 ] 172.26.2.190 GET local.hqy.com/v1/index/index.html
[运行时间：0.339531s] [吞吐率：2.95req/s] [内存消耗：1,348.31kb] [文件加载：45]
[ info ] [ LANG ] /opt/web/hqy/thinkphp/lang/zh-cn.php
[ info ] [ ROUTE ] array (
  'type' => 'module',
  'module' => 
  array (
    0 => 'v1',
    1 => 'index',
    2 => 'index',
  ),
)
[ info ] [ HEADER ] array (
  'cookie' => 'PHPSESSID=85usmcqn38ifecrhdjpfi0dqjn',
  'accept-language' => 'zh-CN,zh;q=0.9',
  'accept-encoding' => 'gzip, deflate',
  'referer' => 'http://local.hqy.com/v1/login/index.html',
  'accept' => 'text/html,application/xhtml+xml,application/xml;q=0.9,image/webp,image/apng,*/*;q=0.8',
  'user-agent' => 'Mozilla/5.0 (Windows NT 6.1; WOW64) AppleWebKit/537.36 (KHTML, like Gecko) Chrome/65.0.3325.181 Safari/537.36',
  'upgrade-insecure-requests' => '1',
  'cache-control' => 'max-age=0',
  'connection' => 'keep-alive',
  'host' => 'local.hqy.com',
  'content-type' => '',
  'content-length' => '',
)
[ info ] [ PARAM ] array (
)
[ info ] [ SESSION ] INIT array (
  'id' => '',
  'var_session_id' => '',
  'prefix' => 'think',
  'type' => '',
  'auto_start' => true,
)
[ info ] [ RUN ] app\v1\controller\Index->index[ /opt/web/hqy/application/v1/controller/Index.php ]
[ info ] [ CACHE ] INIT redis
[ info ] [ LOG ] INIT File
---------------------------------------------------------------
[ 2019-08-07T16:39:44+08:00 ] 172.26.2.190 GET local.hqy.com/v1/index/index.html
[运行时间：0.422076s] [吞吐率：2.37req/s] [内存消耗：1,348.31kb] [文件加载：45]
[ info ] [ LANG ] /opt/web/hqy/thinkphp/lang/zh-cn.php
[ info ] [ ROUTE ] array (
  'type' => 'module',
  'module' => 
  array (
    0 => 'v1',
    1 => 'index',
    2 => 'index',
  ),
)
[ info ] [ HEADER ] array (
  'cookie' => 'PHPSESSID=85usmcqn38ifecrhdjpfi0dqjn',
  'accept-language' => 'zh-CN,zh;q=0.9',
  'accept-encoding' => 'gzip, deflate',
  'referer' => 'http://local.hqy.com/v1/login/index.html',
  'accept' => 'text/html,application/xhtml+xml,application/xml;q=0.9,image/webp,image/apng,*/*;q=0.8',
  'user-agent' => 'Mozilla/5.0 (Windows NT 6.1; WOW64) AppleWebKit/537.36 (KHTML, like Gecko) Chrome/65.0.3325.181 Safari/537.36',
  'upgrade-insecure-requests' => '1',
  'cache-control' => 'max-age=0',
  'connection' => 'keep-alive',
  'host' => 'local.hqy.com',
  'content-type' => '',
  'content-length' => '',
)
[ info ] [ PARAM ] array (
)
[ info ] [ SESSION ] INIT array (
  'id' => '',
  'var_session_id' => '',
  'prefix' => 'think',
  'type' => '',
  'auto_start' => true,
)
[ info ] [ RUN ] app\v1\controller\Index->index[ /opt/web/hqy/application/v1/controller/Index.php ]
[ info ] [ CACHE ] INIT redis
[ info ] [ LOG ] INIT File
---------------------------------------------------------------
[ 2019-08-07T16:39:54+08:00 ] 172.26.2.190 GET local.hqy.com/v1/index/index.html
[运行时间：0.506650s] [吞吐率：1.97req/s] [内存消耗：1,622.71kb] [文件加载：49]
[ info ] [ LANG ] /opt/web/hqy/thinkphp/lang/zh-cn.php
[ info ] [ ROUTE ] array (
  'type' => 'module',
  'module' => 
  array (
    0 => 'v1',
    1 => 'index',
    2 => 'index',
  ),
)
[ info ] [ HEADER ] array (
  'cookie' => 'PHPSESSID=85usmcqn38ifecrhdjpfi0dqjn',
  'accept-language' => 'zh-CN,zh;q=0.9',
  'accept-encoding' => 'gzip, deflate',
  'referer' => 'http://local.hqy.com/v1/login/index.html',
  'accept' => 'text/html,application/xhtml+xml,application/xml;q=0.9,image/webp,image/apng,*/*;q=0.8',
  'user-agent' => 'Mozilla/5.0 (Windows NT 6.1; WOW64) AppleWebKit/537.36 (KHTML, like Gecko) Chrome/65.0.3325.181 Safari/537.36',
  'upgrade-insecure-requests' => '1',
  'cache-control' => 'max-age=0',
  'connection' => 'keep-alive',
  'host' => 'local.hqy.com',
  'content-type' => '',
  'content-length' => '',
)
[ info ] [ PARAM ] array (
)
[ info ] [ SESSION ] INIT array (
  'id' => '',
  'var_session_id' => '',
  'prefix' => 'think',
  'type' => '',
  'auto_start' => true,
)
[ info ] [ RUN ] app\v1\controller\Index->index[ /opt/web/hqy/application/v1/controller/Index.php ]
[ info ] [ CACHE ] INIT redis
[ info ] [ VIEW ] /opt/web/hqy/public/../application/v1/view/index/index.html [ array (
  0 => 'site',
  1 => 'config',
  2 => 'request',
  3 => 'userInfo',
  4 => 'adaptive',
) ]
[ info ] [ LOG ] INIT File
---------------------------------------------------------------
[ 2019-08-07T16:39:54+08:00 ] 172.26.2.190 GET local.hqy.com/static/assets/components/bootstrap-select/css/bootstrap-select.css.map
[运行时间：0.155640s] [吞吐率：6.43req/s] [内存消耗：1,023.53kb] [文件加载：36]
[ info ] [ LANG ] /opt/web/hqy/thinkphp/lang/zh-cn.php
[ info ] [ ROUTE ] array (
  'type' => 'module',
  'module' => 
  array (
    0 => 'static',
    1 => 'assets',
    2 => 'components',
  ),
)
[ info ] [ HEADER ] array (
  'cookie' => 'PHPSESSID=85usmcqn38ifecrhdjpfi0dqjn',
  'accept-language' => 'zh-CN,zh;q=0.9',
  'accept-encoding' => 'gzip, deflate',
  'user-agent' => 'Mozilla/5.0 (Windows NT 6.1; WOW64) AppleWebKit/537.36 (KHTML, like Gecko) Chrome/65.0.3325.181 Safari/537.36',
  'connection' => 'keep-alive',
  'host' => 'local.hqy.com',
  'content-type' => '',
  'content-length' => '',
)
[ info ] [ PARAM ] array (
  'select' => 'css',
)
[ info ] [ LOG ] INIT File
---------------------------------------------------------------
[ 2019-08-07T16:39:58+08:00 ] 172.26.2.190 POST local.hqy.com/v1/login/logout.html
[运行时间：0.168038s] [吞吐率：5.95req/s] [内存消耗：1,271.03kb] [文件加载：43]
[ info ] [ LANG ] /opt/web/hqy/thinkphp/lang/zh-cn.php
[ info ] [ ROUTE ] array (
  'type' => 'module',
  'module' => 
  array (
    0 => 'v1',
    1 => 'login',
    2 => 'logout',
  ),
)
[ info ] [ HEADER ] array (
  'cookie' => 'PHPSESSID=85usmcqn38ifecrhdjpfi0dqjn',
  'accept-language' => 'zh-CN,zh;q=0.9',
  'accept-encoding' => 'gzip, deflate',
  'referer' => 'http://local.hqy.com/v1/index/index.html',
  'user-agent' => 'Mozilla/5.0 (Windows NT 6.1; WOW64) AppleWebKit/537.36 (KHTML, like Gecko) Chrome/65.0.3325.181 Safari/537.36',
  'x-requested-with' => 'XMLHttpRequest',
  'origin' => 'http://local.hqy.com',
  'accept' => 'application/json, text/javascript, */*; q=0.01',
  'content-length' => '0',
  'connection' => 'keep-alive',
  'host' => 'local.hqy.com',
  'content-type' => '',
)
[ info ] [ PARAM ] array (
)
[ info ] [ RUN ] app\v1\controller\Login->logout[ /opt/web/hqy/application/v1/controller/Login.php ]
[ info ] [ SESSION ] INIT array (
  'id' => '',
  'var_session_id' => '',
  'prefix' => 'think',
  'type' => '',
  'auto_start' => true,
)
[ info ] [ LOG ] INIT File
---------------------------------------------------------------
[ 2019-08-07T16:40:00+08:00 ] 172.26.2.190 GET local.hqy.com/v1/index/index.html
[运行时间：0.192884s] [吞吐率：5.18req/s] [内存消耗：1,291.52kb] [文件加载：44]
[ info ] [ LANG ] /opt/web/hqy/thinkphp/lang/zh-cn.php
[ info ] [ ROUTE ] array (
  'type' => 'module',
  'module' => 
  array (
    0 => 'v1',
    1 => 'index',
    2 => 'index',
  ),
)
[ info ] [ HEADER ] array (
  'cookie' => 'PHPSESSID=85usmcqn38ifecrhdjpfi0dqjn',
  'accept-language' => 'zh-CN,zh;q=0.9',
  'accept-encoding' => 'gzip, deflate',
  'referer' => 'http://local.hqy.com/v1/index/index.html',
  'accept' => 'text/html,application/xhtml+xml,application/xml;q=0.9,image/webp,image/apng,*/*;q=0.8',
  'user-agent' => 'Mozilla/5.0 (Windows NT 6.1; WOW64) AppleWebKit/537.36 (KHTML, like Gecko) Chrome/65.0.3325.181 Safari/537.36',
  'upgrade-insecure-requests' => '1',
  'cache-control' => 'max-age=0',
  'connection' => 'keep-alive',
  'host' => 'local.hqy.com',
  'content-type' => '',
  'content-length' => '',
)
[ info ] [ PARAM ] array (
)
[ info ] [ SESSION ] INIT array (
  'id' => '',
  'var_session_id' => '',
  'prefix' => 'think',
  'type' => '',
  'auto_start' => true,
)
[ info ] [ LOG ] INIT File
---------------------------------------------------------------
[ 2019-08-07T16:40:00+08:00 ] 172.26.2.190 GET local.hqy.com/v1/login/index.html
[运行时间：0.208698s] [吞吐率：4.79req/s] [内存消耗：1,411.99kb] [文件加载：44]
[ info ] [ LANG ] /opt/web/hqy/thinkphp/lang/zh-cn.php
[ info ] [ ROUTE ] array (
  'type' => 'module',
  'module' => 
  array (
    0 => 'v1',
    1 => 'login',
    2 => 'index',
  ),
)
[ info ] [ HEADER ] array (
  'cookie' => 'PHPSESSID=85usmcqn38ifecrhdjpfi0dqjn',
  'accept-language' => 'zh-CN,zh;q=0.9',
  'accept-encoding' => 'gzip, deflate',
  'referer' => 'http://local.hqy.com/v1/index/index.html',
  'accept' => 'text/html,application/xhtml+xml,application/xml;q=0.9,image/webp,image/apng,*/*;q=0.8',
  'user-agent' => 'Mozilla/5.0 (Windows NT 6.1; WOW64) AppleWebKit/537.36 (KHTML, like Gecko) Chrome/65.0.3325.181 Safari/537.36',
  'upgrade-insecure-requests' => '1',
  'cache-control' => 'max-age=0',
  'connection' => 'keep-alive',
  'host' => 'local.hqy.com',
  'content-type' => '',
  'content-length' => '',
)
[ info ] [ PARAM ] array (
)
[ info ] [ RUN ] app\v1\controller\Login->index[ /opt/web/hqy/application/v1/controller/Login.php ]
[ info ] [ VIEW ] /opt/web/hqy/public/../application/v1/view/login/index.html [ array (
) ]
[ info ] [ LOG ] INIT File
---------------------------------------------------------------
[ 2019-08-07T16:40:00+08:00 ] 172.26.2.190 GET local.hqy.com/static/assets/components/bootstrap-select/css/bootstrap-select.css.map
[运行时间：0.167023s] [吞吐率：5.99req/s] [内存消耗：1,023.53kb] [文件加载：36]
[ info ] [ LANG ] /opt/web/hqy/thinkphp/lang/zh-cn.php
[ info ] [ ROUTE ] array (
  'type' => 'module',
  'module' => 
  array (
    0 => 'static',
    1 => 'assets',
    2 => 'components',
  ),
)
[ info ] [ HEADER ] array (
  'cookie' => 'PHPSESSID=85usmcqn38ifecrhdjpfi0dqjn',
  'accept-language' => 'zh-CN,zh;q=0.9',
  'accept-encoding' => 'gzip, deflate',
  'user-agent' => 'Mozilla/5.0 (Windows NT 6.1; WOW64) AppleWebKit/537.36 (KHTML, like Gecko) Chrome/65.0.3325.181 Safari/537.36',
  'connection' => 'keep-alive',
  'host' => 'local.hqy.com',
  'content-type' => '',
  'content-length' => '',
)
[ info ] [ PARAM ] array (
  'select' => 'css',
)
[ info ] [ LOG ] INIT File
---------------------------------------------------------------
[ 2019-08-07T16:40:07+08:00 ] 172.26.2.190 POST local.hqy.com/v1/login/check.html
[运行时间：0.609307s] [吞吐率：1.64req/s] [内存消耗：2,414.29kb] [文件加载：53]
[ info ] [ LANG ] /opt/web/hqy/thinkphp/lang/zh-cn.php
[ info ] [ ROUTE ] array (
  'type' => 'module',
  'module' => 
  array (
    0 => 'v1',
    1 => 'login',
    2 => 'check',
  ),
)
[ info ] [ HEADER ] array (
  'cookie' => 'PHPSESSID=85usmcqn38ifecrhdjpfi0dqjn',
  'accept-language' => 'zh-CN,zh;q=0.9',
  'accept-encoding' => 'gzip, deflate',
  'referer' => 'http://local.hqy.com/v1/login/index.html',
  'content-type' => 'application/x-www-form-urlencoded; charset=UTF-8',
  'user-agent' => 'Mozilla/5.0 (Windows NT 6.1; WOW64) AppleWebKit/537.36 (KHTML, like Gecko) Chrome/65.0.3325.181 Safari/537.36',
  'x-requested-with' => 'XMLHttpRequest',
  'origin' => 'http://local.hqy.com',
  'accept' => 'application/json, text/javascript, */*; q=0.01',
  'content-length' => '52',
  'connection' => 'keep-alive',
  'host' => 'local.hqy.com',
)
[ info ] [ PARAM ] array (
  'username' => '史玉龙',
  'password' => '065012',
)
[ info ] [ RUN ] app\v1\controller\Login->check[ /opt/web/hqy/application/v1/controller/Login.php ]
[ info ] [ CACHE ] INIT redis
[ info ] [ DB ] INIT mysql
[ info ] [ LOG ] INIT File
[ sql ] [ DB ] CONNECT:[ UseTime:0.107725s ] mysql:host=47.105.48.137;dbname=huiqiyun;charset=utf8
[ sql ] [ SQL ] SHOW COLUMNS FROM `h_admin` [ RunTime:0.074342s ]
[ sql ] [ SQL ] SELECT * FROM `h_admin` WHERE  `username` = '史玉龙'  AND `is_del` = 0 LIMIT 1 [ RunTime:0.074971s ]
---------------------------------------------------------------
[ 2019-08-07T16:40:51+08:00 ] 172.26.2.190 POST local.hqy.com/v1/login/check.html
[运行时间：0.631528s] [吞吐率：1.58req/s] [内存消耗：2,414.29kb] [文件加载：53]
[ info ] [ LANG ] /opt/web/hqy/thinkphp/lang/zh-cn.php
[ info ] [ ROUTE ] array (
  'type' => 'module',
  'module' => 
  array (
    0 => 'v1',
    1 => 'login',
    2 => 'check',
  ),
)
[ info ] [ HEADER ] array (
  'cookie' => 'PHPSESSID=85usmcqn38ifecrhdjpfi0dqjn',
  'accept-language' => 'zh-CN,zh;q=0.9',
  'accept-encoding' => 'gzip, deflate',
  'referer' => 'http://local.hqy.com/v1/login/index.html',
  'content-type' => 'application/x-www-form-urlencoded; charset=UTF-8',
  'user-agent' => 'Mozilla/5.0 (Windows NT 6.1; WOW64) AppleWebKit/537.36 (KHTML, like Gecko) Chrome/65.0.3325.181 Safari/537.36',
  'x-requested-with' => 'XMLHttpRequest',
  'origin' => 'http://local.hqy.com',
  'accept' => 'application/json, text/javascript, */*; q=0.01',
  'content-length' => '52',
  'connection' => 'keep-alive',
  'host' => 'local.hqy.com',
)
[ info ] [ PARAM ] array (
  'username' => '史玉龙',
  'password' => '065012',
)
[ info ] [ RUN ] app\v1\controller\Login->check[ /opt/web/hqy/application/v1/controller/Login.php ]
[ info ] [ CACHE ] INIT redis
[ info ] [ DB ] INIT mysql
[ info ] [ LOG ] INIT File
[ sql ] [ DB ] CONNECT:[ UseTime:0.111928s ] mysql:host=47.105.48.137;dbname=huiqiyun;charset=utf8
[ sql ] [ SQL ] SHOW COLUMNS FROM `h_admin` [ RunTime:0.076458s ]
[ sql ] [ SQL ] SELECT * FROM `h_admin` WHERE  `username` = '史玉龙'  AND `is_del` = 0 LIMIT 1 [ RunTime:0.077732s ]
---------------------------------------------------------------
[ 2019-08-07T17:57:32+08:00 ] 172.26.2.190 POST local.hqy.com/v1/login/check.html
[运行时间：0.824007s] [吞吐率：1.21req/s] [内存消耗：2,466.16kb] [文件加载：57]
[ info ] [ LANG ] /opt/web/hqy/thinkphp/lang/zh-cn.php
[ info ] [ ROUTE ] array (
  'type' => 'module',
  'module' => 
  array (
    0 => 'v1',
    1 => 'login',
    2 => 'check',
  ),
)
[ info ] [ HEADER ] array (
  'cookie' => 'PHPSESSID=85usmcqn38ifecrhdjpfi0dqjn',
  'accept-language' => 'zh-CN,zh;q=0.9',
  'accept-encoding' => 'gzip, deflate',
  'referer' => 'http://local.hqy.com/v1/login/index.html',
  'content-type' => 'application/x-www-form-urlencoded; charset=UTF-8',
  'user-agent' => 'Mozilla/5.0 (Windows NT 6.1; WOW64) AppleWebKit/537.36 (KHTML, like Gecko) Chrome/65.0.3325.181 Safari/537.36',
  'x-requested-with' => 'XMLHttpRequest',
  'origin' => 'http://local.hqy.com',
  'accept' => 'application/json, text/javascript, */*; q=0.01',
  'content-length' => '52',
  'connection' => 'keep-alive',
  'host' => 'local.hqy.com',
)
[ info ] [ PARAM ] array (
  'username' => '史玉龙',
  'password' => '065012',
)
[ info ] [ RUN ] app\v1\controller\Login->check[ /opt/web/hqy/application/v1/controller/Login.php ]
[ info ] [ CACHE ] INIT redis
[ info ] [ DB ] INIT mysql
[ info ] [ SESSION ] INIT array (
  'id' => '',
  'var_session_id' => '',
  'prefix' => 'think',
  'type' => '',
  'auto_start' => true,
)
[ info ] [ LOG ] INIT File
[ sql ] [ DB ] CONNECT:[ UseTime:0.122836s ] mysql:host=47.105.48.137;dbname=huiqiyun;charset=utf8
[ sql ] [ SQL ] SHOW COLUMNS FROM `h_admin` [ RunTime:0.083884s ]
[ sql ] [ SQL ] SELECT * FROM `h_admin` WHERE  `username` = '史玉龙'  AND `is_del` = 0 LIMIT 1 [ RunTime:0.094916s ]
---------------------------------------------------------------
[ 2019-08-07T17:57:33+08:00 ] 172.26.2.190 GET local.hqy.com/v1/index/index.html
[运行时间：0.476875s] [吞吐率：2.10req/s] [内存消耗：1,622.25kb] [文件加载：49]
[ info ] [ LANG ] /opt/web/hqy/thinkphp/lang/zh-cn.php
[ info ] [ ROUTE ] array (
  'type' => 'module',
  'module' => 
  array (
    0 => 'v1',
    1 => 'index',
    2 => 'index',
  ),
)
[ info ] [ HEADER ] array (
  'cookie' => 'PHPSESSID=85usmcqn38ifecrhdjpfi0dqjn',
  'accept-language' => 'zh-CN,zh;q=0.9',
  'accept-encoding' => 'gzip, deflate',
  'referer' => 'http://local.hqy.com/v1/login/index.html',
  'accept' => 'text/html,application/xhtml+xml,application/xml;q=0.9,image/webp,image/apng,*/*;q=0.8',
  'user-agent' => 'Mozilla/5.0 (Windows NT 6.1; WOW64) AppleWebKit/537.36 (KHTML, like Gecko) Chrome/65.0.3325.181 Safari/537.36',
  'upgrade-insecure-requests' => '1',
  'connection' => 'keep-alive',
  'host' => 'local.hqy.com',
  'content-type' => '',
  'content-length' => '',
)
[ info ] [ PARAM ] array (
)
[ info ] [ SESSION ] INIT array (
  'id' => '',
  'var_session_id' => '',
  'prefix' => 'think',
  'type' => '',
  'auto_start' => true,
)
[ info ] [ RUN ] app\v1\controller\Index->index[ /opt/web/hqy/application/v1/controller/Index.php ]
[ info ] [ CACHE ] INIT redis
[ info ] [ VIEW ] /opt/web/hqy/public/../application/v1/view/index/index.html [ array (
  0 => 'site',
  1 => 'config',
  2 => 'request',
  3 => 'userInfo',
  4 => 'adaptive',
) ]
[ info ] [ LOG ] INIT File
---------------------------------------------------------------
[ 2019-08-07T17:57:33+08:00 ] 172.26.2.190 GET local.hqy.com/static/assets/components/bootstrap-select/css/bootstrap-select.css.map
[运行时间：0.144241s] [吞吐率：6.93req/s] [内存消耗：1,023.53kb] [文件加载：36]
[ info ] [ LANG ] /opt/web/hqy/thinkphp/lang/zh-cn.php
[ info ] [ ROUTE ] array (
  'type' => 'module',
  'module' => 
  array (
    0 => 'static',
    1 => 'assets',
    2 => 'components',
  ),
)
[ info ] [ HEADER ] array (
  'cookie' => 'PHPSESSID=85usmcqn38ifecrhdjpfi0dqjn',
  'accept-language' => 'zh-CN,zh;q=0.9',
  'accept-encoding' => 'gzip, deflate',
  'user-agent' => 'Mozilla/5.0 (Windows NT 6.1; WOW64) AppleWebKit/537.36 (KHTML, like Gecko) Chrome/65.0.3325.181 Safari/537.36',
  'connection' => 'keep-alive',
  'host' => 'local.hqy.com',
  'content-type' => '',
  'content-length' => '',
)
[ info ] [ PARAM ] array (
  'select' => 'css',
)
[ info ] [ LOG ] INIT File
