---------------------------------------------------------------
[ 2019-08-20T13:59:56+08:00 ] 172.26.2.167 GET local.hqy.com/
[运行时间：0.422678s] [吞吐率：2.37req/s] [内存消耗：1,285.46kb] [文件加载：44]
[ info ] [ LANG ] /opt/web/hqy/thinkphp/lang/zh-cn.php
[ info ] [ ROUTE ] array (
  'type' => 'module',
  'module' => 
  array (
    0 => '',
    1 => NULL,
    2 => NULL,
  ),
)
[ info ] [ HEADER ] array (
  'accept-language' => 'zh-CN,zh;q=0.9',
  'accept-encoding' => 'gzip, deflate',
  'accept' => 'text/html,application/xhtml+xml,application/xml;q=0.9,image/webp,image/apng,*/*;q=0.8',
  'user-agent' => 'Mozilla/5.0 (Windows NT 6.1; WOW64) AppleWebKit/537.36 (KHTML, like Gecko) Chrome/65.0.3325.181 Safari/537.36',
  'upgrade-insecure-requests' => '1',
  'connection' => 'keep-alive',
  'host' => 'local.hqy.com',
  'content-type' => '',
  'content-length' => '',
)
[ info ] [ PARAM ] array (
)
[ info ] [ SESSION ] INIT array (
  'id' => '',
  'var_session_id' => '',
  'prefix' => 'think',
  'type' => '',
  'auto_start' => true,
)
[ info ] [ LOG ] INIT File
---------------------------------------------------------------
[ 2019-08-20T13:59:56+08:00 ] 172.26.2.167 GET local.hqy.com/v1/login/index.html
[运行时间：0.334640s] [吞吐率：2.99req/s] [内存消耗：1,411.02kb] [文件加载：44]
[ info ] [ LANG ] /opt/web/hqy/thinkphp/lang/zh-cn.php
[ info ] [ ROUTE ] array (
  'type' => 'module',
  'module' => 
  array (
    0 => 'v1',
    1 => 'login',
    2 => 'index',
  ),
)
[ info ] [ HEADER ] array (
  'cookie' => 'PHPSESSID=u733ql4gsjnsdh2b0n4l3ntuau',
  'accept-language' => 'zh-CN,zh;q=0.9',
  'accept-encoding' => 'gzip, deflate',
  'accept' => 'text/html,application/xhtml+xml,application/xml;q=0.9,image/webp,image/apng,*/*;q=0.8',
  'user-agent' => 'Mozilla/5.0 (Windows NT 6.1; WOW64) AppleWebKit/537.36 (KHTML, like Gecko) Chrome/65.0.3325.181 Safari/537.36',
  'upgrade-insecure-requests' => '1',
  'connection' => 'keep-alive',
  'host' => 'local.hqy.com',
  'content-type' => '',
  'content-length' => '',
)
[ info ] [ PARAM ] array (
)
[ info ] [ RUN ] app\v1\controller\Login->index[ /opt/web/hqy/application/v1/controller/Login.php ]
[ info ] [ VIEW ] /opt/web/hqy/public/../application/v1/view/login/index.html [ array (
) ]
[ info ] [ LOG ] INIT File
---------------------------------------------------------------
[ 2019-08-20T13:59:57+08:00 ] 172.26.2.167 GET local.hqy.com/static/assets/img/favicon.ico
[运行时间：0.150329s] [吞吐率：6.65req/s] [内存消耗：1,025.10kb] [文件加载：36]
[ info ] [ LANG ] /opt/web/hqy/thinkphp/lang/zh-cn.php
[ info ] [ ROUTE ] array (
  'type' => 'module',
  'module' => 
  array (
    0 => 'static',
    1 => 'assets',
    2 => 'img',
  ),
)
[ info ] [ HEADER ] array (
  'cookie' => 'PHPSESSID=u733ql4gsjnsdh2b0n4l3ntuau',
  'accept-language' => 'zh-CN,zh;q=0.9',
  'accept-encoding' => 'gzip, deflate',
  'referer' => 'http://local.hqy.com/v1/login/index.html',
  'accept' => 'image/webp,image/apng,image/*,*/*;q=0.8',
  'user-agent' => 'Mozilla/5.0 (Windows NT 6.1; WOW64) AppleWebKit/537.36 (KHTML, like Gecko) Chrome/65.0.3325.181 Safari/537.36',
  'connection' => 'keep-alive',
  'host' => 'local.hqy.com',
  'content-type' => '',
  'content-length' => '',
)
[ info ] [ PARAM ] array (
)
[ info ] [ LOG ] INIT File
---------------------------------------------------------------
[ 2019-08-20T14:00:07+08:00 ] 172.26.2.167 POST local.hqy.com/v1/login/check.html
[运行时间：0.829384s] [吞吐率：1.21req/s] [内存消耗：2,465.70kb] [文件加载：57]
[ info ] [ LANG ] /opt/web/hqy/thinkphp/lang/zh-cn.php
[ info ] [ ROUTE ] array (
  'type' => 'module',
  'module' => 
  array (
    0 => 'v1',
    1 => 'login',
    2 => 'check',
  ),
)
[ info ] [ HEADER ] array (
  'cookie' => 'PHPSESSID=u733ql4gsjnsdh2b0n4l3ntuau',
  'accept-language' => 'zh-CN,zh;q=0.9',
  'accept-encoding' => 'gzip, deflate',
  'referer' => 'http://local.hqy.com/v1/login/index.html',
  'content-type' => 'application/x-www-form-urlencoded; charset=UTF-8',
  'user-agent' => 'Mozilla/5.0 (Windows NT 6.1; WOW64) AppleWebKit/537.36 (KHTML, like Gecko) Chrome/65.0.3325.181 Safari/537.36',
  'x-requested-with' => 'XMLHttpRequest',
  'origin' => 'http://local.hqy.com',
  'accept' => 'application/json, text/javascript, */*; q=0.01',
  'content-length' => '52',
  'connection' => 'keep-alive',
  'host' => 'local.hqy.com',
)
[ info ] [ PARAM ] array (
  'username' => '史玉龙',
  'password' => '065012',
)
[ info ] [ RUN ] app\v1\controller\Login->check[ /opt/web/hqy/application/v1/controller/Login.php ]
[ info ] [ CACHE ] INIT redis
[ info ] [ DB ] INIT mysql
[ info ] [ SESSION ] INIT array (
  'id' => '',
  'var_session_id' => '',
  'prefix' => 'think',
  'type' => '',
  'auto_start' => true,
)
[ info ] [ LOG ] INIT File
[ sql ] [ DB ] CONNECT:[ UseTime:0.100773s ] mysql:host=47.105.48.137;dbname=huiqiyun;charset=utf8
[ sql ] [ SQL ] SHOW COLUMNS FROM `h_admin` [ RunTime:0.067929s ]
[ sql ] [ SQL ] SELECT * FROM `h_admin` WHERE  `username` = '史玉龙'  AND `is_del` = 0 LIMIT 1 [ RunTime:0.071686s ]
---------------------------------------------------------------
[ 2019-08-20T14:00:07+08:00 ] 172.26.2.167 GET local.hqy.com/v1/index/index.html
[运行时间：0.492053s] [吞吐率：2.03req/s] [内存消耗：1,622.18kb] [文件加载：49]
[ info ] [ LANG ] /opt/web/hqy/thinkphp/lang/zh-cn.php
[ info ] [ ROUTE ] array (
  'type' => 'module',
  'module' => 
  array (
    0 => 'v1',
    1 => 'index',
    2 => 'index',
  ),
)
[ info ] [ HEADER ] array (
  'cookie' => 'PHPSESSID=u733ql4gsjnsdh2b0n4l3ntuau',
  'accept-language' => 'zh-CN,zh;q=0.9',
  'accept-encoding' => 'gzip, deflate',
  'referer' => 'http://local.hqy.com/v1/login/index.html',
  'accept' => 'text/html,application/xhtml+xml,application/xml;q=0.9,image/webp,image/apng,*/*;q=0.8',
  'user-agent' => 'Mozilla/5.0 (Windows NT 6.1; WOW64) AppleWebKit/537.36 (KHTML, like Gecko) Chrome/65.0.3325.181 Safari/537.36',
  'upgrade-insecure-requests' => '1',
  'connection' => 'keep-alive',
  'host' => 'local.hqy.com',
  'content-type' => '',
  'content-length' => '',
)
[ info ] [ PARAM ] array (
)
[ info ] [ SESSION ] INIT array (
  'id' => '',
  'var_session_id' => '',
  'prefix' => 'think',
  'type' => '',
  'auto_start' => true,
)
[ info ] [ RUN ] app\v1\controller\Index->index[ /opt/web/hqy/application/v1/controller/Index.php ]
[ info ] [ CACHE ] INIT redis
[ info ] [ VIEW ] /opt/web/hqy/public/../application/v1/view/index/index.html [ array (
  0 => 'site',
  1 => 'config',
  2 => 'request',
  3 => 'userInfo',
  4 => 'adaptive',
) ]
[ info ] [ LOG ] INIT File
---------------------------------------------------------------
[ 2019-08-20T14:00:17+08:00 ] 172.26.2.167 GET local.hqy.com/v1/system/menu.html
[运行时间：1.054772s] [吞吐率：0.95req/s] [内存消耗：3,424.76kb] [文件加载：64]
[ info ] [ LANG ] /opt/web/hqy/thinkphp/lang/zh-cn.php
[ info ] [ ROUTE ] array (
  'type' => 'module',
  'module' => 
  array (
    0 => 'v1',
    1 => 'system',
    2 => 'menu',
  ),
)
[ info ] [ HEADER ] array (
  'cookie' => 'PHPSESSID=u733ql4gsjnsdh2b0n4l3ntuau',
  'accept-language' => 'zh-CN,zh;q=0.9',
  'accept-encoding' => 'gzip, deflate',
  'referer' => 'http://local.hqy.com/v1/index/index.html',
  'accept' => 'text/html,application/xhtml+xml,application/xml;q=0.9,image/webp,image/apng,*/*;q=0.8',
  'user-agent' => 'Mozilla/5.0 (Windows NT 6.1; WOW64) AppleWebKit/537.36 (KHTML, like Gecko) Chrome/65.0.3325.181 Safari/537.36',
  'upgrade-insecure-requests' => '1',
  'connection' => 'keep-alive',
  'host' => 'local.hqy.com',
  'content-type' => '',
  'content-length' => '',
)
[ info ] [ PARAM ] array (
)
[ info ] [ SESSION ] INIT array (
  'id' => '',
  'var_session_id' => '',
  'prefix' => 'think',
  'type' => '',
  'auto_start' => true,
)
[ info ] [ RUN ] app\v1\controller\system->menu[ /opt/web/hqy/application/v1/controller/System.php ]
[ info ] [ CACHE ] INIT redis
[ info ] [ DB ] INIT mysql
[ info ] [ VIEW ] /opt/web/hqy/public/../application/v1/view/system/menu.html [ array (
  0 => 'site',
  1 => 'config',
  2 => 'request',
  3 => 'userInfo',
  4 => 'adaptive',
  5 => 'menuList',
  6 => 'status',
  7 => 'type',
  8 => 'data',
  9 => 'page',
) ]
[ info ] [ LOG ] INIT File
[ sql ] [ DB ] CONNECT:[ UseTime:0.100032s ] mysql:host=47.105.48.137;dbname=huiqiyun;charset=utf8
[ sql ] [ SQL ] SHOW COLUMNS FROM `h_menus` [ RunTime:0.067370s ]
[ sql ] [ SQL ] SELECT COUNT(*) AS tp_count FROM `h_menus` WHERE  `status` = 1 LIMIT 1 [ RunTime:0.069976s ]
[ sql ] [ SQL ] SELECT `id`,`type`,`pid`,`title`,`url`,`icon`,`weigh`,`status`,`createtime`,`remark` FROM `h_menus` WHERE  `status` = 1 ORDER BY `weigh` DESC LIMIT 0,20 [ RunTime:0.069496s ]
[ sql ] [ SQL ] SELECT * FROM `h_menus` ORDER BY `weigh` DESC [ RunTime:0.142899s ]
---------------------------------------------------------------
[ 2019-08-20T14:00:18+08:00 ] 172.26.2.167 GET local.hqy.com/static/assets/dist/font/6xK1dSBYKcSV-LCoeQqfX1RYOo3qPZ7nsDI.woff2
[运行时间：0.126235s] [吞吐率：7.92req/s] [内存消耗：1,026.27kb] [文件加载：36]
[ info ] [ LANG ] /opt/web/hqy/thinkphp/lang/zh-cn.php
[ info ] [ ROUTE ] array (
  'type' => 'module',
  'module' => 
  array (
    0 => 'static',
    1 => 'assets',
    2 => 'dist',
  ),
)
[ info ] [ HEADER ] array (
  'cookie' => 'PHPSESSID=u733ql4gsjnsdh2b0n4l3ntuau',
  'accept-language' => 'zh-CN,zh;q=0.9',
  'accept-encoding' => 'gzip, deflate',
  'referer' => 'http://local.hqy.com/static/assets/dist/css/fontcss.css',
  'accept' => '*/*',
  'user-agent' => 'Mozilla/5.0 (Windows NT 6.1; WOW64) AppleWebKit/537.36 (KHTML, like Gecko) Chrome/65.0.3325.181 Safari/537.36',
  'origin' => 'http://local.hqy.com',
  'connection' => 'keep-alive',
  'host' => 'local.hqy.com',
  'content-type' => '',
  'content-length' => '',
)
[ info ] [ PARAM ] array (
  'font' => '6xK1dSBYKcSV-LCoeQqfX1RYOo3qPZ7nsDI.woff2',
)
[ info ] [ LOG ] INIT File
---------------------------------------------------------------
[ 2019-08-20T14:00:28+08:00 ] 172.26.2.167 GET local.hqy.com/static/assets/components/bootstrap-select/css/bootstrap-select.css.map
[运行时间：0.151397s] [吞吐率：6.61req/s] [内存消耗：1,023.59kb] [文件加载：36]
[ info ] [ LANG ] /opt/web/hqy/thinkphp/lang/zh-cn.php
[ info ] [ ROUTE ] array (
  'type' => 'module',
  'module' => 
  array (
    0 => 'static',
    1 => 'assets',
    2 => 'components',
  ),
)
[ info ] [ HEADER ] array (
  'cookie' => 'PHPSESSID=u733ql4gsjnsdh2b0n4l3ntuau',
  'accept-language' => 'zh-CN,zh;q=0.9',
  'accept-encoding' => 'gzip, deflate',
  'user-agent' => 'Mozilla/5.0 (iPhone; CPU iPhone OS 11_0 like Mac OS X) AppleWebKit/604.1.38 (KHTML, like Gecko) Version/11.0 Mobile/15A372 Safari/604.1',
  'connection' => 'keep-alive',
  'host' => 'local.hqy.com',
  'content-type' => '',
  'content-length' => '',
)
[ info ] [ PARAM ] array (
  'select' => 'css',
)
[ info ] [ LOG ] INIT File
---------------------------------------------------------------
[ 2019-08-20T14:00:41+08:00 ] 172.26.2.167 GET local.hqy.com/v1/system/menu.html
[运行时间：1.100922s] [吞吐率：0.91req/s] [内存消耗：3,425.22kb] [文件加载：64]
[ info ] [ LANG ] /opt/web/hqy/thinkphp/lang/zh-cn.php
[ info ] [ ROUTE ] array (
  'type' => 'module',
  'module' => 
  array (
    0 => 'v1',
    1 => 'system',
    2 => 'menu',
  ),
)
[ info ] [ HEADER ] array (
  'cookie' => 'PHPSESSID=u733ql4gsjnsdh2b0n4l3ntuau',
  'accept-language' => 'zh-CN,zh;q=0.9',
  'accept-encoding' => 'gzip, deflate',
  'referer' => 'http://local.hqy.com/v1/index/index.html',
  'accept' => 'text/html,application/xhtml+xml,application/xml;q=0.9,image/webp,image/apng,*/*;q=0.8',
  'user-agent' => 'Mozilla/5.0 (Windows NT 6.1; WOW64) AppleWebKit/537.36 (KHTML, like Gecko) Chrome/65.0.3325.181 Safari/537.36',
  'upgrade-insecure-requests' => '1',
  'cache-control' => 'max-age=0',
  'connection' => 'keep-alive',
  'host' => 'local.hqy.com',
  'content-type' => '',
  'content-length' => '',
)
[ info ] [ PARAM ] array (
)
[ info ] [ SESSION ] INIT array (
  'id' => '',
  'var_session_id' => '',
  'prefix' => 'think',
  'type' => '',
  'auto_start' => true,
)
[ info ] [ RUN ] app\v1\controller\system->menu[ /opt/web/hqy/application/v1/controller/System.php ]
[ info ] [ CACHE ] INIT redis
[ info ] [ DB ] INIT mysql
[ info ] [ VIEW ] /opt/web/hqy/public/../application/v1/view/system/menu.html [ array (
  0 => 'site',
  1 => 'config',
  2 => 'request',
  3 => 'userInfo',
  4 => 'adaptive',
  5 => 'menuList',
  6 => 'status',
  7 => 'type',
  8 => 'data',
  9 => 'page',
) ]
[ info ] [ LOG ] INIT File
[ sql ] [ DB ] CONNECT:[ UseTime:0.118356s ] mysql:host=47.105.48.137;dbname=huiqiyun;charset=utf8
[ sql ] [ SQL ] SHOW COLUMNS FROM `h_menus` [ RunTime:0.081070s ]
[ sql ] [ SQL ] SELECT COUNT(*) AS tp_count FROM `h_menus` WHERE  `status` = 1 LIMIT 1 [ RunTime:0.078391s ]
[ sql ] [ SQL ] SELECT `id`,`type`,`pid`,`title`,`url`,`icon`,`weigh`,`status`,`createtime`,`remark` FROM `h_menus` WHERE  `status` = 1 ORDER BY `weigh` DESC LIMIT 0,20 [ RunTime:0.081746s ]
[ sql ] [ SQL ] SELECT * FROM `h_menus` ORDER BY `weigh` DESC [ RunTime:0.161716s ]
---------------------------------------------------------------
[ 2019-08-20T14:00:41+08:00 ] 172.26.2.167 GET local.hqy.com/static/assets/dist/font/6xK1dSBYKcSV-LCoeQqfX1RYOo3qPZ7nsDI.woff2
[运行时间：0.306070s] [吞吐率：3.27req/s] [内存消耗：1,026.27kb] [文件加载：36]
[ info ] [ LANG ] /opt/web/hqy/thinkphp/lang/zh-cn.php
[ info ] [ ROUTE ] array (
  'type' => 'module',
  'module' => 
  array (
    0 => 'static',
    1 => 'assets',
    2 => 'dist',
  ),
)
[ info ] [ HEADER ] array (
  'cookie' => 'PHPSESSID=u733ql4gsjnsdh2b0n4l3ntuau',
  'accept-language' => 'zh-CN,zh;q=0.9',
  'accept-encoding' => 'gzip, deflate',
  'referer' => 'http://local.hqy.com/static/assets/dist/css/fontcss.css',
  'accept' => '*/*',
  'user-agent' => 'Mozilla/5.0 (Windows NT 6.1; WOW64) AppleWebKit/537.36 (KHTML, like Gecko) Chrome/65.0.3325.181 Safari/537.36',
  'origin' => 'http://local.hqy.com',
  'connection' => 'keep-alive',
  'host' => 'local.hqy.com',
  'content-type' => '',
  'content-length' => '',
)
[ info ] [ PARAM ] array (
  'font' => '6xK1dSBYKcSV-LCoeQqfX1RYOo3qPZ7nsDI.woff2',
)
[ info ] [ LOG ] INIT File
---------------------------------------------------------------
[ 2019-08-20T14:00:41+08:00 ] 172.26.2.167 GET local.hqy.com/static/assets/components/bootstrap-select/css/bootstrap-select.css.map
[运行时间：0.276332s] [吞吐率：3.62req/s] [内存消耗：1,023.53kb] [文件加载：36]
[ info ] [ LANG ] /opt/web/hqy/thinkphp/lang/zh-cn.php
[ info ] [ ROUTE ] array (
  'type' => 'module',
  'module' => 
  array (
    0 => 'static',
    1 => 'assets',
    2 => 'components',
  ),
)
[ info ] [ HEADER ] array (
  'cookie' => 'PHPSESSID=u733ql4gsjnsdh2b0n4l3ntuau',
  'accept-language' => 'zh-CN,zh;q=0.9',
  'accept-encoding' => 'gzip, deflate',
  'user-agent' => 'Mozilla/5.0 (Windows NT 6.1; WOW64) AppleWebKit/537.36 (KHTML, like Gecko) Chrome/65.0.3325.181 Safari/537.36',
  'connection' => 'keep-alive',
  'host' => 'local.hqy.com',
  'content-type' => '',
  'content-length' => '',
)
[ info ] [ PARAM ] array (
  'select' => 'css',
)
[ info ] [ LOG ] INIT File
---------------------------------------------------------------
[ 2019-08-20T14:00:54+08:00 ] 172.26.2.167 GET local.hqy.com/v1/system/menu.html
[运行时间：1.083563s] [吞吐率：0.92req/s] [内存消耗：3,425.22kb] [文件加载：64]
[ info ] [ LANG ] /opt/web/hqy/thinkphp/lang/zh-cn.php
[ info ] [ ROUTE ] array (
  'type' => 'module',
  'module' => 
  array (
    0 => 'v1',
    1 => 'system',
    2 => 'menu',
  ),
)
[ info ] [ HEADER ] array (
  'cookie' => 'PHPSESSID=u733ql4gsjnsdh2b0n4l3ntuau',
  'accept-language' => 'zh-CN,zh;q=0.9',
  'accept-encoding' => 'gzip, deflate',
  'referer' => 'http://local.hqy.com/v1/index/index.html',
  'accept' => 'text/html,application/xhtml+xml,application/xml;q=0.9,image/webp,image/apng,*/*;q=0.8',
  'user-agent' => 'Mozilla/5.0 (Windows NT 6.1; WOW64) AppleWebKit/537.36 (KHTML, like Gecko) Chrome/65.0.3325.181 Safari/537.36',
  'upgrade-insecure-requests' => '1',
  'cache-control' => 'max-age=0',
  'connection' => 'keep-alive',
  'host' => 'local.hqy.com',
  'content-type' => '',
  'content-length' => '',
)
[ info ] [ PARAM ] array (
)
[ info ] [ SESSION ] INIT array (
  'id' => '',
  'var_session_id' => '',
  'prefix' => 'think',
  'type' => '',
  'auto_start' => true,
)
[ info ] [ RUN ] app\v1\controller\system->menu[ /opt/web/hqy/application/v1/controller/System.php ]
[ info ] [ CACHE ] INIT redis
[ info ] [ DB ] INIT mysql
[ info ] [ VIEW ] /opt/web/hqy/public/../application/v1/view/system/menu.html [ array (
  0 => 'site',
  1 => 'config',
  2 => 'request',
  3 => 'userInfo',
  4 => 'adaptive',
  5 => 'menuList',
  6 => 'status',
  7 => 'type',
  8 => 'data',
  9 => 'page',
) ]
[ info ] [ LOG ] INIT File
[ sql ] [ DB ] CONNECT:[ UseTime:0.119285s ] mysql:host=47.105.48.137;dbname=huiqiyun;charset=utf8
[ sql ] [ SQL ] SHOW COLUMNS FROM `h_menus` [ RunTime:0.085281s ]
[ sql ] [ SQL ] SELECT COUNT(*) AS tp_count FROM `h_menus` WHERE  `status` = 1 LIMIT 1 [ RunTime:0.083226s ]
[ sql ] [ SQL ] SELECT `id`,`type`,`pid`,`title`,`url`,`icon`,`weigh`,`status`,`createtime`,`remark` FROM `h_menus` WHERE  `status` = 1 ORDER BY `weigh` DESC LIMIT 0,20 [ RunTime:0.082896s ]
[ sql ] [ SQL ] SELECT * FROM `h_menus` ORDER BY `weigh` DESC [ RunTime:0.165516s ]
---------------------------------------------------------------
[ 2019-08-20T14:00:54+08:00 ] 172.26.2.167 GET local.hqy.com/static/assets/dist/font/6xK1dSBYKcSV-LCoeQqfX1RYOo3qPZ7nsDI.woff2
[运行时间：0.262542s] [吞吐率：3.81req/s] [内存消耗：1,026.27kb] [文件加载：36]
[ info ] [ LANG ] /opt/web/hqy/thinkphp/lang/zh-cn.php
[ info ] [ ROUTE ] array (
  'type' => 'module',
  'module' => 
  array (
    0 => 'static',
    1 => 'assets',
    2 => 'dist',
  ),
)
[ info ] [ HEADER ] array (
  'cookie' => 'PHPSESSID=u733ql4gsjnsdh2b0n4l3ntuau',
  'accept-language' => 'zh-CN,zh;q=0.9',
  'accept-encoding' => 'gzip, deflate',
  'referer' => 'http://local.hqy.com/static/assets/dist/css/fontcss.css',
  'accept' => '*/*',
  'user-agent' => 'Mozilla/5.0 (Windows NT 6.1; WOW64) AppleWebKit/537.36 (KHTML, like Gecko) Chrome/65.0.3325.181 Safari/537.36',
  'origin' => 'http://local.hqy.com',
  'connection' => 'keep-alive',
  'host' => 'local.hqy.com',
  'content-type' => '',
  'content-length' => '',
)
[ info ] [ PARAM ] array (
  'font' => '6xK1dSBYKcSV-LCoeQqfX1RYOo3qPZ7nsDI.woff2',
)
[ info ] [ LOG ] INIT File
---------------------------------------------------------------
[ 2019-08-20T14:00:54+08:00 ] 172.26.2.167 GET local.hqy.com/static/assets/components/bootstrap-select/css/bootstrap-select.css.map
[运行时间：0.225746s] [吞吐率：4.43req/s] [内存消耗：1,023.53kb] [文件加载：36]
[ info ] [ LANG ] /opt/web/hqy/thinkphp/lang/zh-cn.php
[ info ] [ ROUTE ] array (
  'type' => 'module',
  'module' => 
  array (
    0 => 'static',
    1 => 'assets',
    2 => 'components',
  ),
)
[ info ] [ HEADER ] array (
  'cookie' => 'PHPSESSID=u733ql4gsjnsdh2b0n4l3ntuau',
  'accept-language' => 'zh-CN,zh;q=0.9',
  'accept-encoding' => 'gzip, deflate',
  'user-agent' => 'Mozilla/5.0 (Windows NT 6.1; WOW64) AppleWebKit/537.36 (KHTML, like Gecko) Chrome/65.0.3325.181 Safari/537.36',
  'connection' => 'keep-alive',
  'host' => 'local.hqy.com',
  'content-type' => '',
  'content-length' => '',
)
[ info ] [ PARAM ] array (
  'select' => 'css',
)
[ info ] [ LOG ] INIT File
---------------------------------------------------------------
[ 2019-08-20T14:09:17+08:00 ] 172.26.2.167 GET local.hqy.com/v1/login/changepass.html
[运行时间：0.367281s] [吞吐率：2.72req/s] [内存消耗：1,405.35kb] [文件加载：44]
[ info ] [ LANG ] /opt/web/hqy/thinkphp/lang/zh-cn.php
[ info ] [ ROUTE ] array (
  'type' => 'module',
  'module' => 
  array (
    0 => 'v1',
    1 => 'login',
    2 => 'changepass',
  ),
)
[ info ] [ HEADER ] array (
  'cookie' => 'PHPSESSID=u733ql4gsjnsdh2b0n4l3ntuau',
  'accept-language' => 'zh-CN,zh;q=0.9',
  'accept-encoding' => 'gzip, deflate',
  'referer' => 'http://local.hqy.com/v1/system/menu.html',
  'accept' => 'text/html,application/xhtml+xml,application/xml;q=0.9,image/webp,image/apng,*/*;q=0.8',
  'user-agent' => 'Mozilla/5.0 (Windows NT 6.1; WOW64) AppleWebKit/537.36 (KHTML, like Gecko) Chrome/65.0.3325.181 Safari/537.36',
  'upgrade-insecure-requests' => '1',
  'connection' => 'keep-alive',
  'host' => 'local.hqy.com',
  'content-type' => '',
  'content-length' => '',
)
[ info ] [ PARAM ] array (
)
[ info ] [ RUN ] app\v1\controller\Login->changepass[ /opt/web/hqy/application/v1/controller/Login.php ]
[ info ] [ SESSION ] INIT array (
  'id' => '',
  'var_session_id' => '',
  'prefix' => 'think',
  'type' => '',
  'auto_start' => true,
)
[ info ] [ VIEW ] /opt/web/hqy/public/../application/v1/view/login/changepass.html [ array (
  0 => 'username',
  1 => 'userid',
) ]
[ info ] [ LOG ] INIT File
---------------------------------------------------------------
[ 2019-08-20T14:09:17+08:00 ] 172.26.2.167 GET local.hqy.com/static/assets/components/bootstrap-select/css/bootstrap-select.css.map
[运行时间：0.181420s] [吞吐率：5.51req/s] [内存消耗：1,023.53kb] [文件加载：36]
[ info ] [ LANG ] /opt/web/hqy/thinkphp/lang/zh-cn.php
[ info ] [ ROUTE ] array (
  'type' => 'module',
  'module' => 
  array (
    0 => 'static',
    1 => 'assets',
    2 => 'components',
  ),
)
[ info ] [ HEADER ] array (
  'cookie' => 'PHPSESSID=u733ql4gsjnsdh2b0n4l3ntuau',
  'accept-language' => 'zh-CN,zh;q=0.9',
  'accept-encoding' => 'gzip, deflate',
  'user-agent' => 'Mozilla/5.0 (Windows NT 6.1; WOW64) AppleWebKit/537.36 (KHTML, like Gecko) Chrome/65.0.3325.181 Safari/537.36',
  'connection' => 'keep-alive',
  'host' => 'local.hqy.com',
  'content-type' => '',
  'content-length' => '',
)
[ info ] [ PARAM ] array (
  'select' => 'css',
)
[ info ] [ LOG ] INIT File
---------------------------------------------------------------
[ 2019-08-20T14:09:26+08:00 ] 172.26.2.167 POST local.hqy.com/v1/login/logout.html
[运行时间：0.185152s] [吞吐率：5.40req/s] [内存消耗：1,271.03kb] [文件加载：43]
[ info ] [ LANG ] /opt/web/hqy/thinkphp/lang/zh-cn.php
[ info ] [ ROUTE ] array (
  'type' => 'module',
  'module' => 
  array (
    0 => 'v1',
    1 => 'login',
    2 => 'logout',
  ),
)
[ info ] [ HEADER ] array (
  'cookie' => 'PHPSESSID=u733ql4gsjnsdh2b0n4l3ntuau',
  'accept-language' => 'zh-CN,zh;q=0.9',
  'accept-encoding' => 'gzip, deflate',
  'referer' => 'http://local.hqy.com/v1/system/menu.html',
  'user-agent' => 'Mozilla/5.0 (Windows NT 6.1; WOW64) AppleWebKit/537.36 (KHTML, like Gecko) Chrome/65.0.3325.181 Safari/537.36',
  'x-requested-with' => 'XMLHttpRequest',
  'origin' => 'http://local.hqy.com',
  'accept' => 'application/json, text/javascript, */*; q=0.01',
  'content-length' => '0',
  'connection' => 'keep-alive',
  'host' => 'local.hqy.com',
  'content-type' => '',
)
[ info ] [ PARAM ] array (
)
[ info ] [ RUN ] app\v1\controller\Login->logout[ /opt/web/hqy/application/v1/controller/Login.php ]
[ info ] [ SESSION ] INIT array (
  'id' => '',
  'var_session_id' => '',
  'prefix' => 'think',
  'type' => '',
  'auto_start' => true,
)
[ info ] [ LOG ] INIT File
---------------------------------------------------------------
[ 2019-08-20T14:09:28+08:00 ] 172.26.2.167 GET local.hqy.com/v1/system/menu.html
[运行时间：0.226725s] [吞吐率：4.41req/s] [内存消耗：1,294.05kb] [文件加载：44]
[ info ] [ LANG ] /opt/web/hqy/thinkphp/lang/zh-cn.php
[ info ] [ ROUTE ] array (
  'type' => 'module',
  'module' => 
  array (
    0 => 'v1',
    1 => 'system',
    2 => 'menu',
  ),
)
[ info ] [ HEADER ] array (
  'cookie' => 'PHPSESSID=u733ql4gsjnsdh2b0n4l3ntuau',
  'accept-language' => 'zh-CN,zh;q=0.9',
  'accept-encoding' => 'gzip, deflate',
  'referer' => 'http://local.hqy.com/v1/system/menu.html',
  'accept' => 'text/html,application/xhtml+xml,application/xml;q=0.9,image/webp,image/apng,*/*;q=0.8',
  'user-agent' => 'Mozilla/5.0 (Windows NT 6.1; WOW64) AppleWebKit/537.36 (KHTML, like Gecko) Chrome/65.0.3325.181 Safari/537.36',
  'upgrade-insecure-requests' => '1',
  'cache-control' => 'max-age=0',
  'connection' => 'keep-alive',
  'host' => 'local.hqy.com',
  'content-type' => '',
  'content-length' => '',
)
[ info ] [ PARAM ] array (
)
[ info ] [ SESSION ] INIT array (
  'id' => '',
  'var_session_id' => '',
  'prefix' => 'think',
  'type' => '',
  'auto_start' => true,
)
[ info ] [ LOG ] INIT File
---------------------------------------------------------------
[ 2019-08-20T14:09:28+08:00 ] 172.26.2.167 GET local.hqy.com/v1/login/index.html
[运行时间：0.254524s] [吞吐率：3.93req/s] [内存消耗：1,411.99kb] [文件加载：44]
[ info ] [ LANG ] /opt/web/hqy/thinkphp/lang/zh-cn.php
[ info ] [ ROUTE ] array (
  'type' => 'module',
  'module' => 
  array (
    0 => 'v1',
    1 => 'login',
    2 => 'index',
  ),
)
[ info ] [ HEADER ] array (
  'cookie' => 'PHPSESSID=u733ql4gsjnsdh2b0n4l3ntuau',
  'accept-language' => 'zh-CN,zh;q=0.9',
  'accept-encoding' => 'gzip, deflate',
  'referer' => 'http://local.hqy.com/v1/system/menu.html',
  'accept' => 'text/html,application/xhtml+xml,application/xml;q=0.9,image/webp,image/apng,*/*;q=0.8',
  'user-agent' => 'Mozilla/5.0 (Windows NT 6.1; WOW64) AppleWebKit/537.36 (KHTML, like Gecko) Chrome/65.0.3325.181 Safari/537.36',
  'upgrade-insecure-requests' => '1',
  'cache-control' => 'max-age=0',
  'connection' => 'keep-alive',
  'host' => 'local.hqy.com',
  'content-type' => '',
  'content-length' => '',
)
[ info ] [ PARAM ] array (
)
[ info ] [ RUN ] app\v1\controller\Login->index[ /opt/web/hqy/application/v1/controller/Login.php ]
[ info ] [ VIEW ] /opt/web/hqy/public/../application/v1/view/login/index.html [ array (
) ]
[ info ] [ LOG ] INIT File
---------------------------------------------------------------
[ 2019-08-20T14:09:28+08:00 ] 172.26.2.167 GET local.hqy.com/static/assets/components/bootstrap-select/css/bootstrap-select.css.map
[运行时间：0.156606s] [吞吐率：6.39req/s] [内存消耗：1,023.53kb] [文件加载：36]
[ info ] [ LANG ] /opt/web/hqy/thinkphp/lang/zh-cn.php
[ info ] [ ROUTE ] array (
  'type' => 'module',
  'module' => 
  array (
    0 => 'static',
    1 => 'assets',
    2 => 'components',
  ),
)
[ info ] [ HEADER ] array (
  'cookie' => 'PHPSESSID=u733ql4gsjnsdh2b0n4l3ntuau',
  'accept-language' => 'zh-CN,zh;q=0.9',
  'accept-encoding' => 'gzip, deflate',
  'user-agent' => 'Mozilla/5.0 (Windows NT 6.1; WOW64) AppleWebKit/537.36 (KHTML, like Gecko) Chrome/65.0.3325.181 Safari/537.36',
  'connection' => 'keep-alive',
  'host' => 'local.hqy.com',
  'content-type' => '',
  'content-length' => '',
)
[ info ] [ PARAM ] array (
  'select' => 'css',
)
[ info ] [ LOG ] INIT File
---------------------------------------------------------------
[ 2019-08-20T17:02:15+08:00 ] 172.26.2.167 GET local.hqy.com/v1/index/index.html
[运行时间：0.313940s] [吞吐率：3.19req/s] [内存消耗：1,290.55kb] [文件加载：44]
[ info ] [ LANG ] /opt/web/hqy/thinkphp/lang/zh-cn.php
[ info ] [ ROUTE ] array (
  'type' => 'module',
  'module' => 
  array (
    0 => 'v1',
    1 => 'index',
    2 => 'index',
  ),
)
[ info ] [ HEADER ] array (
  'cookie' => 'PHPSESSID=u733ql4gsjnsdh2b0n4l3ntuau',
  'accept-language' => 'zh-CN,zh;q=0.9',
  'accept-encoding' => 'gzip, deflate',
  'accept' => 'text/html,application/xhtml+xml,application/xml;q=0.9,image/webp,image/apng,*/*;q=0.8',
  'user-agent' => 'Mozilla/5.0 (Windows NT 6.1; WOW64) AppleWebKit/537.36 (KHTML, like Gecko) Chrome/65.0.3325.181 Safari/537.36',
  'upgrade-insecure-requests' => '1',
  'connection' => 'keep-alive',
  'host' => 'local.hqy.com',
  'content-type' => '',
  'content-length' => '',
)
[ info ] [ PARAM ] array (
)
[ info ] [ SESSION ] INIT array (
  'id' => '',
  'var_session_id' => '',
  'prefix' => 'think',
  'type' => '',
  'auto_start' => true,
)
[ info ] [ LOG ] INIT File
---------------------------------------------------------------
[ 2019-08-20T17:02:16+08:00 ] 172.26.2.167 GET local.hqy.com/v1/login/index.html
[运行时间：0.283398s] [吞吐率：3.53req/s] [内存消耗：1,411.02kb] [文件加载：44]
[ info ] [ LANG ] /opt/web/hqy/thinkphp/lang/zh-cn.php
[ info ] [ ROUTE ] array (
  'type' => 'module',
  'module' => 
  array (
    0 => 'v1',
    1 => 'login',
    2 => 'index',
  ),
)
[ info ] [ HEADER ] array (
  'cookie' => 'PHPSESSID=u733ql4gsjnsdh2b0n4l3ntuau',
  'accept-language' => 'zh-CN,zh;q=0.9',
  'accept-encoding' => 'gzip, deflate',
  'accept' => 'text/html,application/xhtml+xml,application/xml;q=0.9,image/webp,image/apng,*/*;q=0.8',
  'user-agent' => 'Mozilla/5.0 (Windows NT 6.1; WOW64) AppleWebKit/537.36 (KHTML, like Gecko) Chrome/65.0.3325.181 Safari/537.36',
  'upgrade-insecure-requests' => '1',
  'connection' => 'keep-alive',
  'host' => 'local.hqy.com',
  'content-type' => '',
  'content-length' => '',
)
[ info ] [ PARAM ] array (
)
[ info ] [ RUN ] app\v1\controller\Login->index[ /opt/web/hqy/application/v1/controller/Login.php ]
[ info ] [ VIEW ] /opt/web/hqy/public/../application/v1/view/login/index.html [ array (
) ]
[ info ] [ LOG ] INIT File
---------------------------------------------------------------
[ 2019-08-20T17:02:35+08:00 ] 172.26.2.167 POST local.hqy.com/v1/login/check.html
[运行时间：0.869774s] [吞吐率：1.15req/s] [内存消耗：2,466.16kb] [文件加载：57]
[ info ] [ LANG ] /opt/web/hqy/thinkphp/lang/zh-cn.php
[ info ] [ ROUTE ] array (
  'type' => 'module',
  'module' => 
  array (
    0 => 'v1',
    1 => 'login',
    2 => 'check',
  ),
)
[ info ] [ HEADER ] array (
  'cookie' => 'PHPSESSID=u733ql4gsjnsdh2b0n4l3ntuau',
  'accept-language' => 'zh-CN,zh;q=0.9',
  'accept-encoding' => 'gzip, deflate',
  'referer' => 'http://local.hqy.com/v1/login/index.html',
  'content-type' => 'application/x-www-form-urlencoded; charset=UTF-8',
  'user-agent' => 'Mozilla/5.0 (Windows NT 6.1; WOW64) AppleWebKit/537.36 (KHTML, like Gecko) Chrome/65.0.3325.181 Safari/537.36',
  'x-requested-with' => 'XMLHttpRequest',
  'origin' => 'http://local.hqy.com',
  'accept' => 'application/json, text/javascript, */*; q=0.01',
  'content-length' => '52',
  'connection' => 'keep-alive',
  'host' => 'local.hqy.com',
)
[ info ] [ PARAM ] array (
  'username' => '史玉龙',
  'password' => '065012',
)
[ info ] [ RUN ] app\v1\controller\Login->check[ /opt/web/hqy/application/v1/controller/Login.php ]
[ info ] [ CACHE ] INIT redis
[ info ] [ DB ] INIT mysql
[ info ] [ SESSION ] INIT array (
  'id' => '',
  'var_session_id' => '',
  'prefix' => 'think',
  'type' => '',
  'auto_start' => true,
)
[ info ] [ LOG ] INIT File
[ sql ] [ DB ] CONNECT:[ UseTime:0.167549s ] mysql:host=47.105.48.137;dbname=huiqiyun;charset=utf8
[ sql ] [ SQL ] SHOW COLUMNS FROM `h_admin` [ RunTime:0.091214s ]
[ sql ] [ SQL ] SELECT * FROM `h_admin` WHERE  `username` = '史玉龙'  AND `is_del` = 0 LIMIT 1 [ RunTime:0.094657s ]
---------------------------------------------------------------
[ 2019-08-20T17:02:35+08:00 ] 172.26.2.167 GET local.hqy.com/v1/index/index.html
[运行时间：0.439531s] [吞吐率：2.28req/s] [内存消耗：1,622.25kb] [文件加载：49]
[ info ] [ LANG ] /opt/web/hqy/thinkphp/lang/zh-cn.php
[ info ] [ ROUTE ] array (
  'type' => 'module',
  'module' => 
  array (
    0 => 'v1',
    1 => 'index',
    2 => 'index',
  ),
)
[ info ] [ HEADER ] array (
  'cookie' => 'PHPSESSID=u733ql4gsjnsdh2b0n4l3ntuau',
  'accept-language' => 'zh-CN,zh;q=0.9',
  'accept-encoding' => 'gzip, deflate',
  'referer' => 'http://local.hqy.com/v1/login/index.html',
  'accept' => 'text/html,application/xhtml+xml,application/xml;q=0.9,image/webp,image/apng,*/*;q=0.8',
  'user-agent' => 'Mozilla/5.0 (Windows NT 6.1; WOW64) AppleWebKit/537.36 (KHTML, like Gecko) Chrome/65.0.3325.181 Safari/537.36',
  'upgrade-insecure-requests' => '1',
  'connection' => 'keep-alive',
  'host' => 'local.hqy.com',
  'content-type' => '',
  'content-length' => '',
)
[ info ] [ PARAM ] array (
)
[ info ] [ SESSION ] INIT array (
  'id' => '',
  'var_session_id' => '',
  'prefix' => 'think',
  'type' => '',
  'auto_start' => true,
)
[ info ] [ RUN ] app\v1\controller\Index->index[ /opt/web/hqy/application/v1/controller/Index.php ]
[ info ] [ CACHE ] INIT redis
[ info ] [ VIEW ] /opt/web/hqy/public/../application/v1/view/index/index.html [ array (
  0 => 'site',
  1 => 'config',
  2 => 'request',
  3 => 'userInfo',
  4 => 'adaptive',
) ]
[ info ] [ LOG ] INIT File
---------------------------------------------------------------
[ 2019-08-20T17:02:44+08:00 ] 172.26.2.167 GET local.hqy.com/v1/system/menu.html
[运行时间：1.040913s] [吞吐率：0.96req/s] [内存消耗：3,424.76kb] [文件加载：64]
[ info ] [ LANG ] /opt/web/hqy/thinkphp/lang/zh-cn.php
[ info ] [ ROUTE ] array (
  'type' => 'module',
  'module' => 
  array (
    0 => 'v1',
    1 => 'system',
    2 => 'menu',
  ),
)
[ info ] [ HEADER ] array (
  'cookie' => 'PHPSESSID=u733ql4gsjnsdh2b0n4l3ntuau',
  'accept-language' => 'zh-CN,zh;q=0.9',
  'accept-encoding' => 'gzip, deflate',
  'referer' => 'http://local.hqy.com/v1/index/index.html',
  'accept' => 'text/html,application/xhtml+xml,application/xml;q=0.9,image/webp,image/apng,*/*;q=0.8',
  'user-agent' => 'Mozilla/5.0 (Windows NT 6.1; WOW64) AppleWebKit/537.36 (KHTML, like Gecko) Chrome/65.0.3325.181 Safari/537.36',
  'upgrade-insecure-requests' => '1',
  'connection' => 'keep-alive',
  'host' => 'local.hqy.com',
  'content-type' => '',
  'content-length' => '',
)
[ info ] [ PARAM ] array (
)
[ info ] [ SESSION ] INIT array (
  'id' => '',
  'var_session_id' => '',
  'prefix' => 'think',
  'type' => '',
  'auto_start' => true,
)
[ info ] [ RUN ] app\v1\controller\system->menu[ /opt/web/hqy/application/v1/controller/System.php ]
[ info ] [ CACHE ] INIT redis
[ info ] [ DB ] INIT mysql
[ info ] [ VIEW ] /opt/web/hqy/public/../application/v1/view/system/menu.html [ array (
  0 => 'site',
  1 => 'config',
  2 => 'request',
  3 => 'userInfo',
  4 => 'adaptive',
  5 => 'menuList',
  6 => 'status',
  7 => 'type',
  8 => 'data',
  9 => 'page',
) ]
[ info ] [ LOG ] INIT File
[ sql ] [ DB ] CONNECT:[ UseTime:0.109030s ] mysql:host=47.105.48.137;dbname=huiqiyun;charset=utf8
[ sql ] [ SQL ] SHOW COLUMNS FROM `h_menus` [ RunTime:0.077577s ]
[ sql ] [ SQL ] SELECT COUNT(*) AS tp_count FROM `h_menus` WHERE  `status` = 1 LIMIT 1 [ RunTime:0.075167s ]
[ sql ] [ SQL ] SELECT `id`,`type`,`pid`,`title`,`url`,`icon`,`weigh`,`status`,`createtime`,`remark` FROM `h_menus` WHERE  `status` = 1 ORDER BY `weigh` DESC LIMIT 0,20 [ RunTime:0.075005s ]
[ sql ] [ SQL ] SELECT * FROM `h_menus` ORDER BY `weigh` DESC [ RunTime:0.147939s ]
---------------------------------------------------------------
[ 2019-08-20T17:02:44+08:00 ] 172.26.2.167 GET local.hqy.com/static/assets/dist/font/6xK1dSBYKcSV-LCoeQqfX1RYOo3qPZ7nsDI.woff2
[运行时间：0.155683s] [吞吐率：6.42req/s] [内存消耗：1,026.27kb] [文件加载：36]
[ info ] [ LANG ] /opt/web/hqy/thinkphp/lang/zh-cn.php
[ info ] [ ROUTE ] array (
  'type' => 'module',
  'module' => 
  array (
    0 => 'static',
    1 => 'assets',
    2 => 'dist',
  ),
)
[ info ] [ HEADER ] array (
  'cookie' => 'PHPSESSID=u733ql4gsjnsdh2b0n4l3ntuau',
  'accept-language' => 'zh-CN,zh;q=0.9',
  'accept-encoding' => 'gzip, deflate',
  'referer' => 'http://local.hqy.com/static/assets/dist/css/fontcss.css',
  'accept' => '*/*',
  'user-agent' => 'Mozilla/5.0 (Windows NT 6.1; WOW64) AppleWebKit/537.36 (KHTML, like Gecko) Chrome/65.0.3325.181 Safari/537.36',
  'origin' => 'http://local.hqy.com',
  'connection' => 'keep-alive',
  'host' => 'local.hqy.com',
  'content-type' => '',
  'content-length' => '',
)
[ info ] [ PARAM ] array (
  'font' => '6xK1dSBYKcSV-LCoeQqfX1RYOo3qPZ7nsDI.woff2',
)
[ info ] [ LOG ] INIT File
---------------------------------------------------------------
[ 2019-08-20T17:02:53+08:00 ] 172.26.2.167 GET local.hqy.com/v1/system/addmenu.html
[运行时间：0.255603s] [吞吐率：3.91req/s] [内存消耗：1,426.22kb] [文件加载：45]
[ info ] [ LANG ] /opt/web/hqy/thinkphp/lang/zh-cn.php
[ info ] [ ROUTE ] array (
  'type' => 'module',
  'module' => 
  array (
    0 => 'v1',
    1 => 'system',
    2 => 'addmenu',
  ),
)
[ info ] [ HEADER ] array (
  'cookie' => 'PHPSESSID=u733ql4gsjnsdh2b0n4l3ntuau',
  'accept-language' => 'zh-CN,zh;q=0.9',
  'accept-encoding' => 'gzip, deflate',
  'referer' => 'http://local.hqy.com/v1/system/menu.html',
  'accept' => 'text/html,application/xhtml+xml,application/xml;q=0.9,image/webp,image/apng,*/*;q=0.8',
  'user-agent' => 'Mozilla/5.0 (Windows NT 6.1; WOW64) AppleWebKit/537.36 (KHTML, like Gecko) Chrome/65.0.3325.181 Safari/537.36',
  'upgrade-insecure-requests' => '1',
  'connection' => 'keep-alive',
  'host' => 'local.hqy.com',
  'content-type' => '',
  'content-length' => '',
)
[ info ] [ PARAM ] array (
)
[ info ] [ SESSION ] INIT array (
  'id' => '',
  'var_session_id' => '',
  'prefix' => 'think',
  'type' => '',
  'auto_start' => true,
)
[ info ] [ RUN ] app\v1\controller\system->addmenu[ /opt/web/hqy/application/v1/controller/System.php ]
[ info ] [ VIEW ] /opt/web/hqy/public/../application/v1/view/system/addmenu.html [ array (
  0 => 'site',
  1 => 'config',
  2 => 'request',
  3 => 'userInfo',
  4 => 'adaptive',
) ]
[ info ] [ LOG ] INIT File
---------------------------------------------------------------
[ 2019-08-20T17:03:05+08:00 ] 172.26.2.167 GET local.hqy.com/static/assets/components/bootstrap-select/css/bootstrap-select.css.map
[运行时间：0.168071s] [吞吐率：5.95req/s] [内存消耗：1,023.53kb] [文件加载：36]
[ info ] [ LANG ] /opt/web/hqy/thinkphp/lang/zh-cn.php
[ info ] [ ROUTE ] array (
  'type' => 'module',
  'module' => 
  array (
    0 => 'static',
    1 => 'assets',
    2 => 'components',
  ),
)
[ info ] [ HEADER ] array (
  'cookie' => 'PHPSESSID=u733ql4gsjnsdh2b0n4l3ntuau',
  'accept-language' => 'zh-CN,zh;q=0.9',
  'accept-encoding' => 'gzip, deflate',
  'user-agent' => 'Mozilla/5.0 (Windows NT 6.1; WOW64) AppleWebKit/537.36 (KHTML, like Gecko) Chrome/65.0.3325.181 Safari/537.36',
  'connection' => 'keep-alive',
  'host' => 'local.hqy.com',
  'content-type' => '',
  'content-length' => '',
)
[ info ] [ PARAM ] array (
  'select' => 'css',
)
[ info ] [ LOG ] INIT File
---------------------------------------------------------------
[ 2019-08-20T17:03:07+08:00 ] 172.26.2.167 GET local.hqy.com/v1/system/menu.html
[运行时间：1.058954s] [吞吐率：0.94req/s] [内存消耗：3,425.22kb] [文件加载：64]
[ info ] [ LANG ] /opt/web/hqy/thinkphp/lang/zh-cn.php
[ info ] [ ROUTE ] array (
  'type' => 'module',
  'module' => 
  array (
    0 => 'v1',
    1 => 'system',
    2 => 'menu',
  ),
)
[ info ] [ HEADER ] array (
  'cookie' => 'PHPSESSID=u733ql4gsjnsdh2b0n4l3ntuau',
  'accept-language' => 'zh-CN,zh;q=0.9',
  'accept-encoding' => 'gzip, deflate',
  'referer' => 'http://local.hqy.com/v1/index/index.html',
  'accept' => 'text/html,application/xhtml+xml,application/xml;q=0.9,image/webp,image/apng,*/*;q=0.8',
  'user-agent' => 'Mozilla/5.0 (Windows NT 6.1; WOW64) AppleWebKit/537.36 (KHTML, like Gecko) Chrome/65.0.3325.181 Safari/537.36',
  'upgrade-insecure-requests' => '1',
  'cache-control' => 'max-age=0',
  'connection' => 'keep-alive',
  'host' => 'local.hqy.com',
  'content-type' => '',
  'content-length' => '',
)
[ info ] [ PARAM ] array (
)
[ info ] [ SESSION ] INIT array (
  'id' => '',
  'var_session_id' => '',
  'prefix' => 'think',
  'type' => '',
  'auto_start' => true,
)
[ info ] [ RUN ] app\v1\controller\system->menu[ /opt/web/hqy/application/v1/controller/System.php ]
[ info ] [ CACHE ] INIT redis
[ info ] [ DB ] INIT mysql
[ info ] [ VIEW ] /opt/web/hqy/public/../application/v1/view/system/menu.html [ array (
  0 => 'site',
  1 => 'config',
  2 => 'request',
  3 => 'userInfo',
  4 => 'adaptive',
  5 => 'menuList',
  6 => 'status',
  7 => 'type',
  8 => 'data',
  9 => 'page',
) ]
[ info ] [ LOG ] INIT File
[ sql ] [ DB ] CONNECT:[ UseTime:0.117816s ] mysql:host=47.105.48.137;dbname=huiqiyun;charset=utf8
[ sql ] [ SQL ] SHOW COLUMNS FROM `h_menus` [ RunTime:0.081342s ]
[ sql ] [ SQL ] SELECT COUNT(*) AS tp_count FROM `h_menus` WHERE  `status` = 1 LIMIT 1 [ RunTime:0.076265s ]
[ sql ] [ SQL ] SELECT `id`,`type`,`pid`,`title`,`url`,`icon`,`weigh`,`status`,`createtime`,`remark` FROM `h_menus` WHERE  `status` = 1 ORDER BY `weigh` DESC LIMIT 0,20 [ RunTime:0.080589s ]
[ sql ] [ SQL ] SELECT * FROM `h_menus` ORDER BY `weigh` DESC [ RunTime:0.159826s ]
---------------------------------------------------------------
[ 2019-08-20T17:03:08+08:00 ] 172.26.2.167 GET local.hqy.com/static/assets/dist/font/6xK1dSBYKcSV-LCoeQqfX1RYOo3qPZ7nsDI.woff2
[运行时间：0.269243s] [吞吐率：3.71req/s] [内存消耗：1,026.27kb] [文件加载：36]
[ info ] [ LANG ] /opt/web/hqy/thinkphp/lang/zh-cn.php
[ info ] [ ROUTE ] array (
  'type' => 'module',
  'module' => 
  array (
    0 => 'static',
    1 => 'assets',
    2 => 'dist',
  ),
)
[ info ] [ HEADER ] array (
  'cookie' => 'PHPSESSID=u733ql4gsjnsdh2b0n4l3ntuau',
  'accept-language' => 'zh-CN,zh;q=0.9',
  'accept-encoding' => 'gzip, deflate',
  'referer' => 'http://local.hqy.com/static/assets/dist/css/fontcss.css',
  'accept' => '*/*',
  'user-agent' => 'Mozilla/5.0 (Windows NT 6.1; WOW64) AppleWebKit/537.36 (KHTML, like Gecko) Chrome/65.0.3325.181 Safari/537.36',
  'origin' => 'http://local.hqy.com',
  'connection' => 'keep-alive',
  'host' => 'local.hqy.com',
  'content-type' => '',
  'content-length' => '',
)
[ info ] [ PARAM ] array (
  'font' => '6xK1dSBYKcSV-LCoeQqfX1RYOo3qPZ7nsDI.woff2',
)
[ info ] [ LOG ] INIT File
---------------------------------------------------------------
[ 2019-08-20T17:03:08+08:00 ] 172.26.2.167 GET local.hqy.com/static/assets/components/bootstrap-select/css/bootstrap-select.css.map
[运行时间：0.234125s] [吞吐率：4.27req/s] [内存消耗：1,023.53kb] [文件加载：36]
[ info ] [ LANG ] /opt/web/hqy/thinkphp/lang/zh-cn.php
[ info ] [ ROUTE ] array (
  'type' => 'module',
  'module' => 
  array (
    0 => 'static',
    1 => 'assets',
    2 => 'components',
  ),
)
[ info ] [ HEADER ] array (
  'cookie' => 'PHPSESSID=u733ql4gsjnsdh2b0n4l3ntuau',
  'accept-language' => 'zh-CN,zh;q=0.9',
  'accept-encoding' => 'gzip, deflate',
  'user-agent' => 'Mozilla/5.0 (Windows NT 6.1; WOW64) AppleWebKit/537.36 (KHTML, like Gecko) Chrome/65.0.3325.181 Safari/537.36',
  'connection' => 'keep-alive',
  'host' => 'local.hqy.com',
  'content-type' => '',
  'content-length' => '',
)
[ info ] [ PARAM ] array (
  'select' => 'css',
)
[ info ] [ LOG ] INIT File
---------------------------------------------------------------
[ 2019-08-20T17:03:55+08:00 ] 172.26.2.167 GET local.hqy.com/v1/login/changepass.html
[运行时间：0.271570s] [吞吐率：3.68req/s] [内存消耗：1,405.35kb] [文件加载：44]
[ info ] [ LANG ] /opt/web/hqy/thinkphp/lang/zh-cn.php
[ info ] [ ROUTE ] array (
  'type' => 'module',
  'module' => 
  array (
    0 => 'v1',
    1 => 'login',
    2 => 'changepass',
  ),
)
[ info ] [ HEADER ] array (
  'cookie' => 'PHPSESSID=u733ql4gsjnsdh2b0n4l3ntuau',
  'accept-language' => 'zh-CN,zh;q=0.9',
  'accept-encoding' => 'gzip, deflate',
  'referer' => 'http://local.hqy.com/v1/system/menu.html',
  'accept' => 'text/html,application/xhtml+xml,application/xml;q=0.9,image/webp,image/apng,*/*;q=0.8',
  'user-agent' => 'Mozilla/5.0 (Windows NT 6.1; WOW64) AppleWebKit/537.36 (KHTML, like Gecko) Chrome/65.0.3325.181 Safari/537.36',
  'upgrade-insecure-requests' => '1',
  'connection' => 'keep-alive',
  'host' => 'local.hqy.com',
  'content-type' => '',
  'content-length' => '',
)
[ info ] [ PARAM ] array (
)
[ info ] [ RUN ] app\v1\controller\Login->changepass[ /opt/web/hqy/application/v1/controller/Login.php ]
[ info ] [ SESSION ] INIT array (
  'id' => '',
  'var_session_id' => '',
  'prefix' => 'think',
  'type' => '',
  'auto_start' => true,
)
[ info ] [ VIEW ] /opt/web/hqy/public/../application/v1/view/login/changepass.html [ array (
  0 => 'username',
  1 => 'userid',
) ]
[ info ] [ LOG ] INIT File
---------------------------------------------------------------
[ 2019-08-20T17:03:56+08:00 ] 172.26.2.167 GET local.hqy.com/static/assets/components/bootstrap-select/css/bootstrap-select.css.map
[运行时间：0.131528s] [吞吐率：7.60req/s] [内存消耗：1,023.53kb] [文件加载：36]
[ info ] [ LANG ] /opt/web/hqy/thinkphp/lang/zh-cn.php
[ info ] [ ROUTE ] array (
  'type' => 'module',
  'module' => 
  array (
    0 => 'static',
    1 => 'assets',
    2 => 'components',
  ),
)
[ info ] [ HEADER ] array (
  'cookie' => 'PHPSESSID=u733ql4gsjnsdh2b0n4l3ntuau',
  'accept-language' => 'zh-CN,zh;q=0.9',
  'accept-encoding' => 'gzip, deflate',
  'user-agent' => 'Mozilla/5.0 (Windows NT 6.1; WOW64) AppleWebKit/537.36 (KHTML, like Gecko) Chrome/65.0.3325.181 Safari/537.36',
  'connection' => 'keep-alive',
  'host' => 'local.hqy.com',
  'content-type' => '',
  'content-length' => '',
)
[ info ] [ PARAM ] array (
  'select' => 'css',
)
[ info ] [ LOG ] INIT File
---------------------------------------------------------------
[ 2019-08-20T17:04:17+08:00 ] 172.26.2.167 GET local.hqy.com/v1/login/changepass.html?password=
[运行时间：0.266781s] [吞吐率：3.75req/s] [内存消耗：1,405.98kb] [文件加载：44]
[ info ] [ LANG ] /opt/web/hqy/thinkphp/lang/zh-cn.php
[ info ] [ ROUTE ] array (
  'type' => 'module',
  'module' => 
  array (
    0 => 'v1',
    1 => 'login',
    2 => 'changepass',
  ),
)
[ info ] [ HEADER ] array (
  'cookie' => 'PHPSESSID=u733ql4gsjnsdh2b0n4l3ntuau',
  'accept-language' => 'zh-CN,zh;q=0.9',
  'accept-encoding' => 'gzip, deflate',
  'referer' => 'http://local.hqy.com/v1/login/changepass.html',
  'accept' => 'text/html,application/xhtml+xml,application/xml;q=0.9,image/webp,image/apng,*/*;q=0.8',
  'user-agent' => 'Mozilla/5.0 (Windows NT 6.1; WOW64) AppleWebKit/537.36 (KHTML, like Gecko) Chrome/65.0.3325.181 Safari/537.36',
  'upgrade-insecure-requests' => '1',
  'connection' => 'keep-alive',
  'host' => 'local.hqy.com',
  'content-type' => '',
  'content-length' => '',
)
[ info ] [ PARAM ] array (
  'password' => '',
)
[ info ] [ RUN ] app\v1\controller\Login->changepass[ /opt/web/hqy/application/v1/controller/Login.php ]
[ info ] [ SESSION ] INIT array (
  'id' => '',
  'var_session_id' => '',
  'prefix' => 'think',
  'type' => '',
  'auto_start' => true,
)
[ info ] [ VIEW ] /opt/web/hqy/public/../application/v1/view/login/changepass.html [ array (
  0 => 'username',
  1 => 'userid',
) ]
[ info ] [ LOG ] INIT File
---------------------------------------------------------------
[ 2019-08-20T17:04:28+08:00 ] 172.26.2.167 GET local.hqy.com/v1/system/menu.html
[运行时间：1.122186s] [吞吐率：0.89req/s] [内存消耗：3,424.49kb] [文件加载：64]
[ info ] [ LANG ] /opt/web/hqy/thinkphp/lang/zh-cn.php
[ info ] [ ROUTE ] array (
  'type' => 'module',
  'module' => 
  array (
    0 => 'v1',
    1 => 'system',
    2 => 'menu',
  ),
)
[ info ] [ HEADER ] array (
  'cookie' => 'PHPSESSID=u733ql4gsjnsdh2b0n4l3ntuau',
  'accept-language' => 'zh-CN,zh;q=0.9',
  'accept-encoding' => 'gzip, deflate',
  'accept' => 'text/html,application/xhtml+xml,application/xml;q=0.9,image/webp,image/apng,*/*;q=0.8',
  'user-agent' => 'Mozilla/5.0 (Windows NT 6.1; WOW64) AppleWebKit/537.36 (KHTML, like Gecko) Chrome/65.0.3325.181 Safari/537.36',
  'upgrade-insecure-requests' => '1',
  'connection' => 'keep-alive',
  'host' => 'local.hqy.com',
  'content-type' => '',
  'content-length' => '',
)
[ info ] [ PARAM ] array (
)
[ info ] [ SESSION ] INIT array (
  'id' => '',
  'var_session_id' => '',
  'prefix' => 'think',
  'type' => '',
  'auto_start' => true,
)
[ info ] [ RUN ] app\v1\controller\system->menu[ /opt/web/hqy/application/v1/controller/System.php ]
[ info ] [ CACHE ] INIT redis
[ info ] [ DB ] INIT mysql
[ info ] [ VIEW ] /opt/web/hqy/public/../application/v1/view/system/menu.html [ array (
  0 => 'site',
  1 => 'config',
  2 => 'request',
  3 => 'userInfo',
  4 => 'adaptive',
  5 => 'menuList',
  6 => 'status',
  7 => 'type',
  8 => 'data',
  9 => 'page',
) ]
[ info ] [ LOG ] INIT File
[ sql ] [ DB ] CONNECT:[ UseTime:0.109582s ] mysql:host=47.105.48.137;dbname=huiqiyun;charset=utf8
[ sql ] [ SQL ] SHOW COLUMNS FROM `h_menus` [ RunTime:0.082967s ]
[ sql ] [ SQL ] SELECT COUNT(*) AS tp_count FROM `h_menus` WHERE  `status` = 1 LIMIT 1 [ RunTime:0.076849s ]
[ sql ] [ SQL ] SELECT `id`,`type`,`pid`,`title`,`url`,`icon`,`weigh`,`status`,`createtime`,`remark` FROM `h_menus` WHERE  `status` = 1 ORDER BY `weigh` DESC LIMIT 0,20 [ RunTime:0.081656s ]
[ sql ] [ SQL ] SELECT * FROM `h_menus` ORDER BY `weigh` DESC [ RunTime:0.153145s ]
---------------------------------------------------------------
[ 2019-08-20T17:04:29+08:00 ] 172.26.2.167 GET local.hqy.com/static/assets/components/bootstrap-select/css/bootstrap-select.css.map
[运行时间：0.218344s] [吞吐率：4.58req/s] [内存消耗：1,023.53kb] [文件加载：36]
[ info ] [ LANG ] /opt/web/hqy/thinkphp/lang/zh-cn.php
[ info ] [ ROUTE ] array (
  'type' => 'module',
  'module' => 
  array (
    0 => 'static',
    1 => 'assets',
    2 => 'components',
  ),
)
[ info ] [ HEADER ] array (
  'cookie' => 'PHPSESSID=u733ql4gsjnsdh2b0n4l3ntuau',
  'accept-language' => 'zh-CN,zh;q=0.9',
  'accept-encoding' => 'gzip, deflate',
  'user-agent' => 'Mozilla/5.0 (Windows NT 6.1; WOW64) AppleWebKit/537.36 (KHTML, like Gecko) Chrome/65.0.3325.181 Safari/537.36',
  'connection' => 'keep-alive',
  'host' => 'local.hqy.com',
  'content-type' => '',
  'content-length' => '',
)
[ info ] [ PARAM ] array (
  'select' => 'css',
)
[ info ] [ LOG ] INIT File
---------------------------------------------------------------
[ 2019-08-20T17:04:29+08:00 ] 172.26.2.167 GET local.hqy.com/static/assets/dist/font/6xK1dSBYKcSV-LCoeQqfX1RYOo3qPZ7nsDI.woff2
[运行时间：0.327544s] [吞吐率：3.05req/s] [内存消耗：1,026.27kb] [文件加载：36]
[ info ] [ LANG ] /opt/web/hqy/thinkphp/lang/zh-cn.php
[ info ] [ ROUTE ] array (
  'type' => 'module',
  'module' => 
  array (
    0 => 'static',
    1 => 'assets',
    2 => 'dist',
  ),
)
[ info ] [ HEADER ] array (
  'cookie' => 'PHPSESSID=u733ql4gsjnsdh2b0n4l3ntuau',
  'accept-language' => 'zh-CN,zh;q=0.9',
  'accept-encoding' => 'gzip, deflate',
  'referer' => 'http://local.hqy.com/static/assets/dist/css/fontcss.css',
  'accept' => '*/*',
  'user-agent' => 'Mozilla/5.0 (Windows NT 6.1; WOW64) AppleWebKit/537.36 (KHTML, like Gecko) Chrome/65.0.3325.181 Safari/537.36',
  'origin' => 'http://local.hqy.com',
  'connection' => 'keep-alive',
  'host' => 'local.hqy.com',
  'content-type' => '',
  'content-length' => '',
)
[ info ] [ PARAM ] array (
  'font' => '6xK1dSBYKcSV-LCoeQqfX1RYOo3qPZ7nsDI.woff2',
)
[ info ] [ LOG ] INIT File
---------------------------------------------------------------
[ 2019-08-20T17:13:03+08:00 ] 172.26.2.167 POST local.hqy.com/v1/login/logout.html
[运行时间：0.213085s] [吞吐率：4.69req/s] [内存消耗：1,271.03kb] [文件加载：43]
[ info ] [ LANG ] /opt/web/hqy/thinkphp/lang/zh-cn.php
[ info ] [ ROUTE ] array (
  'type' => 'module',
  'module' => 
  array (
    0 => 'v1',
    1 => 'login',
    2 => 'logout',
  ),
)
[ info ] [ HEADER ] array (
  'cookie' => 'PHPSESSID=u733ql4gsjnsdh2b0n4l3ntuau',
  'accept-language' => 'zh-CN,zh;q=0.9',
  'accept-encoding' => 'gzip, deflate',
  'referer' => 'http://local.hqy.com/v1/system/menu.html',
  'user-agent' => 'Mozilla/5.0 (Windows NT 6.1; WOW64) AppleWebKit/537.36 (KHTML, like Gecko) Chrome/65.0.3325.181 Safari/537.36',
  'x-requested-with' => 'XMLHttpRequest',
  'origin' => 'http://local.hqy.com',
  'accept' => 'application/json, text/javascript, */*; q=0.01',
  'content-length' => '0',
  'connection' => 'keep-alive',
  'host' => 'local.hqy.com',
  'content-type' => '',
)
[ info ] [ PARAM ] array (
)
[ info ] [ RUN ] app\v1\controller\Login->logout[ /opt/web/hqy/application/v1/controller/Login.php ]
[ info ] [ SESSION ] INIT array (
  'id' => '',
  'var_session_id' => '',
  'prefix' => 'think',
  'type' => '',
  'auto_start' => true,
)
[ info ] [ LOG ] INIT File
---------------------------------------------------------------
[ 2019-08-20T17:13:05+08:00 ] 172.26.2.167 GET local.hqy.com/v1/system/menu.html
[运行时间：0.223349s] [吞吐率：4.48req/s] [内存消耗：1,294.05kb] [文件加载：44]
[ info ] [ LANG ] /opt/web/hqy/thinkphp/lang/zh-cn.php
[ info ] [ ROUTE ] array (
  'type' => 'module',
  'module' => 
  array (
    0 => 'v1',
    1 => 'system',
    2 => 'menu',
  ),
)
[ info ] [ HEADER ] array (
  'cookie' => 'PHPSESSID=u733ql4gsjnsdh2b0n4l3ntuau',
  'accept-language' => 'zh-CN,zh;q=0.9',
  'accept-encoding' => 'gzip, deflate',
  'referer' => 'http://local.hqy.com/v1/system/menu.html',
  'accept' => 'text/html,application/xhtml+xml,application/xml;q=0.9,image/webp,image/apng,*/*;q=0.8',
  'user-agent' => 'Mozilla/5.0 (Windows NT 6.1; WOW64) AppleWebKit/537.36 (KHTML, like Gecko) Chrome/65.0.3325.181 Safari/537.36',
  'upgrade-insecure-requests' => '1',
  'cache-control' => 'max-age=0',
  'connection' => 'keep-alive',
  'host' => 'local.hqy.com',
  'content-type' => '',
  'content-length' => '',
)
[ info ] [ PARAM ] array (
)
[ info ] [ SESSION ] INIT array (
  'id' => '',
  'var_session_id' => '',
  'prefix' => 'think',
  'type' => '',
  'auto_start' => true,
)
[ info ] [ LOG ] INIT File
---------------------------------------------------------------
[ 2019-08-20T17:13:06+08:00 ] 172.26.2.167 GET local.hqy.com/v1/login/index.html
[运行时间：0.271712s] [吞吐率：3.68req/s] [内存消耗：1,411.99kb] [文件加载：44]
[ info ] [ LANG ] /opt/web/hqy/thinkphp/lang/zh-cn.php
[ info ] [ ROUTE ] array (
  'type' => 'module',
  'module' => 
  array (
    0 => 'v1',
    1 => 'login',
    2 => 'index',
  ),
)
[ info ] [ HEADER ] array (
  'cookie' => 'PHPSESSID=u733ql4gsjnsdh2b0n4l3ntuau',
  'accept-language' => 'zh-CN,zh;q=0.9',
  'accept-encoding' => 'gzip, deflate',
  'referer' => 'http://local.hqy.com/v1/system/menu.html',
  'accept' => 'text/html,application/xhtml+xml,application/xml;q=0.9,image/webp,image/apng,*/*;q=0.8',
  'user-agent' => 'Mozilla/5.0 (Windows NT 6.1; WOW64) AppleWebKit/537.36 (KHTML, like Gecko) Chrome/65.0.3325.181 Safari/537.36',
  'upgrade-insecure-requests' => '1',
  'cache-control' => 'max-age=0',
  'connection' => 'keep-alive',
  'host' => 'local.hqy.com',
  'content-type' => '',
  'content-length' => '',
)
[ info ] [ PARAM ] array (
)
[ info ] [ RUN ] app\v1\controller\Login->index[ /opt/web/hqy/application/v1/controller/Login.php ]
[ info ] [ VIEW ] /opt/web/hqy/public/../application/v1/view/login/index.html [ array (
) ]
[ info ] [ LOG ] INIT File
---------------------------------------------------------------
[ 2019-08-20T17:13:06+08:00 ] 172.26.2.167 GET local.hqy.com/static/assets/components/bootstrap-select/css/bootstrap-select.css.map
[运行时间：0.147993s] [吞吐率：6.76req/s] [内存消耗：1,023.53kb] [文件加载：36]
[ info ] [ LANG ] /opt/web/hqy/thinkphp/lang/zh-cn.php
[ info ] [ ROUTE ] array (
  'type' => 'module',
  'module' => 
  array (
    0 => 'static',
    1 => 'assets',
    2 => 'components',
  ),
)
[ info ] [ HEADER ] array (
  'cookie' => 'PHPSESSID=u733ql4gsjnsdh2b0n4l3ntuau',
  'accept-language' => 'zh-CN,zh;q=0.9',
  'accept-encoding' => 'gzip, deflate',
  'user-agent' => 'Mozilla/5.0 (Windows NT 6.1; WOW64) AppleWebKit/537.36 (KHTML, like Gecko) Chrome/65.0.3325.181 Safari/537.36',
  'connection' => 'keep-alive',
  'host' => 'local.hqy.com',
  'content-type' => '',
  'content-length' => '',
)
[ info ] [ PARAM ] array (
  'select' => 'css',
)
[ info ] [ LOG ] INIT File
---------------------------------------------------------------
[ 2019-08-20T17:13:16+08:00 ] 172.26.2.167 POST local.hqy.com/v1/login/check.html
[运行时间：0.630610s] [吞吐率：1.59req/s] [内存消耗：2,456.52kb] [文件加载：56]
[ info ] [ LANG ] /opt/web/hqy/thinkphp/lang/zh-cn.php
[ info ] [ ROUTE ] array (
  'type' => 'module',
  'module' => 
  array (
    0 => 'v1',
    1 => 'login',
    2 => 'check',
  ),
)
[ info ] [ HEADER ] array (
  'cookie' => 'PHPSESSID=u733ql4gsjnsdh2b0n4l3ntuau',
  'accept-language' => 'zh-CN,zh;q=0.9',
  'accept-encoding' => 'gzip, deflate',
  'referer' => 'http://local.hqy.com/v1/login/index.html',
  'content-type' => 'application/x-www-form-urlencoded; charset=UTF-8',
  'user-agent' => 'Mozilla/5.0 (Windows NT 6.1; WOW64) AppleWebKit/537.36 (KHTML, like Gecko) Chrome/65.0.3325.181 Safari/537.36',
  'x-requested-with' => 'XMLHttpRequest',
  'origin' => 'http://local.hqy.com',
  'accept' => 'application/json, text/javascript, */*; q=0.01',
  'content-length' => '52',
  'connection' => 'keep-alive',
  'host' => 'local.hqy.com',
)
[ info ] [ PARAM ] array (
  'username' => '史玉龙',
  'password' => '065013',
)
[ info ] [ RUN ] app\v1\controller\Login->check[ /opt/web/hqy/application/v1/controller/Login.php ]
[ info ] [ CACHE ] INIT redis
[ info ] [ DB ] INIT mysql
[ info ] [ LOG ] INIT File
[ sql ] [ DB ] CONNECT:[ UseTime:0.093077s ] mysql:host=47.105.48.137;dbname=huiqiyun;charset=utf8
[ sql ] [ SQL ] SHOW COLUMNS FROM `h_admin` [ RunTime:0.064419s ]
[ sql ] [ SQL ] SELECT * FROM `h_admin` WHERE  `username` = '史玉龙'  AND `is_del` = 0 LIMIT 1 [ RunTime:0.069434s ]
---------------------------------------------------------------
[ 2019-08-20T17:13:26+08:00 ] 172.26.2.167 POST local.hqy.com/v1/login/check.html
[运行时间：0.708194s] [吞吐率：1.41req/s] [内存消耗：2,466.16kb] [文件加载：57]
[ info ] [ LANG ] /opt/web/hqy/thinkphp/lang/zh-cn.php
[ info ] [ ROUTE ] array (
  'type' => 'module',
  'module' => 
  array (
    0 => 'v1',
    1 => 'login',
    2 => 'check',
  ),
)
[ info ] [ HEADER ] array (
  'cookie' => 'PHPSESSID=u733ql4gsjnsdh2b0n4l3ntuau',
  'accept-language' => 'zh-CN,zh;q=0.9',
  'accept-encoding' => 'gzip, deflate',
  'referer' => 'http://local.hqy.com/v1/login/index.html',
  'content-type' => 'application/x-www-form-urlencoded; charset=UTF-8',
  'user-agent' => 'Mozilla/5.0 (Windows NT 6.1; WOW64) AppleWebKit/537.36 (KHTML, like Gecko) Chrome/65.0.3325.181 Safari/537.36',
  'x-requested-with' => 'XMLHttpRequest',
  'origin' => 'http://local.hqy.com',
  'accept' => 'application/json, text/javascript, */*; q=0.01',
  'content-length' => '52',
  'connection' => 'keep-alive',
  'host' => 'local.hqy.com',
)
[ info ] [ PARAM ] array (
  'username' => '史玉龙',
  'password' => '065012',
)
[ info ] [ RUN ] app\v1\controller\Login->check[ /opt/web/hqy/application/v1/controller/Login.php ]
[ info ] [ CACHE ] INIT redis
[ info ] [ DB ] INIT mysql
[ info ] [ SESSION ] INIT array (
  'id' => '',
  'var_session_id' => '',
  'prefix' => 'think',
  'type' => '',
  'auto_start' => true,
)
[ info ] [ LOG ] INIT File
[ sql ] [ DB ] CONNECT:[ UseTime:0.115080s ] mysql:host=47.105.48.137;dbname=huiqiyun;charset=utf8
[ sql ] [ SQL ] SHOW COLUMNS FROM `h_admin` [ RunTime:0.081265s ]
[ sql ] [ SQL ] SELECT * FROM `h_admin` WHERE  `username` = '史玉龙'  AND `is_del` = 0 LIMIT 1 [ RunTime:0.093138s ]
---------------------------------------------------------------
[ 2019-08-20T17:13:26+08:00 ] 172.26.2.167 GET local.hqy.com/v1/index/index.html
[运行时间：0.461582s] [吞吐率：2.17req/s] [内存消耗：1,622.25kb] [文件加载：49]
[ info ] [ LANG ] /opt/web/hqy/thinkphp/lang/zh-cn.php
[ info ] [ ROUTE ] array (
  'type' => 'module',
  'module' => 
  array (
    0 => 'v1',
    1 => 'index',
    2 => 'index',
  ),
)
[ info ] [ HEADER ] array (
  'cookie' => 'PHPSESSID=u733ql4gsjnsdh2b0n4l3ntuau',
  'accept-language' => 'zh-CN,zh;q=0.9',
  'accept-encoding' => 'gzip, deflate',
  'referer' => 'http://local.hqy.com/v1/login/index.html',
  'accept' => 'text/html,application/xhtml+xml,application/xml;q=0.9,image/webp,image/apng,*/*;q=0.8',
  'user-agent' => 'Mozilla/5.0 (Windows NT 6.1; WOW64) AppleWebKit/537.36 (KHTML, like Gecko) Chrome/65.0.3325.181 Safari/537.36',
  'upgrade-insecure-requests' => '1',
  'connection' => 'keep-alive',
  'host' => 'local.hqy.com',
  'content-type' => '',
  'content-length' => '',
)
[ info ] [ PARAM ] array (
)
[ info ] [ SESSION ] INIT array (
  'id' => '',
  'var_session_id' => '',
  'prefix' => 'think',
  'type' => '',
  'auto_start' => true,
)
[ info ] [ RUN ] app\v1\controller\Index->index[ /opt/web/hqy/application/v1/controller/Index.php ]
[ info ] [ CACHE ] INIT redis
[ info ] [ VIEW ] /opt/web/hqy/public/../application/v1/view/index/index.html [ array (
  0 => 'site',
  1 => 'config',
  2 => 'request',
  3 => 'userInfo',
  4 => 'adaptive',
) ]
[ info ] [ LOG ] INIT File
---------------------------------------------------------------
[ 2019-08-20T17:13:27+08:00 ] 172.26.2.167 GET local.hqy.com/static/assets/components/bootstrap-select/css/bootstrap-select.css.map
[运行时间：0.200926s] [吞吐率：4.98req/s] [内存消耗：1,023.53kb] [文件加载：36]
[ info ] [ LANG ] /opt/web/hqy/thinkphp/lang/zh-cn.php
[ info ] [ ROUTE ] array (
  'type' => 'module',
  'module' => 
  array (
    0 => 'static',
    1 => 'assets',
    2 => 'components',
  ),
)
[ info ] [ HEADER ] array (
  'cookie' => 'PHPSESSID=u733ql4gsjnsdh2b0n4l3ntuau',
  'accept-language' => 'zh-CN,zh;q=0.9',
  'accept-encoding' => 'gzip, deflate',
  'user-agent' => 'Mozilla/5.0 (Windows NT 6.1; WOW64) AppleWebKit/537.36 (KHTML, like Gecko) Chrome/65.0.3325.181 Safari/537.36',
  'connection' => 'keep-alive',
  'host' => 'local.hqy.com',
  'content-type' => '',
  'content-length' => '',
)
[ info ] [ PARAM ] array (
  'select' => 'css',
)
[ info ] [ LOG ] INIT File
