---------------------------------------------------------------
[ 2019-08-23T08:13:58+08:00 ] 172.26.2.167 GET local.hqy.com/
[运行时间：0.391405s] [吞吐率：2.55req/s] [内存消耗：1,285.72kb] [文件加载：44]
[ info ] [ LANG ] /opt/web/hqy/thinkphp/lang/zh-cn.php
[ info ] [ ROUTE ] array (
  'type' => 'module',
  'module' => 
  array (
    0 => '',
    1 => NULL,
    2 => NULL,
  ),
)
[ info ] [ HEADER ] array (
  'cookie' => 'PHPSESSID=u733ql4gsjnsdh2b0n4l3ntuau',
  'accept-language' => 'zh-CN,zh;q=0.9',
  'accept-encoding' => 'gzip, deflate',
  'accept' => 'text/html,application/xhtml+xml,application/xml;q=0.9,image/webp,image/apng,*/*;q=0.8',
  'user-agent' => 'Mozilla/5.0 (Windows NT 6.1; WOW64) AppleWebKit/537.36 (KHTML, like Gecko) Chrome/65.0.3325.181 Safari/537.36',
  'upgrade-insecure-requests' => '1',
  'connection' => 'keep-alive',
  'host' => 'local.hqy.com',
  'content-type' => '',
  'content-length' => '',
)
[ info ] [ PARAM ] array (
)
[ info ] [ SESSION ] INIT array (
  'id' => '',
  'var_session_id' => '',
  'prefix' => 'think',
  'type' => '',
  'auto_start' => true,
)
[ info ] [ LOG ] INIT File
---------------------------------------------------------------
[ 2019-08-23T08:13:59+08:00 ] 172.26.2.167 GET local.hqy.com/v1/login/index.html
[运行时间：0.391789s] [吞吐率：2.55req/s] [内存消耗：1,411.02kb] [文件加载：44]
[ info ] [ LANG ] /opt/web/hqy/thinkphp/lang/zh-cn.php
[ info ] [ ROUTE ] array (
  'type' => 'module',
  'module' => 
  array (
    0 => 'v1',
    1 => 'login',
    2 => 'index',
  ),
)
[ info ] [ HEADER ] array (
  'cookie' => 'PHPSESSID=u733ql4gsjnsdh2b0n4l3ntuau',
  'accept-language' => 'zh-CN,zh;q=0.9',
  'accept-encoding' => 'gzip, deflate',
  'accept' => 'text/html,application/xhtml+xml,application/xml;q=0.9,image/webp,image/apng,*/*;q=0.8',
  'user-agent' => 'Mozilla/5.0 (Windows NT 6.1; WOW64) AppleWebKit/537.36 (KHTML, like Gecko) Chrome/65.0.3325.181 Safari/537.36',
  'upgrade-insecure-requests' => '1',
  'connection' => 'keep-alive',
  'host' => 'local.hqy.com',
  'content-type' => '',
  'content-length' => '',
)
[ info ] [ PARAM ] array (
)
[ info ] [ RUN ] app\v1\controller\Login->index[ /opt/web/hqy/application/v1/controller/Login.php ]
[ info ] [ VIEW ] /opt/web/hqy/public/../application/v1/view/login/index.html [ array (
) ]
[ info ] [ LOG ] INIT File
