---------------------------------------------------------------
[ 2019-08-26T08:45:54+08:00 ] 172.26.2.167 GET local.hqy.com/v1/index/index.html
[运行时间：0.387104s] [吞吐率：2.58req/s] [内存消耗：1,288.95kb] [文件加载：44]
[ info ] [ LANG ] /opt/web/hqy/thinkphp/lang/zh-cn.php
[ info ] [ ROUTE ] array (
  'type' => 'module',
  'module' => 
  array (
    0 => 'v1',
    1 => 'index',
    2 => 'index',
  ),
)
[ info ] [ HEADER ] array (
  'accept-language' => 'zh-CN,zh;q=0.9',
  'accept-encoding' => 'gzip, deflate',
  'accept' => 'text/html,application/xhtml+xml,application/xml;q=0.9,image/webp,image/apng,*/*;q=0.8',
  'user-agent' => 'Mozilla/5.0 (Windows NT 6.1; WOW64) AppleWebKit/537.36 (KHTML, like Gecko) Chrome/65.0.3325.181 Safari/537.36',
  'upgrade-insecure-requests' => '1',
  'connection' => 'keep-alive',
  'host' => 'local.hqy.com',
  'content-type' => '',
  'content-length' => '',
)
[ info ] [ PARAM ] array (
)
[ info ] [ SESSION ] INIT array (
  'id' => '',
  'var_session_id' => '',
  'prefix' => 'think',
  'type' => '',
  'auto_start' => true,
)
[ info ] [ LOG ] INIT File
---------------------------------------------------------------
[ 2019-08-26T08:45:55+08:00 ] 172.26.2.167 GET local.hqy.com/v1/login/index.html
[运行时间：0.629783s] [吞吐率：1.59req/s] [内存消耗：1,411.02kb] [文件加载：44]
[ info ] [ LANG ] /opt/web/hqy/thinkphp/lang/zh-cn.php
[ info ] [ ROUTE ] array (
  'type' => 'module',
  'module' => 
  array (
    0 => 'v1',
    1 => 'login',
    2 => 'index',
  ),
)
[ info ] [ HEADER ] array (
  'cookie' => 'PHPSESSID=dm91vgql2t276o4ov4ll7hecuu',
  'accept-language' => 'zh-CN,zh;q=0.9',
  'accept-encoding' => 'gzip, deflate',
  'accept' => 'text/html,application/xhtml+xml,application/xml;q=0.9,image/webp,image/apng,*/*;q=0.8',
  'user-agent' => 'Mozilla/5.0 (Windows NT 6.1; WOW64) AppleWebKit/537.36 (KHTML, like Gecko) Chrome/65.0.3325.181 Safari/537.36',
  'upgrade-insecure-requests' => '1',
  'connection' => 'keep-alive',
  'host' => 'local.hqy.com',
  'content-type' => '',
  'content-length' => '',
)
[ info ] [ PARAM ] array (
)
[ info ] [ RUN ] app\v1\controller\Login->index[ /opt/web/hqy/application/v1/controller/Login.php ]
[ info ] [ VIEW ] /opt/web/hqy/public/../application/v1/view/login/index.html [ array (
) ]
[ info ] [ LOG ] INIT File
---------------------------------------------------------------
[ 2019-08-26T08:45:56+08:00 ] 172.26.2.167 GET local.hqy.com/static/assets/img/favicon.ico
[运行时间：0.268777s] [吞吐率：3.72req/s] [内存消耗：1,025.10kb] [文件加载：36]
[ info ] [ LANG ] /opt/web/hqy/thinkphp/lang/zh-cn.php
[ info ] [ ROUTE ] array (
  'type' => 'module',
  'module' => 
  array (
    0 => 'static',
    1 => 'assets',
    2 => 'img',
  ),
)
[ info ] [ HEADER ] array (
  'cookie' => 'PHPSESSID=dm91vgql2t276o4ov4ll7hecuu',
  'accept-language' => 'zh-CN,zh;q=0.9',
  'accept-encoding' => 'gzip, deflate',
  'referer' => 'http://local.hqy.com/v1/login/index.html',
  'accept' => 'image/webp,image/apng,image/*,*/*;q=0.8',
  'user-agent' => 'Mozilla/5.0 (Windows NT 6.1; WOW64) AppleWebKit/537.36 (KHTML, like Gecko) Chrome/65.0.3325.181 Safari/537.36',
  'connection' => 'keep-alive',
  'host' => 'local.hqy.com',
  'content-type' => '',
  'content-length' => '',
)
[ info ] [ PARAM ] array (
)
[ info ] [ LOG ] INIT File
---------------------------------------------------------------
[ 2019-08-26T08:46:03+08:00 ] 172.26.2.167 POST local.hqy.com/v1/login/check.html
[运行时间：0.704519s] [吞吐率：1.42req/s] [内存消耗：2,465.70kb] [文件加载：57]
[ info ] [ LANG ] /opt/web/hqy/thinkphp/lang/zh-cn.php
[ info ] [ ROUTE ] array (
  'type' => 'module',
  'module' => 
  array (
    0 => 'v1',
    1 => 'login',
    2 => 'check',
  ),
)
[ info ] [ HEADER ] array (
  'cookie' => 'PHPSESSID=dm91vgql2t276o4ov4ll7hecuu',
  'accept-language' => 'zh-CN,zh;q=0.9',
  'accept-encoding' => 'gzip, deflate',
  'referer' => 'http://local.hqy.com/v1/login/index.html',
  'content-type' => 'application/x-www-form-urlencoded; charset=UTF-8',
  'user-agent' => 'Mozilla/5.0 (Windows NT 6.1; WOW64) AppleWebKit/537.36 (KHTML, like Gecko) Chrome/65.0.3325.181 Safari/537.36',
  'x-requested-with' => 'XMLHttpRequest',
  'origin' => 'http://local.hqy.com',
  'accept' => 'application/json, text/javascript, */*; q=0.01',
  'content-length' => '52',
  'connection' => 'keep-alive',
  'host' => 'local.hqy.com',
)
[ info ] [ PARAM ] array (
  'username' => '史玉龙',
  'password' => '065012',
)
[ info ] [ RUN ] app\v1\controller\Login->check[ /opt/web/hqy/application/v1/controller/Login.php ]
[ info ] [ CACHE ] INIT redis
[ info ] [ DB ] INIT mysql
[ info ] [ SESSION ] INIT array (
  'id' => '',
  'var_session_id' => '',
  'prefix' => 'think',
  'type' => '',
  'auto_start' => true,
)
[ info ] [ LOG ] INIT File
[ sql ] [ DB ] CONNECT:[ UseTime:0.114062s ] mysql:host=47.105.48.137;dbname=huiqiyun;charset=utf8
[ sql ] [ SQL ] SHOW COLUMNS FROM `h_admin` [ RunTime:0.073897s ]
[ sql ] [ SQL ] SELECT * FROM `h_admin` WHERE  `username` = '史玉龙'  AND `is_del` = 0 LIMIT 1 [ RunTime:0.074654s ]
---------------------------------------------------------------
[ 2019-08-26T08:46:03+08:00 ] 172.26.2.167 GET local.hqy.com/v1/index/index.html
[运行时间：0.467190s] [吞吐率：2.14req/s] [内存消耗：1,622.18kb] [文件加载：49]
[ info ] [ LANG ] /opt/web/hqy/thinkphp/lang/zh-cn.php
[ info ] [ ROUTE ] array (
  'type' => 'module',
  'module' => 
  array (
    0 => 'v1',
    1 => 'index',
    2 => 'index',
  ),
)
[ info ] [ HEADER ] array (
  'cookie' => 'PHPSESSID=dm91vgql2t276o4ov4ll7hecuu',
  'accept-language' => 'zh-CN,zh;q=0.9',
  'accept-encoding' => 'gzip, deflate',
  'referer' => 'http://local.hqy.com/v1/login/index.html',
  'accept' => 'text/html,application/xhtml+xml,application/xml;q=0.9,image/webp,image/apng,*/*;q=0.8',
  'user-agent' => 'Mozilla/5.0 (Windows NT 6.1; WOW64) AppleWebKit/537.36 (KHTML, like Gecko) Chrome/65.0.3325.181 Safari/537.36',
  'upgrade-insecure-requests' => '1',
  'connection' => 'keep-alive',
  'host' => 'local.hqy.com',
  'content-type' => '',
  'content-length' => '',
)
[ info ] [ PARAM ] array (
)
[ info ] [ SESSION ] INIT array (
  'id' => '',
  'var_session_id' => '',
  'prefix' => 'think',
  'type' => '',
  'auto_start' => true,
)
[ info ] [ RUN ] app\v1\controller\Index->index[ /opt/web/hqy/application/v1/controller/Index.php ]
[ info ] [ CACHE ] INIT redis
[ info ] [ VIEW ] /opt/web/hqy/public/../application/v1/view/index/index.html [ array (
  0 => 'site',
  1 => 'config',
  2 => 'request',
  3 => 'userInfo',
  4 => 'adaptive',
) ]
[ info ] [ LOG ] INIT File
---------------------------------------------------------------
[ 2019-08-26T08:46:10+08:00 ] 172.26.2.167 GET local.hqy.com/v1/system/menu.html
[运行时间：1.186526s] [吞吐率：0.84req/s] [内存消耗：3,424.76kb] [文件加载：64]
[ info ] [ LANG ] /opt/web/hqy/thinkphp/lang/zh-cn.php
[ info ] [ ROUTE ] array (
  'type' => 'module',
  'module' => 
  array (
    0 => 'v1',
    1 => 'system',
    2 => 'menu',
  ),
)
[ info ] [ HEADER ] array (
  'cookie' => 'PHPSESSID=dm91vgql2t276o4ov4ll7hecuu',
  'accept-language' => 'zh-CN,zh;q=0.9',
  'accept-encoding' => 'gzip, deflate',
  'referer' => 'http://local.hqy.com/v1/index/index.html',
  'accept' => 'text/html,application/xhtml+xml,application/xml;q=0.9,image/webp,image/apng,*/*;q=0.8',
  'user-agent' => 'Mozilla/5.0 (Windows NT 6.1; WOW64) AppleWebKit/537.36 (KHTML, like Gecko) Chrome/65.0.3325.181 Safari/537.36',
  'upgrade-insecure-requests' => '1',
  'connection' => 'keep-alive',
  'host' => 'local.hqy.com',
  'content-type' => '',
  'content-length' => '',
)
[ info ] [ PARAM ] array (
)
[ info ] [ SESSION ] INIT array (
  'id' => '',
  'var_session_id' => '',
  'prefix' => 'think',
  'type' => '',
  'auto_start' => true,
)
[ info ] [ RUN ] app\v1\controller\system->menu[ /opt/web/hqy/application/v1/controller/System.php ]
[ info ] [ CACHE ] INIT redis
[ info ] [ DB ] INIT mysql
[ info ] [ VIEW ] /opt/web/hqy/public/../application/v1/view/system/menu.html [ array (
  0 => 'site',
  1 => 'config',
  2 => 'request',
  3 => 'userInfo',
  4 => 'adaptive',
  5 => 'menuList',
  6 => 'status',
  7 => 'type',
  8 => 'data',
  9 => 'page',
) ]
[ info ] [ LOG ] INIT File
[ sql ] [ DB ] CONNECT:[ UseTime:0.104001s ] mysql:host=47.105.48.137;dbname=huiqiyun;charset=utf8
[ sql ] [ SQL ] SHOW COLUMNS FROM `h_menus` [ RunTime:0.070626s ]
[ sql ] [ SQL ] SELECT COUNT(*) AS tp_count FROM `h_menus` WHERE  `status` = 1 LIMIT 1 [ RunTime:0.066775s ]
[ sql ] [ SQL ] SELECT `id`,`type`,`pid`,`title`,`url`,`icon`,`weigh`,`status`,`createtime`,`remark` FROM `h_menus` WHERE  `status` = 1 ORDER BY `weigh` DESC LIMIT 0,20 [ RunTime:0.068874s ]
[ sql ] [ SQL ] SELECT * FROM `h_menus` ORDER BY `weigh` DESC [ RunTime:0.144253s ]
---------------------------------------------------------------
[ 2019-08-26T08:46:10+08:00 ] 172.26.2.167 GET local.hqy.com/static/assets/dist/font/6xK1dSBYKcSV-LCoeQqfX1RYOo3qPZ7nsDI.woff2
[运行时间：0.144926s] [吞吐率：6.90req/s] [内存消耗：1,026.27kb] [文件加载：36]
[ info ] [ LANG ] /opt/web/hqy/thinkphp/lang/zh-cn.php
[ info ] [ ROUTE ] array (
  'type' => 'module',
  'module' => 
  array (
    0 => 'static',
    1 => 'assets',
    2 => 'dist',
  ),
)
[ info ] [ HEADER ] array (
  'cookie' => 'PHPSESSID=dm91vgql2t276o4ov4ll7hecuu',
  'accept-language' => 'zh-CN,zh;q=0.9',
  'accept-encoding' => 'gzip, deflate',
  'referer' => 'http://local.hqy.com/static/assets/dist/css/fontcss.css',
  'accept' => '*/*',
  'user-agent' => 'Mozilla/5.0 (Windows NT 6.1; WOW64) AppleWebKit/537.36 (KHTML, like Gecko) Chrome/65.0.3325.181 Safari/537.36',
  'origin' => 'http://local.hqy.com',
  'connection' => 'keep-alive',
  'host' => 'local.hqy.com',
  'content-type' => '',
  'content-length' => '',
)
[ info ] [ PARAM ] array (
  'font' => '6xK1dSBYKcSV-LCoeQqfX1RYOo3qPZ7nsDI.woff2',
)
[ info ] [ LOG ] INIT File
---------------------------------------------------------------
[ 2019-08-26T08:46:21+08:00 ] 172.26.2.167 GET local.hqy.com/v1/system/menu.html?page=24
[运行时间：0.960686s] [吞吐率：1.04req/s] [内存消耗：3,406.46kb] [文件加载：64]
[ info ] [ LANG ] /opt/web/hqy/thinkphp/lang/zh-cn.php
[ info ] [ ROUTE ] array (
  'type' => 'module',
  'module' => 
  array (
    0 => 'v1',
    1 => 'system',
    2 => 'menu',
  ),
)
[ info ] [ HEADER ] array (
  'cookie' => 'PHPSESSID=dm91vgql2t276o4ov4ll7hecuu',
  'accept-language' => 'zh-CN,zh;q=0.9',
  'accept-encoding' => 'gzip, deflate',
  'referer' => 'http://local.hqy.com/v1/system/menu.html',
  'accept' => 'text/html,application/xhtml+xml,application/xml;q=0.9,image/webp,image/apng,*/*;q=0.8',
  'user-agent' => 'Mozilla/5.0 (Windows NT 6.1; WOW64) AppleWebKit/537.36 (KHTML, like Gecko) Chrome/65.0.3325.181 Safari/537.36',
  'upgrade-insecure-requests' => '1',
  'connection' => 'keep-alive',
  'host' => 'local.hqy.com',
  'content-type' => '',
  'content-length' => '',
)
[ info ] [ PARAM ] array (
  'page' => '24',
)
[ info ] [ SESSION ] INIT array (
  'id' => '',
  'var_session_id' => '',
  'prefix' => 'think',
  'type' => '',
  'auto_start' => true,
)
[ info ] [ RUN ] app\v1\controller\system->menu[ /opt/web/hqy/application/v1/controller/System.php ]
[ info ] [ CACHE ] INIT redis
[ info ] [ DB ] INIT mysql
[ info ] [ VIEW ] /opt/web/hqy/public/../application/v1/view/system/menu.html [ array (
  0 => 'site',
  1 => 'config',
  2 => 'request',
  3 => 'userInfo',
  4 => 'adaptive',
  5 => 'menuList',
  6 => 'status',
  7 => 'type',
  8 => 'data',
  9 => 'page',
) ]
[ info ] [ LOG ] INIT File
[ sql ] [ DB ] CONNECT:[ UseTime:0.121949s ] mysql:host=47.105.48.137;dbname=huiqiyun;charset=utf8
[ sql ] [ SQL ] SHOW COLUMNS FROM `h_menus` [ RunTime:0.077726s ]
[ sql ] [ SQL ] SELECT COUNT(*) AS tp_count FROM `h_menus` WHERE  `status` = 1 LIMIT 1 [ RunTime:0.077162s ]
[ sql ] [ SQL ] SELECT `id`,`type`,`pid`,`title`,`url`,`icon`,`weigh`,`status`,`createtime`,`remark` FROM `h_menus` WHERE  `status` = 1 ORDER BY `weigh` DESC LIMIT 460,20 [ RunTime:0.080501s ]
[ sql ] [ SQL ] SELECT * FROM `h_menus` ORDER BY `weigh` DESC [ RunTime:0.158822s ]
---------------------------------------------------------------
[ 2019-08-26T08:46:21+08:00 ] 172.26.2.167 GET local.hqy.com/static/assets/dist/font/6xK1dSBYKcSV-LCoeQqfX1RYOo3qPZ7nsDI.woff2
[运行时间：0.130464s] [吞吐率：7.66req/s] [内存消耗：1,026.27kb] [文件加载：36]
[ info ] [ LANG ] /opt/web/hqy/thinkphp/lang/zh-cn.php
[ info ] [ ROUTE ] array (
  'type' => 'module',
  'module' => 
  array (
    0 => 'static',
    1 => 'assets',
    2 => 'dist',
  ),
)
[ info ] [ HEADER ] array (
  'cookie' => 'PHPSESSID=dm91vgql2t276o4ov4ll7hecuu',
  'accept-language' => 'zh-CN,zh;q=0.9',
  'accept-encoding' => 'gzip, deflate',
  'referer' => 'http://local.hqy.com/static/assets/dist/css/fontcss.css',
  'accept' => '*/*',
  'user-agent' => 'Mozilla/5.0 (Windows NT 6.1; WOW64) AppleWebKit/537.36 (KHTML, like Gecko) Chrome/65.0.3325.181 Safari/537.36',
  'origin' => 'http://local.hqy.com',
  'connection' => 'keep-alive',
  'host' => 'local.hqy.com',
  'content-type' => '',
  'content-length' => '',
)
[ info ] [ PARAM ] array (
  'font' => '6xK1dSBYKcSV-LCoeQqfX1RYOo3qPZ7nsDI.woff2',
)
[ info ] [ LOG ] INIT File
---------------------------------------------------------------
[ 2019-08-26T08:46:26+08:00 ] 172.26.2.167 GET local.hqy.com/v1/system/menu.html?page=16
[运行时间：0.899556s] [吞吐率：1.11req/s] [内存消耗：3,425.38kb] [文件加载：64]
[ info ] [ LANG ] /opt/web/hqy/thinkphp/lang/zh-cn.php
[ info ] [ ROUTE ] array (
  'type' => 'module',
  'module' => 
  array (
    0 => 'v1',
    1 => 'system',
    2 => 'menu',
  ),
)
[ info ] [ HEADER ] array (
  'cookie' => 'PHPSESSID=dm91vgql2t276o4ov4ll7hecuu',
  'accept-language' => 'zh-CN,zh;q=0.9',
  'accept-encoding' => 'gzip, deflate',
  'referer' => 'http://local.hqy.com/v1/system/menu.html?page=24',
  'accept' => 'text/html,application/xhtml+xml,application/xml;q=0.9,image/webp,image/apng,*/*;q=0.8',
  'user-agent' => 'Mozilla/5.0 (Windows NT 6.1; WOW64) AppleWebKit/537.36 (KHTML, like Gecko) Chrome/65.0.3325.181 Safari/537.36',
  'upgrade-insecure-requests' => '1',
  'connection' => 'keep-alive',
  'host' => 'local.hqy.com',
  'content-type' => '',
  'content-length' => '',
)
[ info ] [ PARAM ] array (
  'page' => '16',
)
[ info ] [ SESSION ] INIT array (
  'id' => '',
  'var_session_id' => '',
  'prefix' => 'think',
  'type' => '',
  'auto_start' => true,
)
[ info ] [ RUN ] app\v1\controller\system->menu[ /opt/web/hqy/application/v1/controller/System.php ]
[ info ] [ CACHE ] INIT redis
[ info ] [ DB ] INIT mysql
[ info ] [ VIEW ] /opt/web/hqy/public/../application/v1/view/system/menu.html [ array (
  0 => 'site',
  1 => 'config',
  2 => 'request',
  3 => 'userInfo',
  4 => 'adaptive',
  5 => 'menuList',
  6 => 'status',
  7 => 'type',
  8 => 'data',
  9 => 'page',
) ]
[ info ] [ LOG ] INIT File
[ sql ] [ DB ] CONNECT:[ UseTime:0.103768s ] mysql:host=47.105.48.137;dbname=huiqiyun;charset=utf8
[ sql ] [ SQL ] SHOW COLUMNS FROM `h_menus` [ RunTime:0.077293s ]
[ sql ] [ SQL ] SELECT COUNT(*) AS tp_count FROM `h_menus` WHERE  `status` = 1 LIMIT 1 [ RunTime:0.071321s ]
[ sql ] [ SQL ] SELECT `id`,`type`,`pid`,`title`,`url`,`icon`,`weigh`,`status`,`createtime`,`remark` FROM `h_menus` WHERE  `status` = 1 ORDER BY `weigh` DESC LIMIT 300,20 [ RunTime:0.068692s ]
[ sql ] [ SQL ] SELECT * FROM `h_menus` ORDER BY `weigh` DESC [ RunTime:0.135293s ]
---------------------------------------------------------------
[ 2019-08-26T08:46:26+08:00 ] 172.26.2.167 GET local.hqy.com/static/assets/dist/font/6xK1dSBYKcSV-LCoeQqfX1RYOo3qPZ7nsDI.woff2
[运行时间：0.132287s] [吞吐率：7.56req/s] [内存消耗：1,026.27kb] [文件加载：36]
[ info ] [ LANG ] /opt/web/hqy/thinkphp/lang/zh-cn.php
[ info ] [ ROUTE ] array (
  'type' => 'module',
  'module' => 
  array (
    0 => 'static',
    1 => 'assets',
    2 => 'dist',
  ),
)
[ info ] [ HEADER ] array (
  'cookie' => 'PHPSESSID=dm91vgql2t276o4ov4ll7hecuu',
  'accept-language' => 'zh-CN,zh;q=0.9',
  'accept-encoding' => 'gzip, deflate',
  'referer' => 'http://local.hqy.com/static/assets/dist/css/fontcss.css',
  'accept' => '*/*',
  'user-agent' => 'Mozilla/5.0 (Windows NT 6.1; WOW64) AppleWebKit/537.36 (KHTML, like Gecko) Chrome/65.0.3325.181 Safari/537.36',
  'origin' => 'http://local.hqy.com',
  'connection' => 'keep-alive',
  'host' => 'local.hqy.com',
  'content-type' => '',
  'content-length' => '',
)
[ info ] [ PARAM ] array (
  'font' => '6xK1dSBYKcSV-LCoeQqfX1RYOo3qPZ7nsDI.woff2',
)
[ info ] [ LOG ] INIT File
---------------------------------------------------------------
[ 2019-08-26T08:55:09+08:00 ] 172.26.2.167 GET local.hqy.com/v1/system/menu.html?page=2
[运行时间：1.183568s] [吞吐率：0.84req/s] [内存消耗：3,425.41kb] [文件加载：64]
[ info ] [ LANG ] /opt/web/hqy/thinkphp/lang/zh-cn.php
[ info ] [ ROUTE ] array (
  'type' => 'module',
  'module' => 
  array (
    0 => 'v1',
    1 => 'system',
    2 => 'menu',
  ),
)
[ info ] [ HEADER ] array (
  'cookie' => 'PHPSESSID=dm91vgql2t276o4ov4ll7hecuu',
  'accept-language' => 'zh-CN,zh;q=0.9',
  'accept-encoding' => 'gzip, deflate',
  'referer' => 'http://local.hqy.com/v1/system/menu.html?page=16',
  'accept' => 'text/html,application/xhtml+xml,application/xml;q=0.9,image/webp,image/apng,*/*;q=0.8',
  'user-agent' => 'Mozilla/5.0 (Windows NT 6.1; WOW64) AppleWebKit/537.36 (KHTML, like Gecko) Chrome/65.0.3325.181 Safari/537.36',
  'upgrade-insecure-requests' => '1',
  'connection' => 'keep-alive',
  'host' => 'local.hqy.com',
  'content-type' => '',
  'content-length' => '',
)
[ info ] [ PARAM ] array (
  'page' => '2',
)
[ info ] [ SESSION ] INIT array (
  'id' => '',
  'var_session_id' => '',
  'prefix' => 'think',
  'type' => '',
  'auto_start' => true,
)
[ info ] [ RUN ] app\v1\controller\system->menu[ /opt/web/hqy/application/v1/controller/System.php ]
[ info ] [ CACHE ] INIT redis
[ info ] [ DB ] INIT mysql
[ info ] [ VIEW ] /opt/web/hqy/public/../application/v1/view/system/menu.html [ array (
  0 => 'site',
  1 => 'config',
  2 => 'request',
  3 => 'userInfo',
  4 => 'adaptive',
  5 => 'menuList',
  6 => 'status',
  7 => 'type',
  8 => 'data',
  9 => 'page',
) ]
[ info ] [ LOG ] INIT File
[ sql ] [ DB ] CONNECT:[ UseTime:0.107997s ] mysql:host=47.105.48.137;dbname=huiqiyun;charset=utf8
[ sql ] [ SQL ] SHOW COLUMNS FROM `h_menus` [ RunTime:0.069411s ]
[ sql ] [ SQL ] SELECT COUNT(*) AS tp_count FROM `h_menus` WHERE  `status` = 1 LIMIT 1 [ RunTime:0.068206s ]
[ sql ] [ SQL ] SELECT `id`,`type`,`pid`,`title`,`url`,`icon`,`weigh`,`status`,`createtime`,`remark` FROM `h_menus` WHERE  `status` = 1 ORDER BY `weigh` DESC LIMIT 20,20 [ RunTime:0.076402s ]
[ sql ] [ SQL ] SELECT * FROM `h_menus` ORDER BY `weigh` DESC [ RunTime:0.150314s ]
---------------------------------------------------------------
[ 2019-08-26T08:55:09+08:00 ] 172.26.2.167 GET local.hqy.com/static/assets/dist/font/6xK1dSBYKcSV-LCoeQqfX1RYOo3qPZ7nsDI.woff2
[运行时间：0.165062s] [吞吐率：6.06req/s] [内存消耗：1,026.27kb] [文件加载：36]
[ info ] [ LANG ] /opt/web/hqy/thinkphp/lang/zh-cn.php
[ info ] [ ROUTE ] array (
  'type' => 'module',
  'module' => 
  array (
    0 => 'static',
    1 => 'assets',
    2 => 'dist',
  ),
)
[ info ] [ HEADER ] array (
  'cookie' => 'PHPSESSID=dm91vgql2t276o4ov4ll7hecuu',
  'accept-language' => 'zh-CN,zh;q=0.9',
  'accept-encoding' => 'gzip, deflate',
  'referer' => 'http://local.hqy.com/static/assets/dist/css/fontcss.css',
  'accept' => '*/*',
  'user-agent' => 'Mozilla/5.0 (Windows NT 6.1; WOW64) AppleWebKit/537.36 (KHTML, like Gecko) Chrome/65.0.3325.181 Safari/537.36',
  'origin' => 'http://local.hqy.com',
  'connection' => 'keep-alive',
  'host' => 'local.hqy.com',
  'content-type' => '',
  'content-length' => '',
)
[ info ] [ PARAM ] array (
  'font' => '6xK1dSBYKcSV-LCoeQqfX1RYOo3qPZ7nsDI.woff2',
)
[ info ] [ LOG ] INIT File
---------------------------------------------------------------
[ 2019-08-26T08:55:34+08:00 ] 172.26.2.167 GET local.hqy.com/v1/system/menu.html?page=24
[运行时间：1.177937s] [吞吐率：0.85req/s] [内存消耗：3,406.46kb] [文件加载：64]
[ info ] [ LANG ] /opt/web/hqy/thinkphp/lang/zh-cn.php
[ info ] [ ROUTE ] array (
  'type' => 'module',
  'module' => 
  array (
    0 => 'v1',
    1 => 'system',
    2 => 'menu',
  ),
)
[ info ] [ HEADER ] array (
  'cookie' => 'PHPSESSID=dm91vgql2t276o4ov4ll7hecuu',
  'accept-language' => 'zh-CN,zh;q=0.9',
  'accept-encoding' => 'gzip, deflate',
  'referer' => 'http://local.hqy.com/v1/system/menu.html?page=2',
  'accept' => 'text/html,application/xhtml+xml,application/xml;q=0.9,image/webp,image/apng,*/*;q=0.8',
  'user-agent' => 'Mozilla/5.0 (Windows NT 6.1; WOW64) AppleWebKit/537.36 (KHTML, like Gecko) Chrome/65.0.3325.181 Safari/537.36',
  'upgrade-insecure-requests' => '1',
  'connection' => 'keep-alive',
  'host' => 'local.hqy.com',
  'content-type' => '',
  'content-length' => '',
)
[ info ] [ PARAM ] array (
  'page' => '24',
)
[ info ] [ SESSION ] INIT array (
  'id' => '',
  'var_session_id' => '',
  'prefix' => 'think',
  'type' => '',
  'auto_start' => true,
)
[ info ] [ RUN ] app\v1\controller\system->menu[ /opt/web/hqy/application/v1/controller/System.php ]
[ info ] [ CACHE ] INIT redis
[ info ] [ DB ] INIT mysql
[ info ] [ VIEW ] /opt/web/hqy/public/../application/v1/view/system/menu.html [ array (
  0 => 'site',
  1 => 'config',
  2 => 'request',
  3 => 'userInfo',
  4 => 'adaptive',
  5 => 'menuList',
  6 => 'status',
  7 => 'type',
  8 => 'data',
  9 => 'page',
) ]
[ info ] [ LOG ] INIT File
[ sql ] [ DB ] CONNECT:[ UseTime:0.118828s ] mysql:host=47.105.48.137;dbname=huiqiyun;charset=utf8
[ sql ] [ SQL ] SHOW COLUMNS FROM `h_menus` [ RunTime:0.082175s ]
[ sql ] [ SQL ] SELECT COUNT(*) AS tp_count FROM `h_menus` WHERE  `status` = 1 LIMIT 1 [ RunTime:0.080336s ]
[ sql ] [ SQL ] SELECT `id`,`type`,`pid`,`title`,`url`,`icon`,`weigh`,`status`,`createtime`,`remark` FROM `h_menus` WHERE  `status` = 1 ORDER BY `weigh` DESC LIMIT 460,20 [ RunTime:0.086989s ]
[ sql ] [ SQL ] SELECT * FROM `h_menus` ORDER BY `weigh` DESC [ RunTime:0.171962s ]
---------------------------------------------------------------
[ 2019-08-26T08:55:35+08:00 ] 172.26.2.167 GET local.hqy.com/static/assets/dist/font/6xK1dSBYKcSV-LCoeQqfX1RYOo3qPZ7nsDI.woff2
[运行时间：0.132570s] [吞吐率：7.54req/s] [内存消耗：1,026.27kb] [文件加载：36]
[ info ] [ LANG ] /opt/web/hqy/thinkphp/lang/zh-cn.php
[ info ] [ ROUTE ] array (
  'type' => 'module',
  'module' => 
  array (
    0 => 'static',
    1 => 'assets',
    2 => 'dist',
  ),
)
[ info ] [ HEADER ] array (
  'cookie' => 'PHPSESSID=dm91vgql2t276o4ov4ll7hecuu',
  'accept-language' => 'zh-CN,zh;q=0.9',
  'accept-encoding' => 'gzip, deflate',
  'referer' => 'http://local.hqy.com/static/assets/dist/css/fontcss.css',
  'accept' => '*/*',
  'user-agent' => 'Mozilla/5.0 (Windows NT 6.1; WOW64) AppleWebKit/537.36 (KHTML, like Gecko) Chrome/65.0.3325.181 Safari/537.36',
  'origin' => 'http://local.hqy.com',
  'connection' => 'keep-alive',
  'host' => 'local.hqy.com',
  'content-type' => '',
  'content-length' => '',
)
[ info ] [ PARAM ] array (
  'font' => '6xK1dSBYKcSV-LCoeQqfX1RYOo3qPZ7nsDI.woff2',
)
[ info ] [ LOG ] INIT File
---------------------------------------------------------------
[ 2019-08-26T08:55:45+08:00 ] 172.26.2.167 GET local.hqy.com/v1/system/menu.html?page=2
[运行时间：1.142374s] [吞吐率：0.88req/s] [内存消耗：3,425.41kb] [文件加载：64]
[ info ] [ LANG ] /opt/web/hqy/thinkphp/lang/zh-cn.php
[ info ] [ ROUTE ] array (
  'type' => 'module',
  'module' => 
  array (
    0 => 'v1',
    1 => 'system',
    2 => 'menu',
  ),
)
[ info ] [ HEADER ] array (
  'cookie' => 'PHPSESSID=dm91vgql2t276o4ov4ll7hecuu',
  'accept-language' => 'zh-CN,zh;q=0.9',
  'accept-encoding' => 'gzip, deflate',
  'referer' => 'http://local.hqy.com/v1/system/menu.html?page=24',
  'accept' => 'text/html,application/xhtml+xml,application/xml;q=0.9,image/webp,image/apng,*/*;q=0.8',
  'user-agent' => 'Mozilla/5.0 (Windows NT 6.1; WOW64) AppleWebKit/537.36 (KHTML, like Gecko) Chrome/65.0.3325.181 Safari/537.36',
  'upgrade-insecure-requests' => '1',
  'connection' => 'keep-alive',
  'host' => 'local.hqy.com',
  'content-type' => '',
  'content-length' => '',
)
[ info ] [ PARAM ] array (
  'page' => '2',
)
[ info ] [ SESSION ] INIT array (
  'id' => '',
  'var_session_id' => '',
  'prefix' => 'think',
  'type' => '',
  'auto_start' => true,
)
[ info ] [ RUN ] app\v1\controller\system->menu[ /opt/web/hqy/application/v1/controller/System.php ]
[ info ] [ CACHE ] INIT redis
[ info ] [ DB ] INIT mysql
[ info ] [ VIEW ] /opt/web/hqy/public/../application/v1/view/system/menu.html [ array (
  0 => 'site',
  1 => 'config',
  2 => 'request',
  3 => 'userInfo',
  4 => 'adaptive',
  5 => 'menuList',
  6 => 'status',
  7 => 'type',
  8 => 'data',
  9 => 'page',
) ]
[ info ] [ LOG ] INIT File
[ sql ] [ DB ] CONNECT:[ UseTime:0.124948s ] mysql:host=47.105.48.137;dbname=huiqiyun;charset=utf8
[ sql ] [ SQL ] SHOW COLUMNS FROM `h_menus` [ RunTime:0.080945s ]
[ sql ] [ SQL ] SELECT COUNT(*) AS tp_count FROM `h_menus` WHERE  `status` = 1 LIMIT 1 [ RunTime:0.087306s ]
[ sql ] [ SQL ] SELECT `id`,`type`,`pid`,`title`,`url`,`icon`,`weigh`,`status`,`createtime`,`remark` FROM `h_menus` WHERE  `status` = 1 ORDER BY `weigh` DESC LIMIT 20,20 [ RunTime:0.097385s ]
[ sql ] [ SQL ] SELECT * FROM `h_menus` ORDER BY `weigh` DESC [ RunTime:0.170234s ]
---------------------------------------------------------------
[ 2019-08-26T08:55:45+08:00 ] 172.26.2.167 GET local.hqy.com/static/assets/dist/font/6xK1dSBYKcSV-LCoeQqfX1RYOo3qPZ7nsDI.woff2
[运行时间：0.132777s] [吞吐率：7.53req/s] [内存消耗：1,026.27kb] [文件加载：36]
[ info ] [ LANG ] /opt/web/hqy/thinkphp/lang/zh-cn.php
[ info ] [ ROUTE ] array (
  'type' => 'module',
  'module' => 
  array (
    0 => 'static',
    1 => 'assets',
    2 => 'dist',
  ),
)
[ info ] [ HEADER ] array (
  'cookie' => 'PHPSESSID=dm91vgql2t276o4ov4ll7hecuu',
  'accept-language' => 'zh-CN,zh;q=0.9',
  'accept-encoding' => 'gzip, deflate',
  'referer' => 'http://local.hqy.com/static/assets/dist/css/fontcss.css',
  'accept' => '*/*',
  'user-agent' => 'Mozilla/5.0 (Windows NT 6.1; WOW64) AppleWebKit/537.36 (KHTML, like Gecko) Chrome/65.0.3325.181 Safari/537.36',
  'origin' => 'http://local.hqy.com',
  'connection' => 'keep-alive',
  'host' => 'local.hqy.com',
  'content-type' => '',
  'content-length' => '',
)
[ info ] [ PARAM ] array (
  'font' => '6xK1dSBYKcSV-LCoeQqfX1RYOo3qPZ7nsDI.woff2',
)
[ info ] [ LOG ] INIT File
---------------------------------------------------------------
[ 2019-08-26T08:57:50+08:00 ] 172.26.2.167 GET local.hqy.com/v1/login/changepass.html
[运行时间：0.292489s] [吞吐率：3.42req/s] [内存消耗：1,405.35kb] [文件加载：44]
[ info ] [ LANG ] /opt/web/hqy/thinkphp/lang/zh-cn.php
[ info ] [ ROUTE ] array (
  'type' => 'module',
  'module' => 
  array (
    0 => 'v1',
    1 => 'login',
    2 => 'changepass',
  ),
)
[ info ] [ HEADER ] array (
  'cookie' => 'PHPSESSID=dm91vgql2t276o4ov4ll7hecuu',
  'accept-language' => 'zh-CN,zh;q=0.9',
  'accept-encoding' => 'gzip, deflate',
  'referer' => 'http://local.hqy.com/v1/system/menu.html?page=2',
  'accept' => 'text/html,application/xhtml+xml,application/xml;q=0.9,image/webp,image/apng,*/*;q=0.8',
  'user-agent' => 'Mozilla/5.0 (Windows NT 6.1; WOW64) AppleWebKit/537.36 (KHTML, like Gecko) Chrome/65.0.3325.181 Safari/537.36',
  'upgrade-insecure-requests' => '1',
  'connection' => 'keep-alive',
  'host' => 'local.hqy.com',
  'content-type' => '',
  'content-length' => '',
)
[ info ] [ PARAM ] array (
)
[ info ] [ RUN ] app\v1\controller\Login->changepass[ /opt/web/hqy/application/v1/controller/Login.php ]
[ info ] [ SESSION ] INIT array (
  'id' => '',
  'var_session_id' => '',
  'prefix' => 'think',
  'type' => '',
  'auto_start' => true,
)
[ info ] [ VIEW ] /opt/web/hqy/public/../application/v1/view/login/changepass.html [ array (
  0 => 'username',
  1 => 'userid',
) ]
[ info ] [ LOG ] INIT File
---------------------------------------------------------------
[ 2019-08-26T08:58:48+08:00 ] 172.26.2.167 GET local.hqy.com/v1/login/changepass.html?password=
[运行时间：0.229390s] [吞吐率：4.36req/s] [内存消耗：1,405.98kb] [文件加载：44]
[ info ] [ LANG ] /opt/web/hqy/thinkphp/lang/zh-cn.php
[ info ] [ ROUTE ] array (
  'type' => 'module',
  'module' => 
  array (
    0 => 'v1',
    1 => 'login',
    2 => 'changepass',
  ),
)
[ info ] [ HEADER ] array (
  'cookie' => 'PHPSESSID=dm91vgql2t276o4ov4ll7hecuu',
  'accept-language' => 'zh-CN,zh;q=0.9',
  'accept-encoding' => 'gzip, deflate',
  'referer' => 'http://local.hqy.com/v1/login/changepass.html',
  'accept' => 'text/html,application/xhtml+xml,application/xml;q=0.9,image/webp,image/apng,*/*;q=0.8',
  'user-agent' => 'Mozilla/5.0 (Windows NT 6.1; WOW64) AppleWebKit/537.36 (KHTML, like Gecko) Chrome/65.0.3325.181 Safari/537.36',
  'upgrade-insecure-requests' => '1',
  'connection' => 'keep-alive',
  'host' => 'local.hqy.com',
  'content-type' => '',
  'content-length' => '',
)
[ info ] [ PARAM ] array (
  'password' => '',
)
[ info ] [ RUN ] app\v1\controller\Login->changepass[ /opt/web/hqy/application/v1/controller/Login.php ]
[ info ] [ SESSION ] INIT array (
  'id' => '',
  'var_session_id' => '',
  'prefix' => 'think',
  'type' => '',
  'auto_start' => true,
)
[ info ] [ VIEW ] /opt/web/hqy/public/../application/v1/view/login/changepass.html [ array (
  0 => 'username',
  1 => 'userid',
) ]
[ info ] [ LOG ] INIT File
---------------------------------------------------------------
[ 2019-08-26T09:06:16+08:00 ] 172.26.2.167 GET local.hqy.com/v1/system/menu.html
[运行时间：1.159212s] [吞吐率：0.86req/s] [内存消耗：3,424.76kb] [文件加载：64]
[ info ] [ LANG ] /opt/web/hqy/thinkphp/lang/zh-cn.php
[ info ] [ ROUTE ] array (
  'type' => 'module',
  'module' => 
  array (
    0 => 'v1',
    1 => 'system',
    2 => 'menu',
  ),
)
[ info ] [ HEADER ] array (
  'cookie' => 'PHPSESSID=dm91vgql2t276o4ov4ll7hecuu',
  'accept-language' => 'zh-CN,zh;q=0.9',
  'accept-encoding' => 'gzip, deflate',
  'referer' => 'http://local.hqy.com/v1/system/menu.html?page=2',
  'accept' => 'text/html,application/xhtml+xml,application/xml;q=0.9,image/webp,image/apng,*/*;q=0.8',
  'user-agent' => 'Mozilla/5.0 (Windows NT 6.1; WOW64) AppleWebKit/537.36 (KHTML, like Gecko) Chrome/65.0.3325.181 Safari/537.36',
  'upgrade-insecure-requests' => '1',
  'connection' => 'keep-alive',
  'host' => 'local.hqy.com',
  'content-type' => '',
  'content-length' => '',
)
[ info ] [ PARAM ] array (
)
[ info ] [ SESSION ] INIT array (
  'id' => '',
  'var_session_id' => '',
  'prefix' => 'think',
  'type' => '',
  'auto_start' => true,
)
[ info ] [ RUN ] app\v1\controller\system->menu[ /opt/web/hqy/application/v1/controller/System.php ]
[ info ] [ CACHE ] INIT redis
[ info ] [ DB ] INIT mysql
[ info ] [ VIEW ] /opt/web/hqy/public/../application/v1/view/system/menu.html [ array (
  0 => 'site',
  1 => 'config',
  2 => 'request',
  3 => 'userInfo',
  4 => 'adaptive',
  5 => 'menuList',
  6 => 'status',
  7 => 'type',
  8 => 'data',
  9 => 'page',
) ]
[ info ] [ LOG ] INIT File
[ sql ] [ DB ] CONNECT:[ UseTime:0.122295s ] mysql:host=47.105.48.137;dbname=huiqiyun;charset=utf8
[ sql ] [ SQL ] SHOW COLUMNS FROM `h_menus` [ RunTime:0.085373s ]
[ sql ] [ SQL ] SELECT COUNT(*) AS tp_count FROM `h_menus` WHERE  `status` = 1 LIMIT 1 [ RunTime:0.084603s ]
[ sql ] [ SQL ] SELECT `id`,`type`,`pid`,`title`,`url`,`icon`,`weigh`,`status`,`createtime`,`remark` FROM `h_menus` WHERE  `status` = 1 ORDER BY `weigh` DESC LIMIT 0,20 [ RunTime:0.083794s ]
[ sql ] [ SQL ] SELECT * FROM `h_menus` ORDER BY `weigh` DESC [ RunTime:0.164113s ]
---------------------------------------------------------------
[ 2019-08-26T09:06:17+08:00 ] 172.26.2.167 GET local.hqy.com/static/assets/dist/font/6xK1dSBYKcSV-LCoeQqfX1RYOo3qPZ7nsDI.woff2
[运行时间：0.172934s] [吞吐率：5.78req/s] [内存消耗：1,026.27kb] [文件加载：36]
[ info ] [ LANG ] /opt/web/hqy/thinkphp/lang/zh-cn.php
[ info ] [ ROUTE ] array (
  'type' => 'module',
  'module' => 
  array (
    0 => 'static',
    1 => 'assets',
    2 => 'dist',
  ),
)
[ info ] [ HEADER ] array (
  'cookie' => 'PHPSESSID=dm91vgql2t276o4ov4ll7hecuu',
  'accept-language' => 'zh-CN,zh;q=0.9',
  'accept-encoding' => 'gzip, deflate',
  'referer' => 'http://local.hqy.com/static/assets/dist/css/fontcss.css',
  'accept' => '*/*',
  'user-agent' => 'Mozilla/5.0 (Windows NT 6.1; WOW64) AppleWebKit/537.36 (KHTML, like Gecko) Chrome/65.0.3325.181 Safari/537.36',
  'origin' => 'http://local.hqy.com',
  'connection' => 'keep-alive',
  'host' => 'local.hqy.com',
  'content-type' => '',
  'content-length' => '',
)
[ info ] [ PARAM ] array (
  'font' => '6xK1dSBYKcSV-LCoeQqfX1RYOo3qPZ7nsDI.woff2',
)
[ info ] [ LOG ] INIT File
---------------------------------------------------------------
[ 2019-08-26T09:07:01+08:00 ] 172.26.2.167 GET local.hqy.com/v1/system/addmenu.html
[运行时间：0.195761s] [吞吐率：5.11req/s] [内存消耗：1,426.22kb] [文件加载：45]
[ info ] [ LANG ] /opt/web/hqy/thinkphp/lang/zh-cn.php
[ info ] [ ROUTE ] array (
  'type' => 'module',
  'module' => 
  array (
    0 => 'v1',
    1 => 'system',
    2 => 'addmenu',
  ),
)
[ info ] [ HEADER ] array (
  'cookie' => 'PHPSESSID=dm91vgql2t276o4ov4ll7hecuu',
  'accept-language' => 'zh-CN,zh;q=0.9',
  'accept-encoding' => 'gzip, deflate',
  'referer' => 'http://local.hqy.com/v1/system/menu.html',
  'accept' => 'text/html,application/xhtml+xml,application/xml;q=0.9,image/webp,image/apng,*/*;q=0.8',
  'user-agent' => 'Mozilla/5.0 (Windows NT 6.1; WOW64) AppleWebKit/537.36 (KHTML, like Gecko) Chrome/65.0.3325.181 Safari/537.36',
  'upgrade-insecure-requests' => '1',
  'connection' => 'keep-alive',
  'host' => 'local.hqy.com',
  'content-type' => '',
  'content-length' => '',
)
[ info ] [ PARAM ] array (
)
[ info ] [ SESSION ] INIT array (
  'id' => '',
  'var_session_id' => '',
  'prefix' => 'think',
  'type' => '',
  'auto_start' => true,
)
[ info ] [ RUN ] app\v1\controller\system->addmenu[ /opt/web/hqy/application/v1/controller/System.php ]
[ info ] [ VIEW ] /opt/web/hqy/public/../application/v1/view/system/addmenu.html [ array (
  0 => 'site',
  1 => 'config',
  2 => 'request',
  3 => 'userInfo',
  4 => 'adaptive',
) ]
[ info ] [ LOG ] INIT File
---------------------------------------------------------------
[ 2019-08-26T09:30:11+08:00 ] 172.26.2.167 GET local.hqy.com/v1/system/addmenu.html
[运行时间：0.246789s] [吞吐率：4.05req/s] [内存消耗：1,426.22kb] [文件加载：45]
[ info ] [ LANG ] /opt/web/hqy/thinkphp/lang/zh-cn.php
[ info ] [ ROUTE ] array (
  'type' => 'module',
  'module' => 
  array (
    0 => 'v1',
    1 => 'system',
    2 => 'addmenu',
  ),
)
[ info ] [ HEADER ] array (
  'cookie' => 'PHPSESSID=dm91vgql2t276o4ov4ll7hecuu',
  'accept-language' => 'zh-CN,zh;q=0.9',
  'accept-encoding' => 'gzip, deflate',
  'referer' => 'http://local.hqy.com/v1/system/menu.html',
  'accept' => 'text/html,application/xhtml+xml,application/xml;q=0.9,image/webp,image/apng,*/*;q=0.8',
  'user-agent' => 'Mozilla/5.0 (Windows NT 6.1; WOW64) AppleWebKit/537.36 (KHTML, like Gecko) Chrome/65.0.3325.181 Safari/537.36',
  'upgrade-insecure-requests' => '1',
  'connection' => 'keep-alive',
  'host' => 'local.hqy.com',
  'content-type' => '',
  'content-length' => '',
)
[ info ] [ PARAM ] array (
)
[ info ] [ SESSION ] INIT array (
  'id' => '',
  'var_session_id' => '',
  'prefix' => 'think',
  'type' => '',
  'auto_start' => true,
)
[ info ] [ RUN ] app\v1\controller\system->addmenu[ /opt/web/hqy/application/v1/controller/System.php ]
[ info ] [ VIEW ] /opt/web/hqy/public/../application/v1/view/system/addmenu.html [ array (
  0 => 'site',
  1 => 'config',
  2 => 'request',
  3 => 'userInfo',
  4 => 'adaptive',
) ]
[ info ] [ LOG ] INIT File
---------------------------------------------------------------
[ 2019-08-26T09:30:16+08:00 ] 172.26.2.167 GET local.hqy.com/v1/system/addmenu.html
[运行时间：0.279883s] [吞吐率：3.57req/s] [内存消耗：1,425.70kb] [文件加载：45]
[ info ] [ LANG ] /opt/web/hqy/thinkphp/lang/zh-cn.php
[ info ] [ ROUTE ] array (
  'type' => 'module',
  'module' => 
  array (
    0 => 'v1',
    1 => 'system',
    2 => 'addmenu',
  ),
)
[ info ] [ HEADER ] array (
  'cookie' => 'PHPSESSID=dm91vgql2t276o4ov4ll7hecuu',
  'accept-language' => 'zh-CN,zh;q=0.9',
  'accept-encoding' => 'gzip, deflate',
  'accept' => 'text/html,application/xhtml+xml,application/xml;q=0.9,image/webp,image/apng,*/*;q=0.8',
  'user-agent' => 'Mozilla/5.0 (Windows NT 6.1; WOW64) AppleWebKit/537.36 (KHTML, like Gecko) Chrome/65.0.3325.181 Safari/537.36',
  'upgrade-insecure-requests' => '1',
  'connection' => 'keep-alive',
  'host' => 'local.hqy.com',
  'content-type' => '',
  'content-length' => '',
)
[ info ] [ PARAM ] array (
)
[ info ] [ SESSION ] INIT array (
  'id' => '',
  'var_session_id' => '',
  'prefix' => 'think',
  'type' => '',
  'auto_start' => true,
)
[ info ] [ RUN ] app\v1\controller\system->addmenu[ /opt/web/hqy/application/v1/controller/System.php ]
[ info ] [ VIEW ] /opt/web/hqy/public/../application/v1/view/system/addmenu.html [ array (
  0 => 'site',
  1 => 'config',
  2 => 'request',
  3 => 'userInfo',
  4 => 'adaptive',
) ]
[ info ] [ LOG ] INIT File
---------------------------------------------------------------
[ 2019-08-26T09:30:20+08:00 ] 172.26.2.167 GET local.hqy.com/v1/system/addmenu.html
[运行时间：0.198783s] [吞吐率：5.03req/s] [内存消耗：1,425.70kb] [文件加载：45]
[ info ] [ LANG ] /opt/web/hqy/thinkphp/lang/zh-cn.php
[ info ] [ ROUTE ] array (
  'type' => 'module',
  'module' => 
  array (
    0 => 'v1',
    1 => 'system',
    2 => 'addmenu',
  ),
)
[ info ] [ HEADER ] array (
  'cookie' => 'PHPSESSID=dm91vgql2t276o4ov4ll7hecuu',
  'accept-language' => 'zh-CN,zh;q=0.9',
  'accept-encoding' => 'gzip, deflate',
  'accept' => 'text/html,application/xhtml+xml,application/xml;q=0.9,image/webp,image/apng,*/*;q=0.8',
  'user-agent' => 'Mozilla/5.0 (Windows NT 6.1; WOW64) AppleWebKit/537.36 (KHTML, like Gecko) Chrome/65.0.3325.181 Safari/537.36',
  'upgrade-insecure-requests' => '1',
  'connection' => 'keep-alive',
  'host' => 'local.hqy.com',
  'content-type' => '',
  'content-length' => '',
)
[ info ] [ PARAM ] array (
)
[ info ] [ SESSION ] INIT array (
  'id' => '',
  'var_session_id' => '',
  'prefix' => 'think',
  'type' => '',
  'auto_start' => true,
)
[ info ] [ RUN ] app\v1\controller\system->addmenu[ /opt/web/hqy/application/v1/controller/System.php ]
[ info ] [ VIEW ] /opt/web/hqy/public/../application/v1/view/system/addmenu.html [ array (
  0 => 'site',
  1 => 'config',
  2 => 'request',
  3 => 'userInfo',
  4 => 'adaptive',
) ]
[ info ] [ LOG ] INIT File
---------------------------------------------------------------
[ 2019-08-26T09:30:34+08:00 ] 172.26.2.167 GET local.hqy.com/static/assets/components/bootstrap-select/css/bootstrap-select.css.map
[运行时间：0.159173s] [吞吐率：6.28req/s] [内存消耗：1,023.59kb] [文件加载：36]
[ info ] [ LANG ] /opt/web/hqy/thinkphp/lang/zh-cn.php
[ info ] [ ROUTE ] array (
  'type' => 'module',
  'module' => 
  array (
    0 => 'static',
    1 => 'assets',
    2 => 'components',
  ),
)
[ info ] [ HEADER ] array (
  'cookie' => 'PHPSESSID=dm91vgql2t276o4ov4ll7hecuu',
  'accept-language' => 'zh-CN,zh;q=0.9',
  'accept-encoding' => 'gzip, deflate',
  'user-agent' => 'Mozilla/5.0 (Linux; Android 6.0; Nexus 5 Build/MRA58N) AppleWebKit/537.36 (KHTML, like Gecko) Chrome/65.0.3325.181 Mobile Safari/537.36',
  'connection' => 'keep-alive',
  'host' => 'local.hqy.com',
  'content-type' => '',
  'content-length' => '',
)
[ info ] [ PARAM ] array (
  'select' => 'css',
)
[ info ] [ LOG ] INIT File
---------------------------------------------------------------
[ 2019-08-26T09:34:22+08:00 ] 172.26.2.167 GET local.hqy.com/v1/system/addmenu.html?title=&password=
[运行时间：0.228983s] [吞吐率：4.37req/s] [内存消耗：1,426.73kb] [文件加载：45]
[ info ] [ LANG ] /opt/web/hqy/thinkphp/lang/zh-cn.php
[ info ] [ ROUTE ] array (
  'type' => 'module',
  'module' => 
  array (
    0 => 'v1',
    1 => 'system',
    2 => 'addmenu',
  ),
)
[ info ] [ HEADER ] array (
  'cookie' => 'PHPSESSID=dm91vgql2t276o4ov4ll7hecuu',
  'accept-language' => 'zh-CN,zh;q=0.9',
  'accept-encoding' => 'gzip, deflate',
  'referer' => 'http://local.hqy.com/v1/system/addmenu.html',
  'accept' => 'text/html,application/xhtml+xml,application/xml;q=0.9,image/webp,image/apng,*/*;q=0.8',
  'user-agent' => 'Mozilla/5.0 (Windows NT 6.1; WOW64) AppleWebKit/537.36 (KHTML, like Gecko) Chrome/65.0.3325.181 Safari/537.36',
  'upgrade-insecure-requests' => '1',
  'connection' => 'keep-alive',
  'host' => 'local.hqy.com',
  'content-type' => '',
  'content-length' => '',
)
[ info ] [ PARAM ] array (
  'title' => '',
  'password' => '',
)
[ info ] [ SESSION ] INIT array (
  'id' => '',
  'var_session_id' => '',
  'prefix' => 'think',
  'type' => '',
  'auto_start' => true,
)
[ info ] [ RUN ] app\v1\controller\system->addmenu[ /opt/web/hqy/application/v1/controller/System.php ]
[ info ] [ VIEW ] /opt/web/hqy/public/../application/v1/view/system/addmenu.html [ array (
  0 => 'site',
  1 => 'config',
  2 => 'request',
  3 => 'userInfo',
  4 => 'adaptive',
) ]
[ info ] [ LOG ] INIT File
---------------------------------------------------------------
[ 2019-08-26T09:34:22+08:00 ] 172.26.2.167 GET local.hqy.com/static/assets/components/bootstrap-select/css/bootstrap-select.css.map
[运行时间：0.192024s] [吞吐率：5.21req/s] [内存消耗：1,023.53kb] [文件加载：36]
[ info ] [ LANG ] /opt/web/hqy/thinkphp/lang/zh-cn.php
[ info ] [ ROUTE ] array (
  'type' => 'module',
  'module' => 
  array (
    0 => 'static',
    1 => 'assets',
    2 => 'components',
  ),
)
[ info ] [ HEADER ] array (
  'cookie' => 'PHPSESSID=dm91vgql2t276o4ov4ll7hecuu',
  'accept-language' => 'zh-CN,zh;q=0.9',
  'accept-encoding' => 'gzip, deflate',
  'user-agent' => 'Mozilla/5.0 (Windows NT 6.1; WOW64) AppleWebKit/537.36 (KHTML, like Gecko) Chrome/65.0.3325.181 Safari/537.36',
  'connection' => 'keep-alive',
  'host' => 'local.hqy.com',
  'content-type' => '',
  'content-length' => '',
)
[ info ] [ PARAM ] array (
  'select' => 'css',
)
[ info ] [ LOG ] INIT File
---------------------------------------------------------------
[ 2019-08-26T15:02:53+08:00 ] 172.26.2.167 GET local.hqy.com/
[运行时间：0.461464s] [吞吐率：2.17req/s] [内存消耗：1,618.24kb] [文件加载：49]
[ info ] [ LANG ] /opt/web/hqy/thinkphp/lang/zh-cn.php
[ info ] [ ROUTE ] array (
  'type' => 'module',
  'module' => 
  array (
    0 => '',
    1 => NULL,
    2 => NULL,
  ),
)
[ info ] [ HEADER ] array (
  'cookie' => 'PHPSESSID=dm91vgql2t276o4ov4ll7hecuu',
  'accept-language' => 'zh-CN,zh;q=0.9',
  'accept-encoding' => 'gzip, deflate',
  'accept' => 'text/html,application/xhtml+xml,application/xml;q=0.9,image/webp,image/apng,*/*;q=0.8',
  'user-agent' => 'Mozilla/5.0 (Windows NT 6.1; WOW64) AppleWebKit/537.36 (KHTML, like Gecko) Chrome/65.0.3325.181 Safari/537.36',
  'upgrade-insecure-requests' => '1',
  'connection' => 'keep-alive',
  'host' => 'local.hqy.com',
  'content-type' => '',
  'content-length' => '',
)
[ info ] [ PARAM ] array (
)
[ info ] [ SESSION ] INIT array (
  'id' => '',
  'var_session_id' => '',
  'prefix' => 'think',
  'type' => '',
  'auto_start' => true,
)
[ info ] [ RUN ] app\v1\controller\Index->index[ /opt/web/hqy/application/v1/controller/Index.php ]
[ info ] [ CACHE ] INIT redis
[ info ] [ VIEW ] /opt/web/hqy/public/../application/v1/view/index/index.html [ array (
  0 => 'site',
  1 => 'config',
  2 => 'request',
  3 => 'userInfo',
  4 => 'adaptive',
) ]
[ info ] [ LOG ] INIT File
---------------------------------------------------------------
[ 2019-08-26T15:03:02+08:00 ] 172.26.2.167 GET local.hqy.com/v1/system/menu.html
[运行时间：1.073210s] [吞吐率：0.93req/s] [内存消耗：3,424.70kb] [文件加载：64]
[ info ] [ LANG ] /opt/web/hqy/thinkphp/lang/zh-cn.php
[ info ] [ ROUTE ] array (
  'type' => 'module',
  'module' => 
  array (
    0 => 'v1',
    1 => 'system',
    2 => 'menu',
  ),
)
[ info ] [ HEADER ] array (
  'cookie' => 'PHPSESSID=dm91vgql2t276o4ov4ll7hecuu',
  'accept-language' => 'zh-CN,zh;q=0.9',
  'accept-encoding' => 'gzip, deflate',
  'referer' => 'http://local.hqy.com/',
  'accept' => 'text/html,application/xhtml+xml,application/xml;q=0.9,image/webp,image/apng,*/*;q=0.8',
  'user-agent' => 'Mozilla/5.0 (Windows NT 6.1; WOW64) AppleWebKit/537.36 (KHTML, like Gecko) Chrome/65.0.3325.181 Safari/537.36',
  'upgrade-insecure-requests' => '1',
  'connection' => 'keep-alive',
  'host' => 'local.hqy.com',
  'content-type' => '',
  'content-length' => '',
)
[ info ] [ PARAM ] array (
)
[ info ] [ SESSION ] INIT array (
  'id' => '',
  'var_session_id' => '',
  'prefix' => 'think',
  'type' => '',
  'auto_start' => true,
)
[ info ] [ RUN ] app\v1\controller\system->menu[ /opt/web/hqy/application/v1/controller/System.php ]
[ info ] [ CACHE ] INIT redis
[ info ] [ DB ] INIT mysql
[ info ] [ VIEW ] /opt/web/hqy/public/../application/v1/view/system/menu.html [ array (
  0 => 'site',
  1 => 'config',
  2 => 'request',
  3 => 'userInfo',
  4 => 'adaptive',
  5 => 'menuList',
  6 => 'status',
  7 => 'type',
  8 => 'data',
  9 => 'page',
) ]
[ info ] [ LOG ] INIT File
[ sql ] [ DB ] CONNECT:[ UseTime:0.104857s ] mysql:host=47.105.48.137;dbname=huiqiyun;charset=utf8
[ sql ] [ SQL ] SHOW COLUMNS FROM `h_menus` [ RunTime:0.077280s ]
[ sql ] [ SQL ] SELECT COUNT(*) AS tp_count FROM `h_menus` WHERE  `status` = 1 LIMIT 1 [ RunTime:0.071208s ]
[ sql ] [ SQL ] SELECT `id`,`type`,`pid`,`title`,`url`,`icon`,`weigh`,`status`,`createtime`,`remark` FROM `h_menus` WHERE  `status` = 1 ORDER BY `weigh` DESC LIMIT 0,20 [ RunTime:0.076019s ]
[ sql ] [ SQL ] SELECT * FROM `h_menus` ORDER BY `weigh` DESC [ RunTime:0.141726s ]
---------------------------------------------------------------
[ 2019-08-26T15:03:02+08:00 ] 172.26.2.167 GET local.hqy.com/static/assets/dist/font/6xK1dSBYKcSV-LCoeQqfX1RYOo3qPZ7nsDI.woff2
[运行时间：0.155558s] [吞吐率：6.43req/s] [内存消耗：1,026.27kb] [文件加载：36]
[ info ] [ LANG ] /opt/web/hqy/thinkphp/lang/zh-cn.php
[ info ] [ ROUTE ] array (
  'type' => 'module',
  'module' => 
  array (
    0 => 'static',
    1 => 'assets',
    2 => 'dist',
  ),
)
[ info ] [ HEADER ] array (
  'cookie' => 'PHPSESSID=dm91vgql2t276o4ov4ll7hecuu',
  'accept-language' => 'zh-CN,zh;q=0.9',
  'accept-encoding' => 'gzip, deflate',
  'referer' => 'http://local.hqy.com/static/assets/dist/css/fontcss.css',
  'accept' => '*/*',
  'user-agent' => 'Mozilla/5.0 (Windows NT 6.1; WOW64) AppleWebKit/537.36 (KHTML, like Gecko) Chrome/65.0.3325.181 Safari/537.36',
  'origin' => 'http://local.hqy.com',
  'connection' => 'keep-alive',
  'host' => 'local.hqy.com',
  'content-type' => '',
  'content-length' => '',
)
[ info ] [ PARAM ] array (
  'font' => '6xK1dSBYKcSV-LCoeQqfX1RYOo3qPZ7nsDI.woff2',
)
[ info ] [ LOG ] INIT File
